#
# A fatal error has been detected by the Java Runtime Environment:
#
#  EXCEPTION_ACCESS_VIOLATION (0xc0000005) at pc=0x00007ff8864926c4, pid=14548, tid=2384
#
# JRE version: OpenJDK Runtime Environment (24.0+36) (build 24+36-3646)
# Java VM: OpenJDK 64-Bit Server VM (24+36-3646, mixed mode, sharing, tiered, compressed oops, compressed class ptrs, g1 gc, windows-amd64)
# Problematic frame:
# C  0x00007ff8864926c4
#
# No core dump will be written. Minidumps are not enabled by default on client versions of Windows
#
# JFR recording file will be written. Location: C:\Users\TIGER\OneDrive\Desktop\SE_Final-Project_Event-Booking-System\hs_err_pid14548.jfr
#
# If you would like to submit a bug report, please visit:
#   https://bugreport.java.com/bugreport/crash.jsp
# The crash happened outside the Java Virtual Machine in native code.
# See problematic frame for where to report the bug.
#

---------------  S U M M A R Y ------------

Command Line: --module-path=C:\Program Files\Java\javafx-sdk-24\lib --add-modules=javafx.controls,javafx.fxml --enable-native-access=javafx.graphics --enable-native-access=ALL-UNNAMED -javaagent:C:\Program Files\JetBrains\IntelliJ IDEA 2025.1\lib\idea_rt.jar=50744 -Dfile.encoding=UTF-8 -Dsun.stdout.encoding=UTF-8 -Dsun.stderr.encoding=UTF-8 edu.westfieldstate.eticketmanager.core.MainApplication

Host: AMD Ryzen 5 5600X 6-Core Processor             , 12 cores, 31G,  Windows 11 , 64 bit Build 26100 (10.0.26100.3775)
Time: Wed Apr 23 19:50:55 2025 Eastern Daylight Time elapsed time: 9.977611 seconds (0d 0h 0m 9s)

---------------  T H R E A D  ---------------

Current thread (0x000002cc7ccaec10):  JavaThread "Attach Listener" daemon [_thread_in_native, id=2384, stack(0x000000ecf3f00000,0x000000ecf4000000) (1024K)]

Stack: [0x000000ecf3f00000,0x000000ecf4000000],  sp=0x000000ecf3ffef40,  free space=1019k
Native frames: (J=compiled Java code, j=interpreted, Vv=VM code, C=native code)
C  0x00007ff8864926c4  (no source info available)
C  0x00007ff886492b9b  (no source info available)
C  0x00007ff8864917f4  (no source info available)
C  0x00007ff88649206a  (no source info available)
C  0x00007ff88648cc21  (no source info available)
C  0x00007ff88647e5e1  (no source info available)
C  0x00007ff88647d2f8  (no source info available)
C  0x00007ff88647d1e0  (no source info available)
C  0x00007ff8864841b9  (no source info available)
V  [jvm.dll+0x57f1b7]  (no source info available)
V  [jvm.dll+0x57ff2c]  (no source info available)
V  [jvm.dll+0x14c9b7]  (no source info available)
V  [jvm.dll+0x14df81]  (no source info available)
V  [jvm.dll+0x42f566]  (no source info available)
V  [jvm.dll+0x87d8fb]  (no source info available)
V  [jvm.dll+0x72efe5]  (no source info available)
C  [ucrtbase.dll+0x37b0]  (no source info available)
C  [KERNEL32.DLL+0x2e8d7]  (no source info available)
C  [ntdll.dll+0xb14fc]  (no source info available)


siginfo: EXCEPTION_ACCESS_VIOLATION (0xc0000005), reading address 0xffffffffffffffff


Registers:
RAX=0x0000000000000010, RBX=0x0000000000000000, RCX=0xffffffffffffffff, RDX=0x007ff847682ff010
RSP=0x000000ecf3ffef40, RBP=0x000002cc662c5d98, RSI=0x000000ecf3fff0b0, RDI=0x000002cc662c5d98
R8 =0x0000000000000042, R9 =0x000000061dc08030, R10=0x00007ff8478f9fc0, R11=0x0000000000000004
R12=0x000000ecf3fff0b0, R13=0x000002cc66366200, R14=0x000002cc7ccaefd8, R15=0x000002cc7ccaefd8
RIP=0x00007ff8864926c4, EFLAGS=0x0000000000010202

XMM[0]=0x0000000000000000 0x0000000000000000
XMM[1]=0x0000000000000000 0x0000000000000000
XMM[2]=0x0000000000000000 0x0000000000000000
XMM[3]=0x0000000000000000 0x0000000000000000
XMM[4]=0x0000000000000000 0x0000000000000000
XMM[5]=0x0000000000000000 0x0000000000000000
XMM[6]=0x0000000000000000 0x0000000000000000
XMM[7]=0x0000000000000000 0x0000000000000000
XMM[8]=0x0000000000000000 0x0000000000000000
XMM[9]=0x0000000000000000 0x0000000000000000
XMM[10]=0x0000000000000000 0x0000000000000000
XMM[11]=0x0000000000000000 0x0000000000000000
XMM[12]=0x0000000000000000 0x0000000000000000
XMM[13]=0x0000000000000000 0x0000000000000000
XMM[14]=0x0000000000000000 0x0000000000000000
XMM[15]=0x0000000000000000 0x0000000000000000
  MXCSR=0x00001fa0


Register to memory mapping:

RAX=0x0000000000000010 is an unknown value
RBX=0x0 is null
RCX=0xffffffffffffffff is an unknown value
RDX=0x007ff847682ff010 is an unknown value
RSP=0x000000ecf3ffef40 is pointing into the stack for thread: 0x000002cc7ccaec10
RBP=0x000002cc662c5d98 points into unknown readable memory: 0x000000061dc08030 | 30 80 c0 1d 06 00 00 00
RSI=0x000000ecf3fff0b0 is pointing into the stack for thread: 0x000002cc7ccaec10
RDI=0x000002cc662c5d98 points into unknown readable memory: 0x000000061dc08030 | 30 80 c0 1d 06 00 00 00
R8 =0x0000000000000042 is an unknown value
R9 =0x000000061dc08030 is an oop: java.lang.Thread 
{0x000000061dc08030} - klass: 'java/lang/Thread' - flags: 

 - ---- fields (total size 14 words):
 - 'threadLocalRandomProbe' 'I' @12  0 (0x00000000)
 - private volatile 'eetop' 'J' @16  3077246863120 (0x000002cc7a34c710)
 - private final 'tid' 'J' @24  3 (0x0000000000000003)
 - 'threadLocalRandomSeed' 'J' @32  0 (0x0000000000000000)
 - injected 'jvmti_thread_state' 'J' @40  3076905318416 (0x000002cc65d93810)
 - 'threadLocalRandomSecondarySeed' 'I' @48  0 (0x00000000)
 - injected 'jvmti_VTMS_transition_disable_count' 'I' @52  0 (0x00000000)
 - injected 'jfr_epoch' 'S' @56  0 (0x0000)
 - volatile 'interrupted' 'Z' @58  false (0x00)
 - injected 'jvmti_is_in_VTMS_transition' 'Z' @59  false (0x00)
 - private volatile 'name' 'Ljava/lang/String;' @60  "main"{0x000000061df581b8} (0xc3beb037)
 - private volatile 'contextClassLoader' 'Ljava/lang/ClassLoader;' @64  a 'jdk/internal/loader/ClassLoaders$AppClassLoader'{0x000000061dc480c8} (0xc3b89019)
 - private final 'holder' 'Ljava/lang/Thread$FieldHolder;' @68  a 'java/lang/Thread$FieldHolder'{0x000000061df581e8} (0xc3beb03d)
 - 'threadLocals' 'Ljava/lang/ThreadLocal$ThreadLocalMap;' @72  a 'java/lang/ThreadLocal$ThreadLocalMap'{0x000000061df58210} (0xc3beb042)
 - 'inheritableThreadLocals' 'Ljava/lang/ThreadLocal$ThreadLocalMap;' @76  null (0x00000000)
 - private 'scopedValueBindings' 'Ljava/lang/Object;' @80  a 'java/lang/Class'{0x00000007ffc7c280} = 'java/lang/Thread' (0xfff8f850)
 - final 'interruptLock' 'Ljava/lang/Object;' @84  a 'java/lang/Object'{0x000000061df58438} (0xc3beb087)
 - private volatile 'parkBlocker' 'Ljava/lang/Object;' @88  a 'java/util/concurrent/CountDownLatch$Sync'{0x000000061dc08010} (0xc3b81002)
 - private 'nioBlocker' 'Lsun/nio/ch/Interruptible;' @92  null (0x00000000)
 - private 'cont' 'Ljdk/internal/vm/Continuation;' @96  null (0x00000000)
 - private volatile 'uncaughtExceptionHandler' 'Ljava/lang/Thread$UncaughtExceptionHandler;' @100  null (0x00000000)
 - private 'container' 'Ljdk/internal/vm/ThreadContainer;' @104  null (0x00000000)
 - private volatile 'headStackableScopes' 'Ljdk/internal/vm/StackableScope;' @108  null (0x00000000)
R10=0x00007ff8478f9fc0 jvm.dll
R11=0x0000000000000004 is an unknown value
R12=0x000000ecf3fff0b0 is pointing into the stack for thread: 0x000002cc7ccaec10
R13=0x000002cc66366200 points into unknown readable memory: 0x00007ff84786a510 | 10 a5 86 47 f8 7f 00 00
R14=0x000002cc7ccaefd8 points into unknown readable memory: 0x00007ff8478617b0 | b0 17 86 47 f8 7f 00 00
R15=0x000002cc7ccaefd8 points into unknown readable memory: 0x00007ff8478617b0 | b0 17 86 47 f8 7f 00 00

Top of Stack: (sp=0x000000ecf3ffef40)
0x000000ecf3ffef40:   000000ecf3fff0b0 000002cc662c5d98   .........],f....
0x000000ecf3ffef50:   0000000000000000 000002cc7ccb1290   ...........|....
0x000000ecf3ffef60:   0000000000000051 00007ff886492b9b   Q........+I.....
0x000000ecf3ffef70:   0000000000000000 000002cc7ccaefd8   ...........|....
0x000000ecf3ffef80:   000000ecf3fff001 0000000000000000   ................
0x000000ecf3ffef90:   000002cc65b43550 00007ff8864917f4   P5.e......I.....
0x000000ecf3ffefa0:   0000000000000000 0000000000000051   ........Q.......
0x000000ecf3ffefb0:   0000000000000000 0000000000000051   ........Q.......
0x000000ecf3ffefc0:   000000156d1f2bb8 000002cc66449490   .+.m......Df....
0x000000ecf3ffefd0:   000002cc65b43550 000002cc65b43694   P5.e.....6.e....
0x000000ecf3ffefe0:   000002cc65b436c8 0000000000001268   .6.e....h.......
0x000000ecf3ffeff0:   0000000000000000 0000000000000000   ................
0x000000ecf3fff000:   0000000000000000 00007ff8470c58e4   .........X.G....
0x000000ecf3fff010:   00007ff8865d4ca0 00000000000038d4   .L]......8......
0x000000ecf3fff020:   00007ff8865d4ca0 00000000ffffffff   .L].............
0x000000ecf3fff030:   0000000000000000 00007ff88649206a   ........j I.....
0x000000ecf3fff040:   000002cc7ccaefd8 0000000000000000   ...|............
0x000000ecf3fff050:   000000ecf3fff0b9 000002cc66366200   .........b6f....
0x000000ecf3fff060:   0000000000000004 0000000000000048   ........H.......
0x000000ecf3fff070:   0000000800800310 0000000000000020   ........ .......
0x000000ecf3fff080:   000002cc7ccaefd8 00007ff8865d4ca0   ...|.....L].....
0x000000ecf3fff090:   000002cc7cbd6860 000002cc65d93810   `h.|.....8.e....
0x000000ecf3fff0a0:   0000000800800390 000002cc7ccaefd8   ...........|....
0x000000ecf3fff0b0:   000002cc75906530 000002cc75906f50   0e.u....Po.u....
0x000000ecf3fff0c0:   000002cc75906f50 00007ff8865d4ca0   Po.u.....L].....
0x000000ecf3fff0d0:   000002cc6d1f2bb8 000000ecf3fff248   .+.m....H.......
0x000000ecf3fff0e0:   000000ecf3fff380 0000000000008840   ........@.......
0x000000ecf3fff0f0:   000000ecf3fff560 00007ff8865d4cf0   `........L].....
0x000000ecf3fff100:   0000000000989680 0000000000989680   ................
0x000000ecf3fff110:   000000ecf3fff220 00007ff88648cc21    .......!.H.....
0x000000ecf3fff120:   00007ff8865d4ca0 00007ff8865d4cf8   .L]......L].....
0x000000ecf3fff130:   00007ff800000000 00007ff800000001   ................

Instructions: (pc=0x00007ff8864926c4)
  0x00007ff8864925c4:   cc cc cc cc cc cc cc cc cc cc cc cc cc cc cc cc
  0x00007ff8864925d4:   cc cc cc cc cc cc cc cc cc cc cc cc cc cc cc cc
  0x00007ff8864925e4:   cc cc cc cc cc cc cc cc cc cc cc cc cc cc cc cc
  0x00007ff8864925f4:   cc cc cc cc cc cc cc cc cc cc cc cc cc cc cc cc
  0x00007ff886492604:   cc cc cc cc cc cc cc cc cc cc cc cc cc cc cc cc
  0x00007ff886492614:   cc cc cc cc cc cc cc cc cc cc cc cc cc cc cc cc
  0x00007ff886492624:   cc cc cc cc cc cc cc cc cc cc cc cc cc cc cc cc
  0x00007ff886492634:   cc cc cc cc cc cc cc cc cc cc cc cc cc cc cc cc
  0x00007ff886492644:   cc cc cc cc cc cc cc cc cc cc cc cc 40 57 48 83
  0x00007ff886492654:   ec 20 48 8b f9 48 8b 0d 10 28 14 00 48 85 c9 74
  0x00007ff886492664:   20 48 8b 01 48 8d 54 24 38 41 b8 06 00 01 00 4c
  0x00007ff886492674:   8b 48 30 41 ff d1 85 c0 75 07 48 8b 4c 24 38 eb
  0x00007ff886492684:   02 33 c9 4c 8b 05 ea 28 14 00 48 89 5c 24 30 4d
  0x00007ff886492694:   85 c0 74 4a 48 8b 01 48 8b d7 4c 8b 88 28 03 00
  0x00007ff8864926a4:   00 41 ff d1 48 85 c0 74 35 48 63 0d f8 e6 13 00
  0x00007ff8864926b4:   48 8b 14 01 48 85 d2 74 15 48 63 05 fc e6 13 00
=>0x00007ff8864926c4:   8b 04 10 48 8b 5c 24 30 48 83 c4 20 5f c3 b8 ff
  0x00007ff8864926d4:   ff ff ff 48 8b 5c 24 30 48 83 c4 20 5f c3 80 3d
  0x00007ff8864926e4:   9b 27 14 00 00 bb ff ff ff ff 74 20 4c 8b 0d 31
  0x00007ff8864926f4:   24 14 00 4c 8d 44 24 38 48 8b 0d 15 24 14 00 48
  0x00007ff886492704:   8b d7 41 ff d1 85 c0 0f 44 5c 24 38 8b c3 48 8b
  0x00007ff886492714:   5c 24 30 48 83 c4 20 5f c3 cc cc cc cc cc cc cc
  0x00007ff886492724:   cc cc cc cc cc cc cc cc cc cc cc cc cc cc cc cc
  0x00007ff886492734:   cc cc cc cc cc cc cc cc cc cc cc cc cc cc cc cc
  0x00007ff886492744:   cc cc cc cc cc cc cc cc cc cc cc cc 48 89 54 24
  0x00007ff886492754:   10 53 55 56 57 41 56 41 57 48 83 ec 28 48 8b f2
  0x00007ff886492764:   4c 8b f1 48 89 4c 24 78 45 33 ff 44 89 7c 24 68
  0x00007ff886492774:   c7 44 24 60 01 00 00 00 48 8d 4c 24 68 e8 ed 42
  0x00007ff886492784:   f7 ff 8b d8 48 8d 4c 24 60 e8 e1 42 f7 ff 8b e8
  0x00007ff886492794:   49 8b ce e8 00 fc f6 ff 48 8b f8 90 8b c3 f0 0f
  0x00007ff8864927a4:   b1 2f 74 04 f3 90 eb f4 4c 89 3e 4c 89 7e 08 4c
  0x00007ff8864927b4:   89 7e 10 49 8b 6e 08 4d 8b 76 10 49 3b ee 0f 84


Stack slot to memory mapping:

stack at sp + 0 slots: 0x000000ecf3fff0b0 is pointing into the stack for thread: 0x000002cc7ccaec10
stack at sp + 1 slots: 0x000002cc662c5d98 points into unknown readable memory: 0x000000061dc08030 | 30 80 c0 1d 06 00 00 00
stack at sp + 2 slots: 0x0 is null
stack at sp + 3 slots: 0x000002cc7ccb1290 points into unknown readable memory: 0x6e616c2e6176616a | 6a 61 76 61 2e 6c 61 6e
stack at sp + 4 slots: 0x0000000000000051 is an unknown value
stack at sp + 5 slots: 0x00007ff886492b9b points into unknown readable memory: 44 8b d8 83 f8
stack at sp + 6 slots: 0x0 is null
stack at sp + 7 slots: 0x000002cc7ccaefd8 points into unknown readable memory: 0x00007ff8478617b0 | b0 17 86 47 f8 7f 00 00

Lock stack of current Java thread (top to bottom):


---------------  P R O C E S S  ---------------

Threads class SMR info:
_java_thread_list=0x000002cc658f35c0, length=27, elements={
0x000002cc7a34c710, 0x000002cc7cca75d0, 0x000002cc7ccaa890, 0x000002cc7ccadd70,
0x000002cc7ccaec10, 0x000002cc7ccb0200, 0x000002cc7ccaf360, 0x000002cc7ccc3520,
0x000002cc7ccc7e00, 0x000002cc7ccafab0, 0x000002cc7ccae4c0, 0x000002cc7ccaced0,
0x000002cc7ccad620, 0x000002cc6568d390, 0x000002cc6568a060, 0x000002cc6568dae0,
0x000002cc6568a7b0, 0x000002cc6568e230, 0x000002cc6568af00, 0x000002cc6568bda0,
0x000002cc6568cc40, 0x000002cc6568ff70, 0x000002cc6d2729d0, 0x000002cc6504f430,
0x000002cc6508c720, 0x000002cc6508a9e0, 0x000002cc75885be0
}

Java Threads: ( => current thread )
  0x000002cc7a34c710 JavaThread "main"                              [_thread_blocked, id=16480, stack(0x000000ecf3400000,0x000000ecf3500000) (1024K)]
  0x000002cc7cca75d0 JavaThread "Reference Handler"          daemon [_thread_blocked, id=10128, stack(0x000000ecf3c00000,0x000000ecf3d00000) (1024K)]
  0x000002cc7ccaa890 JavaThread "Finalizer"                  daemon [_thread_blocked, id=10840, stack(0x000000ecf3d00000,0x000000ecf3e00000) (1024K)]
  0x000002cc7ccadd70 JavaThread "Signal Dispatcher"          daemon [_thread_blocked, id=5292, stack(0x000000ecf3e00000,0x000000ecf3f00000) (1024K)]
=>0x000002cc7ccaec10 JavaThread "Attach Listener"            daemon [_thread_in_native, id=2384, stack(0x000000ecf3f00000,0x000000ecf4000000) (1024K)]
  0x000002cc7ccb0200 JavaThread "Service Thread"             daemon [_thread_blocked, id=2732, stack(0x000000ecf4000000,0x000000ecf4100000) (1024K)]
  0x000002cc7ccaf360 JavaThread "Monitor Deflation Thread"   daemon [_thread_blocked, id=7192, stack(0x000000ecf4100000,0x000000ecf4200000) (1024K)]
  0x000002cc7ccc3520 JavaThread "C2 CompilerThread0"         daemon [_thread_blocked, id=5408, stack(0x000000ecf4200000,0x000000ecf4300000) (1024K)]
  0x000002cc7ccc7e00 JavaThread "C1 CompilerThread0"         daemon [_thread_blocked, id=8748, stack(0x000000ecf4300000,0x000000ecf4400000) (1024K)]
  0x000002cc7ccafab0 JavaThread "Common-Cleaner"             daemon [_thread_blocked, id=19056, stack(0x000000ecf4400000,0x000000ecf4500000) (1024K)]
  0x000002cc7ccae4c0 JavaThread "Monitor Ctrl-Break"         daemon [_thread_in_native, id=18132, stack(0x000000ecf4700000,0x000000ecf4800000) (1024K)]
  0x000002cc7ccaced0 JavaThread "Notification Thread"        daemon [_thread_blocked, id=1692, stack(0x000000ecf4800000,0x000000ecf4900000) (1024K)]
  0x000002cc7ccad620 JavaThread "QuantumRenderer-0"          daemon [_thread_blocked, id=1500, stack(0x000000ecf4900000,0x000000ecf4a00000) (1024K)]
  0x000002cc6568d390 JavaThread "RMI TCP Accept-0"           daemon [_thread_in_native, id=12752, stack(0x000000ecf4b00000,0x000000ecf4c00000) (1024K)]
  0x000002cc6568a060 JavaThread "RMI TCP Connection(1)-134.241.149.166" daemon [_thread_in_native, id=15060, stack(0x000000ecf4c00000,0x000000ecf4d00000) (1024K)]
  0x000002cc6568dae0 JavaThread "RMI Scheduler(0)"           daemon [_thread_blocked, id=12400, stack(0x000000ecf4d00000,0x000000ecf4e00000) (1024K)]
  0x000002cc6568a7b0 JavaThread "JMX server connection timeout 32" daemon [_thread_blocked, id=17016, stack(0x000000ecf4f00000,0x000000ecf5000000) (1024K)]
  0x000002cc6568e230 JavaThread "InvokeLaterDispatcher"      daemon [_thread_blocked, id=9296, stack(0x000000ecf4e00000,0x000000ecf4f00000) (1024K)]
  0x000002cc6568af00 JavaThread "JavaFX Application Thread"         [_thread_in_native, id=10072, stack(0x000000ecf5000000,0x000000ecf5100000) (1024K)]
  0x000002cc6568bda0 JavaThread "JavaFX-Launcher"                   [_thread_blocked, id=1092, stack(0x000000ecf5720000,0x000000ecf5820000) (1024K)]
  0x000002cc6568cc40 JavaThread "Thread-2"                   daemon [_thread_in_native, id=9516, stack(0x000000ecf4600000,0x000000ecf4700000) (1024K)]
  0x000002cc6568ff70 JavaThread "Prism Font Disposer"        daemon [_thread_blocked, id=18384, stack(0x000000ecf6220000,0x000000ecf6320000) (1024K)]
  0x000002cc6d2729d0 JavaThread "Cleaner-0"                  daemon [_thread_blocked, id=10084, stack(0x000000ecf6320000,0x000000ecf6420000) (1024K)]
  0x000002cc6504f430 JavaThread "C2 CompilerThread1"         daemon [_thread_blocked, id=4328, stack(0x000000ecf5820000,0x000000ecf5920000) (1024K)]
  0x000002cc6508c720 JavaThread "JFR Recorder Thread"        daemon [_thread_in_native, id=2004, stack(0x000000ecf6430000,0x000000ecf6530000) (1024K)]
  0x000002cc6508a9e0 JavaThread "JFR Periodic Tasks"         daemon [_thread_blocked, id=10652, stack(0x000000ecf6530000,0x000000ecf6630000) (1024K)]
  0x000002cc75885be0 JavaThread "C2 CompilerThread2"         daemon [_thread_blocked, id=4712, stack(0x000000ecf6630000,0x000000ecf6730000) (1024K)]
Total: 27

Other Threads:
  0x000002cc7cc96f00 VMThread "VM Thread"                           [id=8716, stack(0x000000ecf3b00000,0x000000ecf3c00000) (1024K)]
  0x000002cc7cbde150 WatcherThread "VM Periodic Task Thread"        [id=17308, stack(0x000000ecf3a00000,0x000000ecf3b00000) (1024K)]
  0x000002cc7cb2fe90 WorkerThread "GC Thread#0"                     [id=7428, stack(0x000000ecf3500000,0x000000ecf3600000) (1024K)]
  0x000002cc660e02b0 WorkerThread "GC Thread#1"                     [id=14564, stack(0x000000ecf5920000,0x000000ecf5a20000) (1024K)]
  0x000002cc660e0660 WorkerThread "GC Thread#2"                     [id=14164, stack(0x000000ecf5a20000,0x000000ecf5b20000) (1024K)]
  0x000002cc660e0a10 WorkerThread "GC Thread#3"                     [id=4368, stack(0x000000ecf5b20000,0x000000ecf5c20000) (1024K)]
  0x000002cc660e0dc0 WorkerThread "GC Thread#4"                     [id=3712, stack(0x000000ecf5c20000,0x000000ecf5d20000) (1024K)]
  0x000002cc66143e80 WorkerThread "GC Thread#5"                     [id=18388, stack(0x000000ecf5d20000,0x000000ecf5e20000) (1024K)]
  0x000002cc661475d0 WorkerThread "GC Thread#6"                     [id=17852, stack(0x000000ecf5e20000,0x000000ecf5f20000) (1024K)]
  0x000002cc66147980 WorkerThread "GC Thread#7"                     [id=16496, stack(0x000000ecf5f20000,0x000000ecf6020000) (1024K)]
  0x000002cc66144230 WorkerThread "GC Thread#8"                     [id=3836, stack(0x000000ecf6020000,0x000000ecf6120000) (1024K)]
  0x000002cc66146e70 WorkerThread "GC Thread#9"                     [id=5908, stack(0x000000ecf6120000,0x000000ecf6220000) (1024K)]
  0x000002cc7a3ccf20 ConcurrentGCThread "G1 Main Marker"            [id=5040, stack(0x000000ecf3600000,0x000000ecf3700000) (1024K)]
  0x000002cc7a3ce0e0 WorkerThread "G1 Conc#0"                       [id=5936, stack(0x000000ecf3700000,0x000000ecf3800000) (1024K)]
  0x000002cc7cbd34a0 ConcurrentGCThread "G1 Refine#0"               [id=18080, stack(0x000000ecf3800000,0x000000ecf3900000) (1024K)]
  0x000002cc7cbd4ce0 ConcurrentGCThread "G1 Service"                [id=5184, stack(0x000000ecf3900000,0x000000ecf3a00000) (1024K)]
Total: 16

Threads with active compile tasks:
Total: 0

VM state: not at safepoint (normal execution)

VM Mutex/Monitor currently owned by a thread: None

Heap address: 0x0000000601000000, size: 8176 MB, Compressed Oops mode: Zero based, Oop shift amount: 3

CDS archive(s) mapped at: [0x000002cc20000000-0x000002cc20d40000-0x000002cc20d40000), size 13893632, SharedBaseAddress: 0x000002cc20000000, ArchiveRelocationMode: 1.
Compressed class space mapped at: 0x000002cc21000000-0x000002cc61000000, reserved size: 1073741824
UseCompressedClassPointers 1, UseCompactObjectHeaders 0
Narrow klass pointer bits 32, Max shift 3
Narrow klass base: 0x000002cc20000000, Narrow klass shift: 0
Encoding Range: [0x000002cc20000000 - 0x000002cd20000000), (4294967296 bytes)
Klass Range:    [0x000002cc20000000 - 0x000002cc61000000), (1090519040 bytes)
Klass ID Range:  [8 - 1090519033) (1090519025)

GC Precious Log:
 CardTable entry size: 512
 Card Set container configuration: InlinePtr #cards 4 size 8 Array Of Cards #cards 32 size 80 Howl #buckets 8 coarsen threshold 7372 Howl Bitmap #cards 1024 size 144 coarsen threshold 921 Card regions per heap region 1 cards per card region 8192
 CPUs: 12 total, 12 available
 Memory: 32694M
 Large Page Support: Disabled
 NUMA Support: Disabled
 Compressed Oops: Enabled (Zero based)
 Heap Region Size: 4M
 Heap Min Capacity: 8M
 Heap Initial Capacity: 512M
 Heap Max Capacity: 8176M
 Pre-touch: Disabled
 Parallel Workers: 10
 Concurrent Workers: 3
 Concurrent Refinement Workers: 10
 Periodic GC: Disabled

Heap:
 garbage-first heap   total reserved 8372224K, committed 528384K, used 67675K [0x0000000601000000, 0x0000000800000000)
  region size 4096K, 18 young (73728K), 2 survivors (8192K)
 Metaspace       used 19810K, committed 20160K, reserved 1114112K
  class space    used 2392K, committed 2560K, reserved 1048576K

Heap Regions: E=young(eden), S=young(survivor), O=old, HS=humongous(starts), HC=humongous(continues), CS=collection set, F=free, TAMS=top-at-mark-start, PB=parsable bottom
|   0|0x0000000601000000, 0x0000000601000000, 0x0000000601400000|  0%| F|  |TAMS 0x0000000601000000| PB 0x0000000601000000| Untracked |  0
|   1|0x0000000601400000, 0x0000000601400000, 0x0000000601800000|  0%| F|  |TAMS 0x0000000601400000| PB 0x0000000601400000| Untracked |  0
|   2|0x0000000601800000, 0x0000000601800000, 0x0000000601c00000|  0%| F|  |TAMS 0x0000000601800000| PB 0x0000000601800000| Untracked |  0
|   3|0x0000000601c00000, 0x0000000601c00000, 0x0000000602000000|  0%| F|  |TAMS 0x0000000601c00000| PB 0x0000000601c00000| Untracked |  0
|   4|0x0000000602000000, 0x0000000602000000, 0x0000000602400000|  0%| F|  |TAMS 0x0000000602000000| PB 0x0000000602000000| Untracked |  0
|   5|0x0000000602400000, 0x0000000602400000, 0x0000000602800000|  0%| F|  |TAMS 0x0000000602400000| PB 0x0000000602400000| Untracked |  0
|   6|0x0000000602800000, 0x0000000602800000, 0x0000000602c00000|  0%| F|  |TAMS 0x0000000602800000| PB 0x0000000602800000| Untracked |  0
|   7|0x0000000602c00000, 0x0000000602c00000, 0x0000000603000000|  0%| F|  |TAMS 0x0000000602c00000| PB 0x0000000602c00000| Untracked |  0
|   8|0x0000000603000000, 0x0000000603000000, 0x0000000603400000|  0%| F|  |TAMS 0x0000000603000000| PB 0x0000000603000000| Untracked |  0
|   9|0x0000000603400000, 0x0000000603400000, 0x0000000603800000|  0%| F|  |TAMS 0x0000000603400000| PB 0x0000000603400000| Untracked |  0
|  10|0x0000000603800000, 0x0000000603800000, 0x0000000603c00000|  0%| F|  |TAMS 0x0000000603800000| PB 0x0000000603800000| Untracked |  0
|  11|0x0000000603c00000, 0x0000000603c00000, 0x0000000604000000|  0%| F|  |TAMS 0x0000000603c00000| PB 0x0000000603c00000| Untracked |  0
|  12|0x0000000604000000, 0x0000000604000000, 0x0000000604400000|  0%| F|  |TAMS 0x0000000604000000| PB 0x0000000604000000| Untracked |  0
|  13|0x0000000604400000, 0x0000000604400000, 0x0000000604800000|  0%| F|  |TAMS 0x0000000604400000| PB 0x0000000604400000| Untracked |  0
|  14|0x0000000604800000, 0x0000000604800000, 0x0000000604c00000|  0%| F|  |TAMS 0x0000000604800000| PB 0x0000000604800000| Untracked |  0
|  15|0x0000000604c00000, 0x0000000604c00000, 0x0000000605000000|  0%| F|  |TAMS 0x0000000604c00000| PB 0x0000000604c00000| Untracked |  0
|  16|0x0000000605000000, 0x0000000605000000, 0x0000000605400000|  0%| F|  |TAMS 0x0000000605000000| PB 0x0000000605000000| Untracked |  0
|  17|0x0000000605400000, 0x0000000605400000, 0x0000000605800000|  0%| F|  |TAMS 0x0000000605400000| PB 0x0000000605400000| Untracked |  0
|  18|0x0000000605800000, 0x0000000605800000, 0x0000000605c00000|  0%| F|  |TAMS 0x0000000605800000| PB 0x0000000605800000| Untracked |  0
|  19|0x0000000605c00000, 0x0000000605c00000, 0x0000000606000000|  0%| F|  |TAMS 0x0000000605c00000| PB 0x0000000605c00000| Untracked |  0
|  20|0x0000000606000000, 0x0000000606000000, 0x0000000606400000|  0%| F|  |TAMS 0x0000000606000000| PB 0x0000000606000000| Untracked |  0
|  21|0x0000000606400000, 0x0000000606400000, 0x0000000606800000|  0%| F|  |TAMS 0x0000000606400000| PB 0x0000000606400000| Untracked |  0
|  22|0x0000000606800000, 0x0000000606800000, 0x0000000606c00000|  0%| F|  |TAMS 0x0000000606800000| PB 0x0000000606800000| Untracked |  0
|  23|0x0000000606c00000, 0x0000000606c00000, 0x0000000607000000|  0%| F|  |TAMS 0x0000000606c00000| PB 0x0000000606c00000| Untracked |  0
|  24|0x0000000607000000, 0x0000000607000000, 0x0000000607400000|  0%| F|  |TAMS 0x0000000607000000| PB 0x0000000607000000| Untracked |  0
|  25|0x0000000607400000, 0x0000000607400000, 0x0000000607800000|  0%| F|  |TAMS 0x0000000607400000| PB 0x0000000607400000| Untracked |  0
|  26|0x0000000607800000, 0x0000000607800000, 0x0000000607c00000|  0%| F|  |TAMS 0x0000000607800000| PB 0x0000000607800000| Untracked |  0
|  27|0x0000000607c00000, 0x0000000607c00000, 0x0000000608000000|  0%| F|  |TAMS 0x0000000607c00000| PB 0x0000000607c00000| Untracked |  0
|  28|0x0000000608000000, 0x0000000608000000, 0x0000000608400000|  0%| F|  |TAMS 0x0000000608000000| PB 0x0000000608000000| Untracked |  0
|  29|0x0000000608400000, 0x0000000608400000, 0x0000000608800000|  0%| F|  |TAMS 0x0000000608400000| PB 0x0000000608400000| Untracked |  0
|  30|0x0000000608800000, 0x0000000608800000, 0x0000000608c00000|  0%| F|  |TAMS 0x0000000608800000| PB 0x0000000608800000| Untracked |  0
|  31|0x0000000608c00000, 0x0000000608c00000, 0x0000000609000000|  0%| F|  |TAMS 0x0000000608c00000| PB 0x0000000608c00000| Untracked |  0
|  32|0x0000000609000000, 0x0000000609000000, 0x0000000609400000|  0%| F|  |TAMS 0x0000000609000000| PB 0x0000000609000000| Untracked |  0
|  33|0x0000000609400000, 0x0000000609400000, 0x0000000609800000|  0%| F|  |TAMS 0x0000000609400000| PB 0x0000000609400000| Untracked |  0
|  34|0x0000000609800000, 0x0000000609800000, 0x0000000609c00000|  0%| F|  |TAMS 0x0000000609800000| PB 0x0000000609800000| Untracked |  0
|  35|0x0000000609c00000, 0x0000000609c00000, 0x000000060a000000|  0%| F|  |TAMS 0x0000000609c00000| PB 0x0000000609c00000| Untracked |  0
|  36|0x000000060a000000, 0x000000060a000000, 0x000000060a400000|  0%| F|  |TAMS 0x000000060a000000| PB 0x000000060a000000| Untracked |  0
|  37|0x000000060a400000, 0x000000060a400000, 0x000000060a800000|  0%| F|  |TAMS 0x000000060a400000| PB 0x000000060a400000| Untracked |  0
|  38|0x000000060a800000, 0x000000060a800000, 0x000000060ac00000|  0%| F|  |TAMS 0x000000060a800000| PB 0x000000060a800000| Untracked |  0
|  39|0x000000060ac00000, 0x000000060ac00000, 0x000000060b000000|  0%| F|  |TAMS 0x000000060ac00000| PB 0x000000060ac00000| Untracked |  0
|  40|0x000000060b000000, 0x000000060b000000, 0x000000060b400000|  0%| F|  |TAMS 0x000000060b000000| PB 0x000000060b000000| Untracked |  0
|  41|0x000000060b400000, 0x000000060b400000, 0x000000060b800000|  0%| F|  |TAMS 0x000000060b400000| PB 0x000000060b400000| Untracked |  0
|  42|0x000000060b800000, 0x000000060b800000, 0x000000060bc00000|  0%| F|  |TAMS 0x000000060b800000| PB 0x000000060b800000| Untracked |  0
|  43|0x000000060bc00000, 0x000000060bc00000, 0x000000060c000000|  0%| F|  |TAMS 0x000000060bc00000| PB 0x000000060bc00000| Untracked |  0
|  44|0x000000060c000000, 0x000000060c000000, 0x000000060c400000|  0%| F|  |TAMS 0x000000060c000000| PB 0x000000060c000000| Untracked |  0
|  45|0x000000060c400000, 0x000000060c400000, 0x000000060c800000|  0%| F|  |TAMS 0x000000060c400000| PB 0x000000060c400000| Untracked |  0
|  46|0x000000060c800000, 0x000000060c800000, 0x000000060cc00000|  0%| F|  |TAMS 0x000000060c800000| PB 0x000000060c800000| Untracked |  0
|  47|0x000000060cc00000, 0x000000060cc00000, 0x000000060d000000|  0%| F|  |TAMS 0x000000060cc00000| PB 0x000000060cc00000| Untracked |  0
|  48|0x000000060d000000, 0x000000060d000000, 0x000000060d400000|  0%| F|  |TAMS 0x000000060d000000| PB 0x000000060d000000| Untracked |  0
|  49|0x000000060d400000, 0x000000060d400000, 0x000000060d800000|  0%| F|  |TAMS 0x000000060d400000| PB 0x000000060d400000| Untracked |  0
|  50|0x000000060d800000, 0x000000060d800000, 0x000000060dc00000|  0%| F|  |TAMS 0x000000060d800000| PB 0x000000060d800000| Untracked |  0
|  51|0x000000060dc00000, 0x000000060dc00000, 0x000000060e000000|  0%| F|  |TAMS 0x000000060dc00000| PB 0x000000060dc00000| Untracked |  0
|  52|0x000000060e000000, 0x000000060e000000, 0x000000060e400000|  0%| F|  |TAMS 0x000000060e000000| PB 0x000000060e000000| Untracked |  0
|  53|0x000000060e400000, 0x000000060e400000, 0x000000060e800000|  0%| F|  |TAMS 0x000000060e400000| PB 0x000000060e400000| Untracked |  0
|  54|0x000000060e800000, 0x000000060e800000, 0x000000060ec00000|  0%| F|  |TAMS 0x000000060e800000| PB 0x000000060e800000| Untracked |  0
|  55|0x000000060ec00000, 0x000000060ec00000, 0x000000060f000000|  0%| F|  |TAMS 0x000000060ec00000| PB 0x000000060ec00000| Untracked |  0
|  56|0x000000060f000000, 0x000000060f000000, 0x000000060f400000|  0%| F|  |TAMS 0x000000060f000000| PB 0x000000060f000000| Untracked |  0
|  57|0x000000060f400000, 0x000000060f400000, 0x000000060f800000|  0%| F|  |TAMS 0x000000060f400000| PB 0x000000060f400000| Untracked |  0
|  58|0x000000060f800000, 0x000000060f800000, 0x000000060fc00000|  0%| F|  |TAMS 0x000000060f800000| PB 0x000000060f800000| Untracked |  0
|  59|0x000000060fc00000, 0x000000060fc00000, 0x0000000610000000|  0%| F|  |TAMS 0x000000060fc00000| PB 0x000000060fc00000| Untracked |  0
|  60|0x0000000610000000, 0x0000000610000000, 0x0000000610400000|  0%| F|  |TAMS 0x0000000610000000| PB 0x0000000610000000| Untracked |  0
|  61|0x0000000610400000, 0x0000000610400000, 0x0000000610800000|  0%| F|  |TAMS 0x0000000610400000| PB 0x0000000610400000| Untracked |  0
|  62|0x0000000610800000, 0x0000000610800000, 0x0000000610c00000|  0%| F|  |TAMS 0x0000000610800000| PB 0x0000000610800000| Untracked |  0
|  63|0x0000000610c00000, 0x0000000610c00000, 0x0000000611000000|  0%| F|  |TAMS 0x0000000610c00000| PB 0x0000000610c00000| Untracked |  0
|  64|0x0000000611000000, 0x0000000611000000, 0x0000000611400000|  0%| F|  |TAMS 0x0000000611000000| PB 0x0000000611000000| Untracked |  0
|  65|0x0000000611400000, 0x0000000611400000, 0x0000000611800000|  0%| F|  |TAMS 0x0000000611400000| PB 0x0000000611400000| Untracked |  0
|  66|0x0000000611800000, 0x0000000611800000, 0x0000000611c00000|  0%| F|  |TAMS 0x0000000611800000| PB 0x0000000611800000| Untracked |  0
|  67|0x0000000611c00000, 0x0000000611c00000, 0x0000000612000000|  0%| F|  |TAMS 0x0000000611c00000| PB 0x0000000611c00000| Untracked |  0
|  68|0x0000000612000000, 0x0000000612000000, 0x0000000612400000|  0%| F|  |TAMS 0x0000000612000000| PB 0x0000000612000000| Untracked |  0
|  69|0x0000000612400000, 0x0000000612400000, 0x0000000612800000|  0%| F|  |TAMS 0x0000000612400000| PB 0x0000000612400000| Untracked |  0
|  70|0x0000000612800000, 0x0000000612800000, 0x0000000612c00000|  0%| F|  |TAMS 0x0000000612800000| PB 0x0000000612800000| Untracked |  0
|  71|0x0000000612c00000, 0x0000000612c00000, 0x0000000613000000|  0%| F|  |TAMS 0x0000000612c00000| PB 0x0000000612c00000| Untracked |  0
|  72|0x0000000613000000, 0x0000000613000000, 0x0000000613400000|  0%| F|  |TAMS 0x0000000613000000| PB 0x0000000613000000| Untracked |  0
|  73|0x0000000613400000, 0x0000000613400000, 0x0000000613800000|  0%| F|  |TAMS 0x0000000613400000| PB 0x0000000613400000| Untracked |  0
|  74|0x0000000613800000, 0x0000000613800000, 0x0000000613c00000|  0%| F|  |TAMS 0x0000000613800000| PB 0x0000000613800000| Untracked |  0
|  75|0x0000000613c00000, 0x0000000613c00000, 0x0000000614000000|  0%| F|  |TAMS 0x0000000613c00000| PB 0x0000000613c00000| Untracked |  0
|  76|0x0000000614000000, 0x0000000614000000, 0x0000000614400000|  0%| F|  |TAMS 0x0000000614000000| PB 0x0000000614000000| Untracked |  0
|  77|0x0000000614400000, 0x0000000614400000, 0x0000000614800000|  0%| F|  |TAMS 0x0000000614400000| PB 0x0000000614400000| Untracked |  0
|  78|0x0000000614800000, 0x0000000614800000, 0x0000000614c00000|  0%| F|  |TAMS 0x0000000614800000| PB 0x0000000614800000| Untracked |  0
|  79|0x0000000614c00000, 0x0000000614c00000, 0x0000000615000000|  0%| F|  |TAMS 0x0000000614c00000| PB 0x0000000614c00000| Untracked |  0
|  80|0x0000000615000000, 0x0000000615000000, 0x0000000615400000|  0%| F|  |TAMS 0x0000000615000000| PB 0x0000000615000000| Untracked |  0
|  81|0x0000000615400000, 0x0000000615400000, 0x0000000615800000|  0%| F|  |TAMS 0x0000000615400000| PB 0x0000000615400000| Untracked |  0
|  82|0x0000000615800000, 0x0000000615800000, 0x0000000615c00000|  0%| F|  |TAMS 0x0000000615800000| PB 0x0000000615800000| Untracked |  0
|  83|0x0000000615c00000, 0x0000000615c00000, 0x0000000616000000|  0%| F|  |TAMS 0x0000000615c00000| PB 0x0000000615c00000| Untracked |  0
|  84|0x0000000616000000, 0x0000000616000000, 0x0000000616400000|  0%| F|  |TAMS 0x0000000616000000| PB 0x0000000616000000| Untracked |  0
|  85|0x0000000616400000, 0x0000000616400000, 0x0000000616800000|  0%| F|  |TAMS 0x0000000616400000| PB 0x0000000616400000| Untracked |  0
|  86|0x0000000616800000, 0x0000000616800000, 0x0000000616c00000|  0%| F|  |TAMS 0x0000000616800000| PB 0x0000000616800000| Untracked |  0
|  87|0x0000000616c00000, 0x0000000616c00000, 0x0000000617000000|  0%| F|  |TAMS 0x0000000616c00000| PB 0x0000000616c00000| Untracked |  0
|  88|0x0000000617000000, 0x0000000617000000, 0x0000000617400000|  0%| F|  |TAMS 0x0000000617000000| PB 0x0000000617000000| Untracked |  0
|  89|0x0000000617400000, 0x0000000617400000, 0x0000000617800000|  0%| F|  |TAMS 0x0000000617400000| PB 0x0000000617400000| Untracked |  0
|  90|0x0000000617800000, 0x0000000617800000, 0x0000000617c00000|  0%| F|  |TAMS 0x0000000617800000| PB 0x0000000617800000| Untracked |  0
|  91|0x0000000617c00000, 0x0000000617c00000, 0x0000000618000000|  0%| F|  |TAMS 0x0000000617c00000| PB 0x0000000617c00000| Untracked |  0
|  92|0x0000000618000000, 0x0000000618000000, 0x0000000618400000|  0%| F|  |TAMS 0x0000000618000000| PB 0x0000000618000000| Untracked |  0
|  93|0x0000000618400000, 0x0000000618400000, 0x0000000618800000|  0%| F|  |TAMS 0x0000000618400000| PB 0x0000000618400000| Untracked |  0
|  94|0x0000000618800000, 0x0000000618800000, 0x0000000618c00000|  0%| F|  |TAMS 0x0000000618800000| PB 0x0000000618800000| Untracked |  0
|  95|0x0000000618c00000, 0x0000000618c00000, 0x0000000619000000|  0%| F|  |TAMS 0x0000000618c00000| PB 0x0000000618c00000| Untracked |  0
|  96|0x0000000619000000, 0x0000000619000000, 0x0000000619400000|  0%| F|  |TAMS 0x0000000619000000| PB 0x0000000619000000| Untracked |  0
|  97|0x0000000619400000, 0x0000000619400000, 0x0000000619800000|  0%| F|  |TAMS 0x0000000619400000| PB 0x0000000619400000| Untracked |  0
|  98|0x0000000619800000, 0x0000000619800000, 0x0000000619c00000|  0%| F|  |TAMS 0x0000000619800000| PB 0x0000000619800000| Untracked |  0
|  99|0x0000000619c00000, 0x0000000619c00000, 0x000000061a000000|  0%| F|  |TAMS 0x0000000619c00000| PB 0x0000000619c00000| Untracked |  0
| 100|0x000000061a000000, 0x000000061a000000, 0x000000061a400000|  0%| F|  |TAMS 0x000000061a000000| PB 0x000000061a000000| Untracked |  0
| 101|0x000000061a400000, 0x000000061a400000, 0x000000061a800000|  0%| F|  |TAMS 0x000000061a400000| PB 0x000000061a400000| Untracked |  0
| 102|0x000000061a800000, 0x000000061a800000, 0x000000061ac00000|  0%| F|  |TAMS 0x000000061a800000| PB 0x000000061a800000| Untracked |  0
| 103|0x000000061ac00000, 0x000000061ac00000, 0x000000061b000000|  0%| F|  |TAMS 0x000000061ac00000| PB 0x000000061ac00000| Untracked |  0
| 104|0x000000061b000000, 0x000000061b000000, 0x000000061b400000|  0%| F|  |TAMS 0x000000061b000000| PB 0x000000061b000000| Untracked |  0
| 105|0x000000061b400000, 0x000000061b400000, 0x000000061b800000|  0%| F|  |TAMS 0x000000061b400000| PB 0x000000061b400000| Untracked |  0
| 106|0x000000061b800000, 0x000000061b800000, 0x000000061bc00000|  0%| F|  |TAMS 0x000000061b800000| PB 0x000000061b800000| Untracked |  0
| 107|0x000000061bc00000, 0x000000061bc00000, 0x000000061c000000|  0%| F|  |TAMS 0x000000061bc00000| PB 0x000000061bc00000| Untracked |  0
| 108|0x000000061c000000, 0x000000061c000000, 0x000000061c400000|  0%| F|  |TAMS 0x000000061c000000| PB 0x000000061c000000| Untracked |  0
| 109|0x000000061c400000, 0x000000061c400000, 0x000000061c800000|  0%| F|  |TAMS 0x000000061c400000| PB 0x000000061c400000| Untracked |  0
| 110|0x000000061c800000, 0x000000061caef6d0, 0x000000061cc00000| 73%| E|  |TAMS 0x000000061c800000| PB 0x000000061c800000| Complete |  0
| 111|0x000000061cc00000, 0x000000061d000000, 0x000000061d000000|100%| E|CS|TAMS 0x000000061cc00000| PB 0x000000061cc00000| Complete |  0
| 112|0x000000061d000000, 0x000000061d400000, 0x000000061d400000|100%| E|CS|TAMS 0x000000061d000000| PB 0x000000061d000000| Complete |  0
| 113|0x000000061d400000, 0x000000061d800000, 0x000000061d800000|100%| E|CS|TAMS 0x000000061d400000| PB 0x000000061d400000| Complete |  0
| 114|0x000000061d800000, 0x000000061d8fab10, 0x000000061dc00000| 24%| S|CS|TAMS 0x000000061d800000| PB 0x000000061d800000| Complete |  0
| 115|0x000000061dc00000, 0x000000061e000000, 0x000000061e000000|100%| S|CS|TAMS 0x000000061dc00000| PB 0x000000061dc00000| Complete |  0
| 116|0x000000061e000000, 0x000000061e400000, 0x000000061e400000|100%| E|CS|TAMS 0x000000061e000000| PB 0x000000061e000000| Complete |  0
| 117|0x000000061e400000, 0x000000061e800000, 0x000000061e800000|100%| E|CS|TAMS 0x000000061e400000| PB 0x000000061e400000| Complete |  0
| 118|0x000000061e800000, 0x000000061ec00000, 0x000000061ec00000|100%| E|CS|TAMS 0x000000061e800000| PB 0x000000061e800000| Complete |  1
| 119|0x000000061ec00000, 0x000000061f000000, 0x000000061f000000|100%| E|CS|TAMS 0x000000061ec00000| PB 0x000000061ec00000| Complete |  0
| 120|0x000000061f000000, 0x000000061f400000, 0x000000061f400000|100%| E|CS|TAMS 0x000000061f000000| PB 0x000000061f000000| Complete |  0
| 121|0x000000061f400000, 0x000000061f800000, 0x000000061f800000|100%| E|CS|TAMS 0x000000061f400000| PB 0x000000061f400000| Complete |  0
| 122|0x000000061f800000, 0x000000061fc00000, 0x000000061fc00000|100%| E|CS|TAMS 0x000000061f800000| PB 0x000000061f800000| Complete |  0
| 123|0x000000061fc00000, 0x0000000620000000, 0x0000000620000000|100%| E|CS|TAMS 0x000000061fc00000| PB 0x000000061fc00000| Complete |  0
| 124|0x0000000620000000, 0x0000000620400000, 0x0000000620400000|100%| E|CS|TAMS 0x0000000620000000| PB 0x0000000620000000| Complete |  0
| 125|0x0000000620400000, 0x0000000620800000, 0x0000000620800000|100%| E|CS|TAMS 0x0000000620400000| PB 0x0000000620400000| Complete |  0
| 126|0x0000000620800000, 0x0000000620c00000, 0x0000000620c00000|100%| E|CS|TAMS 0x0000000620800000| PB 0x0000000620800000| Complete |  0
| 127|0x0000000620c00000, 0x0000000621000000, 0x0000000621000000|100%| E|CS|TAMS 0x0000000620c00000| PB 0x0000000620c00000| Complete |  0
|2043|0x00000007ffc00000, 0x00000007ffd1c348, 0x0000000800000000| 27%| O|  |TAMS 0x00000007ffc00000| PB 0x00000007ffc00000| Untracked |  0

Card table byte_map: [0x000002cc7ba60000,0x000002cc7ca60000] _byte_map_base: 0x000002cc78a58000

Marking Bits: (CMBitMap*) 0x000002cc7cb304b0
 Bits: [0x000002cc177e0000, 0x000002cc1f7a0000)

Polling page: 0x000002cc79b00000

Metaspace:

Usage:
  Non-class:     17.01 MB used.
      Class:      2.34 MB used.
       Both:     19.35 MB used.

Virtual space:
  Non-class space:       64.00 MB reserved,      17.19 MB ( 27%) committed,  1 nodes.
      Class space:        1.00 GB reserved,       2.50 MB ( <1%) committed,  1 nodes.
             Both:        1.06 GB reserved,      19.69 MB (  2%) committed. 

Chunk freelists:
   Non-Class:  14.76 MB
       Class:  13.55 MB
        Both:  28.31 MB

MaxMetaspaceSize: unlimited
CompressedClassSpaceSize: 1.00 GB
Initial GC threshold: 21.00 MB
Current GC threshold: 21.00 MB
CDS: on
 - commit_granule_bytes: 65536.
 - commit_granule_words: 8192.
 - virtual_space_node_default_size: 8388608.
 - enlarge_chunks_in_place: 1.
UseCompressedClassPointers 1, UseCompactObjectHeaders 0
Narrow klass pointer bits 32, Max shift 3
Narrow klass base: 0x000002cc20000000, Narrow klass shift: 0
Encoding Range: [0x000002cc20000000 - 0x000002cd20000000), (4294967296 bytes)
Klass Range:    [0x000002cc20000000 - 0x000002cc61000000), (1090519040 bytes)
Klass ID Range:  [8 - 1090519033) (1090519025)


Internal statistics:

num_allocs_failed_limit: 0.
num_arena_births: 274.
num_arena_deaths: 0.
num_vsnodes_births: 2.
num_vsnodes_deaths: 0.
num_space_committed: 315.
num_space_uncommitted: 0.
num_chunks_returned_to_freelist: 0.
num_chunks_taken_from_freelist: 753.
num_chunk_merges: 0.
num_chunk_splits: 526.
num_chunks_enlarged: 415.
num_inconsistent_stats: 0.

CodeHeap 'non-profiled nmethods': size=120064Kb used=1542Kb max_used=1542Kb free=118521Kb
 bounds [0x000002cc102a0000, 0x000002cc10510000, 0x000002cc177e0000]
CodeHeap 'profiled nmethods': size=120000Kb used=7387Kb max_used=7387Kb free=112612Kb
 bounds [0x000002cc087e0000, 0x000002cc08f20000, 0x000002cc0fd10000]
CodeHeap 'non-nmethods': size=5696Kb used=1672Kb max_used=1720Kb free=4023Kb
 bounds [0x000002cc0fd10000, 0x000002cc0ff80000, 0x000002cc102a0000]
CodeCache: size=245760Kb, used=10601Kb, max_used=10649Kb, free=235156Kb
 total_blobs=5187, nmethods=4347, adapters=745, full_count=0
Compilation: enabled, stopped_count=0, restarted_count=0

Compilation events (20 events):
Event: 9.920 Thread 0x000002cc7ccc7e00 nmethod 4333 0x000002cc1041a988 code [0x000002cc1041aa80, 0x000002cc1041ab48]
Event: 9.920 Thread 0x000002cc7ccc7e00 4334       1       jdk.jfr.internal.EventControl::getNamedControls (5 bytes)
Event: 9.920 Thread 0x000002cc7ccc7e00 nmethod 4334 0x000002cc1041ac88 code [0x000002cc1041ad80, 0x000002cc1041ae48]
Event: 9.920 Thread 0x000002cc75885be0 nmethod 4310 0x000002cc1041af88 code [0x000002cc1041b0c0, 0x000002cc1041b5b8]
Event: 9.920 Thread 0x000002cc75885be0 4318       4       java.util.LinkedHashMap::get (29 bytes)
Event: 9.921 Thread 0x000002cc7ccc3520 nmethod 4311 0x000002cc1041b608 code [0x000002cc1041b760, 0x000002cc1041bf40]
Event: 9.921 Thread 0x000002cc7ccc3520 4313       4       java.lang.Integer::valueOf (32 bytes)
Event: 9.922 Thread 0x000002cc7ccc3520 nmethod 4313 0x000002cc1041bf88 code [0x000002cc1041c080, 0x000002cc1041c170]
Event: 9.922 Thread 0x000002cc7ccc3520 4312       4       jdk.jfr.internal.MetadataWriter::writeInt (148 bytes)
Event: 9.922 Thread 0x000002cc75885be0 nmethod 4318 0x000002cc1041c288 code [0x000002cc1041c3c0, 0x000002cc1041c700]
Event: 9.924 Thread 0x000002cc7ccc3520 nmethod 4312 0x000002cc1041c788 code [0x000002cc1041c960, 0x000002cc1041d398]
Event: 9.930 Thread 0x000002cc7ccc7e00 4336       1       jdk.jfr.internal.periodic.EventTask::getEventType (5 bytes)
Event: 9.930 Thread 0x000002cc7ccc7e00 nmethod 4336 0x000002cc1041d408 code [0x000002cc1041d500, 0x000002cc1041d5c8]
Event: 9.930 Thread 0x000002cc7ccc7e00 4337       1       jdk.jfr.internal.periodic.PeriodicTask::getPeriod (5 bytes)
Event: 9.930 Thread 0x000002cc7ccc7e00 nmethod 4337 0x000002cc1041d708 code [0x000002cc1041d800, 0x000002cc1041d8c8]
Event: 9.930 Thread 0x000002cc7ccc7e00 4338       3       java.util.Comparator$$Lambda/0x000002cc21266330::compare (10 bytes)
Event: 9.930 Thread 0x000002cc7ccc7e00 nmethod 4338 0x000002cc08f13e08 code [0x000002cc08f13f60, 0x000002cc08f143d8]
Event: 9.930 Thread 0x000002cc7ccc7e00 4339       3       java.util.Comparator::lambda$comparingLong$6043328a$1 (18 bytes)
Event: 9.930 Thread 0x000002cc7ccc7e00 nmethod 4339 0x000002cc08f14408 code [0x000002cc08f14560, 0x000002cc08f14940]
Event: 9.942 Thread 0x000002cc6504f430 nmethod 4300 0x000002cc1041da08 code [0x000002cc1041dec0, 0x000002cc10421888]

GC Heap History (2 events):
Event: 0.578 GC heap before
{Heap before GC invocations=0 (full 0):
 garbage-first heap   total reserved 8372224K, committed 528384K, used 50288K [0x0000000601000000, 0x0000000800000000)
  region size 4096K, 12 young (49152K), 0 survivors (0K)
 Metaspace       used 10475K, committed 10688K, reserved 1114112K
  class space    used 1051K, committed 1152K, reserved 1048576K
}
Event: 0.581 GC heap after
{Heap after GC invocations=1 (full 0):
 garbage-first heap   total reserved 8372224K, committed 528384K, used 6235K [0x0000000601000000, 0x0000000800000000)
  region size 4096K, 2 young (8192K), 2 survivors (8192K)
 Metaspace       used 10475K, committed 10688K, reserved 1114112K
  class space    used 1051K, committed 1152K, reserved 1048576K
}

Dll operation events (20 events):
Event: 0.208 Loaded shared library C:\Program Files\Java\javafx-sdk-24\bin\api-ms-win-crt-locale-l1-1-0.dll
Event: 0.210 Loaded shared library C:\Program Files\Java\javafx-sdk-24\bin\api-ms-win-crt-math-l1-1-0.dll
Event: 0.212 Loaded shared library C:\Program Files\Java\javafx-sdk-24\bin\api-ms-win-crt-multibyte-l1-1-0.dll
Event: 0.214 Loaded shared library C:\Program Files\Java\javafx-sdk-24\bin\api-ms-win-crt-private-l1-1-0.dll
Event: 0.215 Loaded shared library C:\Program Files\Java\javafx-sdk-24\bin\api-ms-win-crt-process-l1-1-0.dll
Event: 0.217 Loaded shared library C:\Program Files\Java\javafx-sdk-24\bin\api-ms-win-crt-runtime-l1-1-0.dll
Event: 0.218 Loaded shared library C:\Program Files\Java\javafx-sdk-24\bin\api-ms-win-crt-stdio-l1-1-0.dll
Event: 0.220 Loaded shared library C:\Program Files\Java\javafx-sdk-24\bin\api-ms-win-crt-string-l1-1-0.dll
Event: 0.222 Loaded shared library C:\Program Files\Java\javafx-sdk-24\bin\api-ms-win-crt-time-l1-1-0.dll
Event: 0.223 Loaded shared library C:\Program Files\Java\javafx-sdk-24\bin\api-ms-win-crt-utility-l1-1-0.dll
Event: 0.225 Loaded shared library C:\Program Files\Java\javafx-sdk-24\bin\ucrtbase.dll
Event: 0.227 Loaded shared library C:\Program Files\Java\javafx-sdk-24\bin\vcruntime140.dll
Event: 0.228 Loaded shared library C:\Program Files\Java\javafx-sdk-24\bin\vcruntime140_1.dll
Event: 0.230 Loaded shared library C:\Program Files\Java\javafx-sdk-24\bin\msvcp140.dll
Event: 0.231 Loaded shared library C:\Program Files\Java\javafx-sdk-24\bin\msvcp140_1.dll
Event: 0.232 Loaded shared library C:\Program Files\Java\javafx-sdk-24\bin\msvcp140_2.dll
Event: 0.255 Loaded shared library C:\Program Files\Java\javafx-sdk-24\bin\prism_d3d.dll
Event: 0.369 Loaded shared library C:\Program Files\Java\javafx-sdk-24\bin\glass.dll
Event: 0.704 Loaded shared library C:\Program Files\Java\javafx-sdk-24\bin\javafx_font.dll
Event: 9.804 Loaded shared library C:\Users\TIGER\AppData\Local\Temp\idea_libasyncProfiler_dll_temp_folder\libasyncProfiler.dll

Deoptimization events (20 events):
Event: 9.881 Thread 0x000002cc7ccaec10 Uncommon trap: trap_request=0xffffffde fr.pc=0x000002cc10409790 relative=0x0000000000000070
Event: 9.881 Thread 0x000002cc7ccaec10 Uncommon trap: reason=class_check action=maybe_recompile pc=0x000002cc10409790 method=jdk.jfr.FlightRecorderPermission$InternalAccess.getType(Ljava/lang/Object;)Ljdk/jfr/internal/Type; @ 18 c2
Event: 9.881 Thread 0x000002cc7ccaec10 DEOPT PACKING pc=0x000002cc10409790 sp=0x000000ecf3ffe4a0
Event: 9.881 Thread 0x000002cc7ccaec10 DEOPT UNPACKING pc=0x000002cc0fe25802 sp=0x000000ecf3ffe438 mode 2
Event: 9.881 Thread 0x000002cc7ccaec10 Uncommon trap: trap_request=0xffffffde fr.pc=0x000002cc10409790 relative=0x0000000000000070
Event: 9.881 Thread 0x000002cc7ccaec10 Uncommon trap: reason=class_check action=maybe_recompile pc=0x000002cc10409790 method=jdk.jfr.FlightRecorderPermission$InternalAccess.getType(Ljava/lang/Object;)Ljdk/jfr/internal/Type; @ 18 c2
Event: 9.881 Thread 0x000002cc7ccaec10 DEOPT PACKING pc=0x000002cc10409790 sp=0x000000ecf3ffe4a0
Event: 9.881 Thread 0x000002cc7ccaec10 DEOPT UNPACKING pc=0x000002cc0fe25802 sp=0x000000ecf3ffe438 mode 2
Event: 9.882 Thread 0x000002cc7ccaec10 Uncommon trap: trap_request=0xffffffde fr.pc=0x000002cc10409790 relative=0x0000000000000070
Event: 9.882 Thread 0x000002cc7ccaec10 Uncommon trap: reason=class_check action=maybe_recompile pc=0x000002cc10409790 method=jdk.jfr.FlightRecorderPermission$InternalAccess.getType(Ljava/lang/Object;)Ljdk/jfr/internal/Type; @ 18 c2
Event: 9.882 Thread 0x000002cc7ccaec10 DEOPT PACKING pc=0x000002cc10409790 sp=0x000000ecf3ffe4a0
Event: 9.882 Thread 0x000002cc7ccaec10 DEOPT UNPACKING pc=0x000002cc0fe25802 sp=0x000000ecf3ffe438 mode 2
Event: 9.893 Thread 0x000002cc7ccaec10 DEOPT PACKING pc=0x000002cc08b1ea79 sp=0x000000ecf3ffe420
Event: 9.893 Thread 0x000002cc7ccaec10 DEOPT UNPACKING pc=0x000002cc0fd65722 sp=0x000000ecf3ffd870 mode 0
Event: 9.912 Thread 0x000002cc7ccaec10 Uncommon trap: trap_request=0xffffff4d fr.pc=0x000002cc104175e4 relative=0x0000000000000064
Event: 9.912 Thread 0x000002cc7ccaec10 Uncommon trap: reason=unstable_if action=reinterpret pc=0x000002cc104175e4 method=java.io.ByteArrayOutputStream.ensureCapacity(I)V @ 11 c2
Event: 9.912 Thread 0x000002cc7ccaec10 DEOPT PACKING pc=0x000002cc104175e4 sp=0x000000ecf3ffe600
Event: 9.912 Thread 0x000002cc7ccaec10 DEOPT UNPACKING pc=0x000002cc0fe25802 sp=0x000000ecf3ffe580 mode 2
Event: 9.918 Thread 0x000002cc7ccaec10 DEOPT PACKING pc=0x000002cc08b1ea79 sp=0x000000ecf3ffe6a0
Event: 9.918 Thread 0x000002cc7ccaec10 DEOPT UNPACKING pc=0x000002cc0fd65722 sp=0x000000ecf3ffdaf0 mode 0

Classes loaded (20 events):
Event: 9.906 Loading class jdk/jfr/internal/MetadataWriter
Event: 9.906 Loading class jdk/jfr/internal/MetadataWriter done
Event: 9.906 Loading class jdk/jfr/internal/MetadataDescriptor$Element
Event: 9.906 Loading class jdk/jfr/internal/MetadataDescriptor$Element done
Event: 9.907 Loading class jdk/jfr/internal/MetadataDescriptor$Attribute
Event: 9.907 Loading class jdk/jfr/internal/MetadataDescriptor$Attribute done
Event: 9.910 Loading class jdk/jfr/internal/consumer/StringParser$Encoding
Event: 9.911 Loading class jdk/jfr/internal/consumer/StringParser$Encoding done
Event: 9.915 Loading class jdk/jfr/internal/consumer/RepositoryFiles
Event: 9.915 Loading class jdk/jfr/internal/consumer/RepositoryFiles done
Event: 9.917 Loading class jdk/jfr/internal/SettingsManager$InternalSetting
Event: 9.917 Loading class jdk/jfr/internal/SettingsManager$InternalSetting done
Event: 9.918 Loading class jdk/jfr/internal/util/Rate
Event: 9.918 Loading class jdk/jfr/internal/util/Rate done
Event: 9.918 Loading class jdk/jfr/internal/util/TimespanUnit
Event: 9.918 Loading class jdk/jfr/internal/util/TimespanUnit done
Event: 9.919 Loading class jdk/jfr/internal/util/ValueParser
Event: 9.919 Loading class jdk/jfr/internal/util/ValueParser done
Event: 9.920 Loading class jdk/jfr/internal/periodic/PeriodicType
Event: 9.920 Loading class jdk/jfr/internal/periodic/PeriodicType done

Classes unloaded (0 events):
No events

Classes redefined (0 events):
No events

Internal exceptions (20 events):
Event: 0.841 Thread 0x000002cc6568af00 Exception <a 'java/lang/IncompatibleClassChangeError'{0x000000061f5ce998}: Found class java.lang.Object, but interface was expected> (0x000000061f5ce998) 
thrown [s\open\src\hotspot\share\interpreter\linkResolver.cpp, line 872]
Event: 0.861 Thread 0x000002cc6568af00 Exception <a 'java/lang/ClassNotFoundException'{0x000000061f0aac38}: com/sun/javafx/scene/control/skin/resources/controls> (0x000000061f0aac38) 
thrown [s\open\src\hotspot\share\prims\jni.cpp, line 536]
Event: 0.862 Thread 0x000002cc6568af00 Exception <a 'java/lang/ClassNotFoundException'{0x000000061f0b7ff0}: com/sun/javafx/scene/control/skin/resources/controls_en> (0x000000061f0b7ff0) 
thrown [s\open\src\hotspot\share\prims\jni.cpp, line 536]
Event: 0.862 Thread 0x000002cc6568af00 Exception <a 'java/lang/ClassNotFoundException'{0x000000061f0b91c8}: com/sun/javafx/scene/control/skin/resources/controls_en_US> (0x000000061f0b91c8) 
thrown [s\open\src\hotspot\share\prims\jni.cpp, line 536]
Event: 0.886 Thread 0x000002cc6568af00 Exception <a 'java/lang/NoSuchMethodError'{0x000000061ec73c90}: 'void java.lang.invoke.DirectMethodHandle$Holder.invokeSpecial(java.lang.Object, java.lang.Object, java.lang.Object, java.lang.Object, java.lang.Object, java.lang.Object)'> (0x000000061ec73c90) 
thrown [s\open\src\hotspot\share\interpreter\linkResolver.cpp, line 805]
Event: 0.928 Thread 0x000002cc6568af00 Exception <a 'java/lang/NoSuchMethodError'{0x000000061e9dcd90}: 'int java.lang.invoke.DirectMethodHandle$Holder.invokeSpecial(java.lang.Object, java.lang.Object, int)'> (0x000000061e9dcd90) 
thrown [s\open\src\hotspot\share\interpreter\linkResolver.cpp, line 805]
Event: 0.929 Thread 0x000002cc6568af00 Exception <a 'java/lang/NoSuchMethodError'{0x000000061e9fc230}: 'java.lang.Object java.lang.invoke.DirectMethodHandle$Holder.invokeStatic(java.lang.Object, java.lang.Object, java.lang.Object, java.lang.Object, int)'> (0x000000061e9fc230) 
thrown [s\open\src\hotspot\share\interpreter\linkResolver.cpp, line 805]
Event: 0.937 Thread 0x000002cc6568af00 Exception <a 'java/lang/NoSuchMethodError'{0x000000061ea74228}: 'java.lang.Object java.lang.invoke.DirectMethodHandle$Holder.newInvokeSpecial(java.lang.Object, java.lang.Object, int)'> (0x000000061ea74228) 
thrown [s\open\src\hotspot\share\interpreter\linkResolver.cpp, line 805]
Event: 0.962 Thread 0x000002cc7ccad620 Exception <a 'java/lang/NoSuchMethodError'{0x000000061e418498}: 'int java.lang.invoke.DirectMethodHandle$Holder.invokeStaticInit(java.lang.Object, java.lang.Object)'> (0x000000061e418498) 
thrown [s\open\src\hotspot\share\interpreter\linkResolver.cpp, line 805]
Event: 0.975 Thread 0x000002cc6568af00 Exception <a 'java/lang/NoSuchMethodError'{0x000000061e5543f8}: 'long java.lang.invoke.DirectMethodHandle$Holder.invokeStatic(java.lang.Object, java.lang.Object, java.lang.Object)'> (0x000000061e5543f8) 
thrown [s\open\src\hotspot\share\interpreter\linkResolver.cpp, line 805]
Event: 0.975 Thread 0x000002cc6568af00 Exception <a 'java/lang/NoSuchMethodError'{0x000000061e55c258}: 'long java.lang.invoke.DirectMethodHandle$Holder.invokeStaticInit(java.lang.Object, java.lang.Object, java.lang.Object)'> (0x000000061e55c258) 
thrown [s\open\src\hotspot\share\interpreter\linkResolver.cpp, line 805]
Event: 9.662 Thread 0x000002cc6568af00 Exception <a 'java/lang/NoSuchMethodError'{0x000000061d6c5e10}: 'void java.lang.invoke.DirectMethodHandle$Holder.invokeVirtual(java.lang.Object, java.lang.Object)'> (0x000000061d6c5e10) 
thrown [s\open\src\hotspot\share\interpreter\linkResolver.cpp, line 805]
Event: 9.832 Thread 0x000002cc7ccaec10 Exception <a 'java/lang/NoSuchMethodError'{0x000000061d073b20}: 'java.lang.Object java.lang.invoke.DirectMethodHandle$Holder.invokeStatic(java.lang.Object, int, java.lang.Object)'> (0x000000061d073b20) 
thrown [s\open\src\hotspot\share\interpreter\linkResolver.cpp, line 805]
Event: 9.858 Thread 0x000002cc7ccaec10 Exception <a 'java/lang/NoSuchMethodError'{0x000000061d29ea88}: 'int java.lang.invoke.DirectMethodHandle$Holder.invokeStatic(java.lang.Object, java.lang.Object, java.lang.Object, java.lang.Object)'> (0x000000061d29ea88) 
thrown [s\open\src\hotspot\share\interpreter\linkResolver.cpp, line 805]
Event: 9.898 Thread 0x000002cc7ccaec10 Exception <a 'java/lang/NoSuchMethodError'{0x000000061ce99970}: 'void java.lang.invoke.DirectMethodHandle$Holder.invokeSpecial(java.lang.Object, java.lang.Object, int)'> (0x000000061ce99970) 
thrown [s\open\src\hotspot\share\interpreter\linkResolver.cpp, line 805]
Event: 9.898 Thread 0x000002cc7ccaec10 Exception <a 'java/lang/NoSuchMethodError'{0x000000061cea1590}: 'void java.lang.invoke.Invokers$Holder.invokeExact_MT(java.lang.Object, int, java.lang.Object)'> (0x000000061cea1590) 
thrown [s\open\src\hotspot\share\interpreter\linkResolver.cpp, line 805]
Event: 9.899 Thread 0x000002cc7ccaec10 Exception <a 'java/lang/NoSuchMethodError'{0x000000061cebb8c8}: 'void java.lang.invoke.DirectMethodHandle$Holder.invokeStatic(java.lang.Object, java.lang.Object, int)'> (0x000000061cebb8c8) 
thrown [s\open\src\hotspot\share\interpreter\linkResolver.cpp, line 805]
Event: 9.902 Thread 0x000002cc7ccaec10 Exception <a 'sun/nio/fs/WindowsException'{0x000000061cef7e78}> (0x000000061cef7e78) 
thrown [s\open\src\hotspot\share\prims\jni.cpp, line 518]
Event: 9.903 Thread 0x000002cc7ccaec10 Exception <a 'sun/nio/fs/WindowsException'{0x000000061cf04c70}> (0x000000061cf04c70) 
thrown [s\open\src\hotspot\share\prims\jni.cpp, line 518]
Event: 9.905 Thread 0x000002cc7ccaec10 Exception <a 'sun/nio/fs/WindowsException'{0x000000061cf16a58}> (0x000000061cf16a58) 
thrown [s\open\src\hotspot\share\prims\jni.cpp, line 518]

VM Operations (20 events):
Event: 0.283 Executing VM operation: HandshakeAllThreads (Deoptimize)
Event: 0.283 Executing VM operation: HandshakeAllThreads (Deoptimize) done
Event: 0.352 Executing VM operation: HandshakeAllThreads (Deoptimize)
Event: 0.352 Executing VM operation: HandshakeAllThreads (Deoptimize) done
Event: 0.365 Executing VM operation: HandshakeAllThreads (Deoptimize)
Event: 0.365 Executing VM operation: HandshakeAllThreads (Deoptimize) done
Event: 0.578 Executing VM operation: G1CollectForAllocation (G1 Evacuation Pause)
Event: 0.581 Executing VM operation: G1CollectForAllocation (G1 Evacuation Pause) done
Event: 0.708 Executing VM operation: HandshakeAllThreads (Deoptimize)
Event: 0.708 Executing VM operation: HandshakeAllThreads (Deoptimize) done
Event: 0.708 Executing VM operation: HandshakeAllThreads (Deoptimize)
Event: 0.708 Executing VM operation: HandshakeAllThreads (Deoptimize) done
Event: 0.823 Executing VM operation: HandshakeAllThreads (Deoptimize)
Event: 0.823 Executing VM operation: HandshakeAllThreads (Deoptimize) done
Event: 0.823 Executing VM operation: HandshakeAllThreads (Deoptimize)
Event: 0.823 Executing VM operation: HandshakeAllThreads (Deoptimize) done
Event: 9.900 Executing VM operation: HandshakeAllThreads (Deoptimize)
Event: 9.901 Executing VM operation: HandshakeAllThreads (Deoptimize) done
Event: 9.915 Executing VM operation: JFRSafepointClear
Event: 9.915 Executing VM operation: JFRSafepointClear done

Memory protections (0 events):
No events

Nmethod flushes (0 events):
No events

Events (20 events):
Event: 0.122 Thread 0x000002cc7a34c710 Thread added: 0x000002cc7ccaced0
Event: 0.249 Thread 0x000002cc7a34c710 Thread added: 0x000002cc7ccad620
Event: 0.330 Thread 0x000002cc7ccaec10 Thread added: 0x000002cc6568d390
Event: 0.339 Thread 0x000002cc6568d390 Thread added: 0x000002cc6568a060
Event: 0.348 Thread 0x000002cc6568a060 Thread added: 0x000002cc6568dae0
Event: 0.351 Thread 0x000002cc6568a060 Thread added: 0x000002cc6568a7b0
Event: 0.370 Thread 0x000002cc7a34c710 Thread added: 0x000002cc6568e230
Event: 0.372 Thread 0x000002cc7a34c710 Thread added: 0x000002cc6568af00
Event: 0.493 Thread 0x000002cc1f9a1270 Thread exited: 0x000002cc1f9a1270
Event: 0.497 Thread 0x000002cc7a34c710 Thread added: 0x000002cc6568bda0
Event: 0.510 Thread 0x000002cc6568cc40 Thread added: 0x000002cc6568cc40
Event: 0.576 Thread 0x000002cc7ccc7e00 Thread added: 0x000002cc6d0b3830
Event: 0.838 Thread 0x000002cc6568af00 Thread added: 0x000002cc6568ff70
Event: 0.980 Thread 0x000002cc7ccad620 Thread added: 0x000002cc6d2729d0
Event: 1.150 Thread 0x000002cc6d0b3830 Thread exited: 0x000002cc6d0b3830
Event: 1.150 Thread 0x000002cc1f8c73a0 Thread exited: 0x000002cc1f8c73a0
Event: 9.823 Thread 0x000002cc7ccc7e00 Thread added: 0x000002cc6504f430
Event: 9.838 Thread 0x000002cc7ccaec10 Thread added: 0x000002cc6508c720
Event: 9.900 Thread 0x000002cc7ccaec10 Thread added: 0x000002cc6508a9e0
Event: 9.917 Thread 0x000002cc7ccc7e00 Thread added: 0x000002cc75885be0


Dynamic libraries:
0x00007ff66c980000 - 0x00007ff66c98e000 	C:\Users\TIGER\.jdks\openjdk-24\bin\java.exe
0x00007ff8e99a0000 - 0x00007ff8e9c00000 	C:\WINDOWS\SYSTEM32\ntdll.dll
0x00007ff8e87f0000 - 0x00007ff8e88b7000 	C:\WINDOWS\System32\KERNEL32.DLL
0x00007ff8e7310000 - 0x00007ff8e76da000 	C:\WINDOWS\System32\KERNELBASE.dll
0x00007ff8e38b0000 - 0x00007ff8e394c000 	C:\WINDOWS\SYSTEM32\apphelp.dll
0x00007ff8e6d70000 - 0x00007ff8e6ebb000 	C:\WINDOWS\System32\ucrtbase.dll
0x00007ff8e1650000 - 0x00007ff8e1666000 	C:\Users\TIGER\.jdks\openjdk-24\bin\jli.dll
0x00007ff8df820000 - 0x00007ff8df83b000 	C:\Users\TIGER\.jdks\openjdk-24\bin\VCRUNTIME140.dll
0x00007ff8e7f80000 - 0x00007ff8e814c000 	C:\WINDOWS\System32\USER32.dll
0x00007ff8e76e0000 - 0x00007ff8e7707000 	C:\WINDOWS\System32\win32u.dll
0x00007ff8cb3e0000 - 0x00007ff8cb677000 	C:\WINDOWS\WinSxS\amd64_microsoft.windows.common-controls_6595b64144ccf1df_6.0.26100.3624_none_3e086962e3345f24\COMCTL32.dll
0x00007ff8e7b60000 - 0x00007ff8e7b8a000 	C:\WINDOWS\System32\GDI32.dll
0x00007ff8e77a0000 - 0x00007ff8e7849000 	C:\WINDOWS\System32\msvcrt.dll
0x00007ff8e6b80000 - 0x00007ff8e6cb1000 	C:\WINDOWS\System32\gdi32full.dll
0x00007ff8e6cc0000 - 0x00007ff8e6d63000 	C:\WINDOWS\System32\msvcp_win.dll
0x00007ff8e9350000 - 0x00007ff8e937f000 	C:\WINDOWS\System32\IMM32.DLL
0x00007ff8e1640000 - 0x00007ff8e164c000 	C:\Users\TIGER\.jdks\openjdk-24\bin\vcruntime140_1.dll
0x00007ff8c2480000 - 0x00007ff8c250e000 	C:\Users\TIGER\.jdks\openjdk-24\bin\msvcp140.dll
0x00007ff846c30000 - 0x00007ff8479d2000 	C:\Users\TIGER\.jdks\openjdk-24\bin\server\jvm.dll
0x00007ff8e93a0000 - 0x00007ff8e9452000 	C:\WINDOWS\System32\ADVAPI32.dll
0x00007ff8e79e0000 - 0x00007ff8e7a86000 	C:\WINDOWS\System32\sechost.dll
0x00007ff8e78c0000 - 0x00007ff8e79d6000 	C:\WINDOWS\System32\RPCRT4.dll
0x00007ff8e7ae0000 - 0x00007ff8e7b54000 	C:\WINDOWS\System32\WS2_32.dll
0x00007ff8e6810000 - 0x00007ff8e686e000 	C:\WINDOWS\SYSTEM32\POWRPROF.dll
0x00007ff8da000000 - 0x00007ff8da036000 	C:\WINDOWS\SYSTEM32\WINMM.dll
0x00007ff8df710000 - 0x00007ff8df71b000 	C:\WINDOWS\SYSTEM32\VERSION.dll
0x00007ff8e67f0000 - 0x00007ff8e6804000 	C:\WINDOWS\SYSTEM32\UMPDC.dll
0x00007ff8e5990000 - 0x00007ff8e59aa000 	C:\WINDOWS\SYSTEM32\kernel.appcore.dll
0x00007ff8df810000 - 0x00007ff8df81a000 	C:\Users\TIGER\.jdks\openjdk-24\bin\jimage.dll
0x00007ff8e4420000 - 0x00007ff8e4661000 	C:\WINDOWS\SYSTEM32\DBGHELP.DLL
0x00007ff8e9470000 - 0x00007ff8e97f2000 	C:\WINDOWS\System32\combase.dll
0x00007ff8e9270000 - 0x00007ff8e9346000 	C:\WINDOWS\System32\OLEAUT32.dll
0x00007ff884710000 - 0x00007ff884749000 	C:\WINDOWS\SYSTEM32\dbgcore.DLL
0x00007ff8e6f80000 - 0x00007ff8e7019000 	C:\WINDOWS\System32\bcryptPrimitives.dll
0x00007ff8dad60000 - 0x00007ff8dad6f000 	C:\Users\TIGER\.jdks\openjdk-24\bin\instrument.dll
0x00007ff8dad70000 - 0x00007ff8dad8e000 	C:\Users\TIGER\.jdks\openjdk-24\bin\java.dll
0x00007ff8e7b90000 - 0x00007ff8e7d26000 	C:\WINDOWS\System32\ole32.dll
0x00007ff8e8b40000 - 0x00007ff8e9269000 	C:\WINDOWS\System32\SHELL32.dll
0x00007ff8e7020000 - 0x00007ff8e7188000 	C:\WINDOWS\System32\wintypes.dll
0x00007ff8e4860000 - 0x00007ff8e50b2000 	C:\WINDOWS\SYSTEM32\windows.storage.dll
0x00007ff8e9870000 - 0x00007ff8e995d000 	C:\WINDOWS\System32\SHCORE.dll
0x00007ff8e7850000 - 0x00007ff8e78b4000 	C:\WINDOWS\System32\shlwapi.dll
0x00007ff8e6a90000 - 0x00007ff8e6abf000 	C:\WINDOWS\SYSTEM32\profapi.dll
0x00007ff8baeb0000 - 0x00007ff8baf87000 	C:\Users\TIGER\.jdks\openjdk-24\bin\jsvml.dll
0x00007ff8dad50000 - 0x00007ff8dad60000 	C:\Users\TIGER\.jdks\openjdk-24\bin\net.dll
0x00007ff8e5eb0000 - 0x00007ff8e5f1a000 	C:\WINDOWS\system32\mswsock.dll
0x00007ff8dac20000 - 0x00007ff8dac36000 	C:\Users\TIGER\.jdks\openjdk-24\bin\nio.dll
0x00007ff8dac00000 - 0x00007ff8dac17000 	C:\Users\TIGER\.jdks\openjdk-24\bin\zip.dll
0x00007ff8dabf0000 - 0x00007ff8dabf9000 	C:\Users\TIGER\.jdks\openjdk-24\bin\extnet.dll
0x00007ff8e5450000 - 0x00007ff8e5575000 	C:\WINDOWS\SYSTEM32\DNSAPI.dll
0x00007ff8e53c0000 - 0x00007ff8e53f3000 	C:\WINDOWS\SYSTEM32\IPHLPAPI.DLL
0x00007ff8e7f40000 - 0x00007ff8e7f4a000 	C:\WINDOWS\System32\NSI.dll
0x00007ff8da120000 - 0x00007ff8da12b000 	C:\Windows\System32\rasadhlp.dll
0x00007ff8da750000 - 0x00007ff8da7d5000 	C:\WINDOWS\System32\fwpuclnt.dll
0x00007ff8dabe0000 - 0x00007ff8dabea000 	C:\Users\TIGER\.jdks\openjdk-24\bin\management.dll
0x000002cc1fbb0000 - 0x000002cc1fbb4000 	C:\Program Files\Java\javafx-sdk-24\bin\api-ms-win-core-console-l1-1-0.dll
0x000002cc1fbc0000 - 0x000002cc1fbc4000 	C:\Program Files\Java\javafx-sdk-24\bin\api-ms-win-core-console-l1-2-0.dll
0x000002cc1fcf0000 - 0x000002cc1fcf4000 	C:\Program Files\Java\javafx-sdk-24\bin\api-ms-win-core-datetime-l1-1-0.dll
0x000002cc1fd00000 - 0x000002cc1fd04000 	C:\Program Files\Java\javafx-sdk-24\bin\api-ms-win-core-debug-l1-1-0.dll
0x00007ff8dab10000 - 0x00007ff8dab1b000 	C:\Users\TIGER\.jdks\openjdk-24\bin\management_ext.dll
0x00007ff8e9390000 - 0x00007ff8e9398000 	C:\WINDOWS\System32\PSAPI.DLL
0x000002cc1fd10000 - 0x000002cc1fd14000 	C:\Program Files\Java\javafx-sdk-24\bin\api-ms-win-core-errorhandling-l1-1-0.dll
0x000002cc1fd20000 - 0x000002cc1fd25000 	C:\Program Files\Java\javafx-sdk-24\bin\api-ms-win-core-file-l1-1-0.dll
0x000002cc1fd30000 - 0x000002cc1fd34000 	C:\Program Files\Java\javafx-sdk-24\bin\api-ms-win-core-file-l1-2-0.dll
0x000002cc1fd40000 - 0x000002cc1fd44000 	C:\Program Files\Java\javafx-sdk-24\bin\api-ms-win-core-file-l2-1-0.dll
0x000002cc1fd50000 - 0x000002cc1fd54000 	C:\Program Files\Java\javafx-sdk-24\bin\api-ms-win-core-handle-l1-1-0.dll
0x000002cc1fd60000 - 0x000002cc1fd64000 	C:\Program Files\Java\javafx-sdk-24\bin\api-ms-win-core-heap-l1-1-0.dll
0x000002cc1fd70000 - 0x000002cc1fd74000 	C:\Program Files\Java\javafx-sdk-24\bin\api-ms-win-core-interlocked-l1-1-0.dll
0x000002cc1fd80000 - 0x000002cc1fd84000 	C:\Program Files\Java\javafx-sdk-24\bin\api-ms-win-core-libraryloader-l1-1-0.dll
0x000002cc1fd90000 - 0x000002cc1fd94000 	C:\Program Files\Java\javafx-sdk-24\bin\api-ms-win-core-localization-l1-2-0.dll
0x000002cc1fda0000 - 0x000002cc1fda4000 	C:\Program Files\Java\javafx-sdk-24\bin\api-ms-win-core-memory-l1-1-0.dll
0x000002cc1fdb0000 - 0x000002cc1fdb4000 	C:\Program Files\Java\javafx-sdk-24\bin\api-ms-win-core-namedpipe-l1-1-0.dll
0x000002cc1fdc0000 - 0x000002cc1fdc4000 	C:\Program Files\Java\javafx-sdk-24\bin\api-ms-win-core-processenvironment-l1-1-0.dll
0x000002cc1fdd0000 - 0x000002cc1fdd4000 	C:\Program Files\Java\javafx-sdk-24\bin\api-ms-win-core-processthreads-l1-1-0.dll
0x000002cc1ff50000 - 0x000002cc1ff54000 	C:\Program Files\Java\javafx-sdk-24\bin\api-ms-win-core-processthreads-l1-1-1.dll
0x000002cc1ff60000 - 0x000002cc1ff64000 	C:\Program Files\Java\javafx-sdk-24\bin\api-ms-win-core-profile-l1-1-0.dll
0x000002cc1ff70000 - 0x000002cc1ff74000 	C:\Program Files\Java\javafx-sdk-24\bin\api-ms-win-core-rtlsupport-l1-1-0.dll
0x000002cc1ff80000 - 0x000002cc1ff84000 	C:\Program Files\Java\javafx-sdk-24\bin\api-ms-win-core-string-l1-1-0.dll
0x000002cc1fde0000 - 0x000002cc1fde4000 	C:\Program Files\Java\javafx-sdk-24\bin\api-ms-win-core-synch-l1-1-0.dll
0x000002cc1fdf0000 - 0x000002cc1fdf4000 	C:\Program Files\Java\javafx-sdk-24\bin\api-ms-win-core-synch-l1-2-0.dll
0x000002cc1fe00000 - 0x000002cc1fe04000 	C:\Program Files\Java\javafx-sdk-24\bin\api-ms-win-core-sysinfo-l1-1-0.dll
0x000002cc1fe10000 - 0x000002cc1fe14000 	C:\Program Files\Java\javafx-sdk-24\bin\api-ms-win-core-timezone-l1-1-0.dll
0x000002cc1fe20000 - 0x000002cc1fe24000 	C:\Program Files\Java\javafx-sdk-24\bin\api-ms-win-core-util-l1-1-0.dll
0x000002cc1fe30000 - 0x000002cc1fe34000 	C:\Program Files\Java\javafx-sdk-24\bin\api-ms-win-crt-conio-l1-1-0.dll
0x000002cc1fe40000 - 0x000002cc1fe45000 	C:\Program Files\Java\javafx-sdk-24\bin\api-ms-win-crt-convert-l1-1-0.dll
0x000002cc1fe50000 - 0x000002cc1fe54000 	C:\Program Files\Java\javafx-sdk-24\bin\api-ms-win-crt-environment-l1-1-0.dll
0x000002cc1fe60000 - 0x000002cc1fe64000 	C:\Program Files\Java\javafx-sdk-24\bin\api-ms-win-crt-filesystem-l1-1-0.dll
0x000002cc1fe70000 - 0x000002cc1fe74000 	C:\Program Files\Java\javafx-sdk-24\bin\api-ms-win-crt-heap-l1-1-0.dll
0x000002cc1fe80000 - 0x000002cc1fe84000 	C:\Program Files\Java\javafx-sdk-24\bin\api-ms-win-crt-locale-l1-1-0.dll
0x000002cc1fe90000 - 0x000002cc1fe96000 	C:\Program Files\Java\javafx-sdk-24\bin\api-ms-win-crt-math-l1-1-0.dll
0x000002cc1fea0000 - 0x000002cc1fea6000 	C:\Program Files\Java\javafx-sdk-24\bin\api-ms-win-crt-multibyte-l1-1-0.dll
0x000002cc1feb0000 - 0x000002cc1fec1000 	C:\Program Files\Java\javafx-sdk-24\bin\api-ms-win-crt-private-l1-1-0.dll
0x000002cc1fed0000 - 0x000002cc1fed4000 	C:\Program Files\Java\javafx-sdk-24\bin\api-ms-win-crt-process-l1-1-0.dll
0x000002cc1fee0000 - 0x000002cc1fee5000 	C:\Program Files\Java\javafx-sdk-24\bin\api-ms-win-crt-runtime-l1-1-0.dll
0x000002cc1fef0000 - 0x000002cc1fef5000 	C:\Program Files\Java\javafx-sdk-24\bin\api-ms-win-crt-stdio-l1-1-0.dll
0x000002cc1ff00000 - 0x000002cc1ff05000 	C:\Program Files\Java\javafx-sdk-24\bin\api-ms-win-crt-string-l1-1-0.dll
0x000002cc1ff10000 - 0x000002cc1ff14000 	C:\Program Files\Java\javafx-sdk-24\bin\api-ms-win-crt-time-l1-1-0.dll
0x000002cc1ff20000 - 0x000002cc1ff24000 	C:\Program Files\Java\javafx-sdk-24\bin\api-ms-win-crt-utility-l1-1-0.dll
0x00007ff89ea70000 - 0x00007ff89eb81000 	C:\Program Files\Java\javafx-sdk-24\bin\ucrtbase.dll
0x00007ff8da8d0000 - 0x00007ff8da8eb000 	C:\Program Files\Java\javafx-sdk-24\bin\vcruntime140.dll
0x00007ff8daae0000 - 0x00007ff8daaec000 	C:\Program Files\Java\javafx-sdk-24\bin\vcruntime140_1.dll
0x00007ff8c2330000 - 0x00007ff8c23be000 	C:\Program Files\Java\javafx-sdk-24\bin\msvcp140.dll
0x00007ff8da8c0000 - 0x00007ff8da8c9000 	C:\Program Files\Java\javafx-sdk-24\bin\msvcp140_1.dll
0x00007ff8cc190000 - 0x00007ff8cc1d1000 	C:\Program Files\Java\javafx-sdk-24\bin\msvcp140_2.dll
0x00007ff8c9bf0000 - 0x00007ff8c9c20000 	C:\Program Files\Java\javafx-sdk-24\bin\prism_d3d.dll
0x00007ff8c09a0000 - 0x00007ff8c0b4c000 	C:\WINDOWS\system32\d3d9.dll
0x00007ff8e3cc0000 - 0x00007ff8e3cf6000 	C:\WINDOWS\SYSTEM32\dwmapi.dll
0x00007ff8e3aa0000 - 0x00007ff8e3ae7000 	C:\WINDOWS\SYSTEM32\dxcore.dll
0x00007ff8e39a0000 - 0x00007ff8e3a4e000 	C:\WINDOWS\system32\uxtheme.dll
0x00007ff8df720000 - 0x00007ff8df7e2000 	C:\WINDOWS\System32\DriverStore\FileRepository\nv_dispi.inf_amd64_9d15b9aa9e1c885b\nvldumdx.dll
0x00007ff8e61c0000 - 0x00007ff8e61d3000 	C:\WINDOWS\SYSTEM32\msasn1.dll
0x00007ff8df1a0000 - 0x00007ff8df1db000 	C:\WINDOWS\SYSTEM32\cryptnet.dll
0x00007ff8e7190000 - 0x00007ff8e7307000 	C:\WINDOWS\System32\CRYPT32.dll
0x00007ff8e6170000 - 0x00007ff8e617c000 	C:\WINDOWS\SYSTEM32\cryptbase.dll
0x00007ff8e6230000 - 0x00007ff8e628d000 	C:\WINDOWS\SYSTEM32\wldp.dll
0x00007ff8dee00000 - 0x00007ff8def7c000 	C:\WINDOWS\SYSTEM32\drvstore.dll
0x00007ff8e6720000 - 0x00007ff8e674d000 	C:\WINDOWS\SYSTEM32\devobj.dll
0x00007ff8e6750000 - 0x00007ff8e67af000 	C:\WINDOWS\SYSTEM32\cfgmgr32.dll
0x00007ff8e7710000 - 0x00007ff8e778f000 	C:\WINDOWS\System32\wintrust.dll
0x00007ff8e7f50000 - 0x00007ff8e7f70000 	C:\WINDOWS\System32\imagehlp.dll
0x00007ff8e6150000 - 0x00007ff8e616c000 	C:\WINDOWS\SYSTEM32\CRYPTSP.dll
0x00007ff8e58f0000 - 0x00007ff8e592a000 	C:\WINDOWS\system32\rsaenh.dll
0x00007ff8e6a60000 - 0x00007ff8e6a86000 	C:\WINDOWS\SYSTEM32\bcrypt.dll
0x00007ff8daf70000 - 0x00007ff8de70a000 	C:\WINDOWS\System32\DriverStore\FileRepository\nv_dispi.inf_amd64_9d15b9aa9e1c885b\nvgpucomp64.dll
0x00007ff8e5f50000 - 0x00007ff8e5f7b000 	C:\WINDOWS\SYSTEM32\USERENV.dll
0x00007ff8b5650000 - 0x00007ff8b5668000 	C:\WINDOWS\system32\napinsp.dll
0x00007ff8b52d0000 - 0x00007ff8b52e2000 	C:\WINDOWS\System32\winrnr.dll
0x00007ff8b5610000 - 0x00007ff8b5640000 	C:\WINDOWS\system32\nlansp_c.dll

dbghelp: loaded successfully - version: 4.0.5 - missing functions: none
symbol engine: initialized successfully - sym options: 0x614 - pdb path: .;C:\Users\TIGER\.jdks\openjdk-24\bin;C:\WINDOWS\SYSTEM32;C:\WINDOWS\WinSxS\amd64_microsoft.windows.common-controls_6595b64144ccf1df_6.0.26100.3624_none_3e086962e3345f24;C:\Users\TIGER\.jdks\openjdk-24\bin\server;C:\Program Files\Java\javafx-sdk-24\bin;C:\WINDOWS\System32\DriverStore\FileRepository\nv_dispi.inf_amd64_9d15b9aa9e1c885b;C:\Program Files\Common Files\Microsoft Shared\Ink;C:\Users\TIGER\AppData\Local\Temp\idea_libasyncProfiler_dll_temp_folder

VM Arguments:
jvm_args: --module-path=C:\Program Files\Java\javafx-sdk-24\lib --add-modules=javafx.controls,javafx.fxml --enable-native-access=javafx.graphics --enable-native-access=ALL-UNNAMED -javaagent:C:\Program Files\JetBrains\IntelliJ IDEA 2025.1\lib\idea_rt.jar=50744 -Dfile.encoding=UTF-8 -Dsun.stdout.encoding=UTF-8 -Dsun.stderr.encoding=UTF-8 
java_command: edu.westfieldstate.eticketmanager.core.MainApplication
java_class_path (initial): C:\Users\TIGER\OneDrive\Desktop\SE_Final-Project_Event-Booking-System\out\production\test;C:\Program Files\Java\javafx-sdk-24\lib\javafx-swt.jar;C:\Program Files\Java\javafx-sdk-24\lib\javafx.web.jar;C:\Program Files\Java\javafx-sdk-24\lib\javafx.base.jar;C:\Program Files\Java\javafx-sdk-24\lib\javafx.fxml.jar;C:\Program Files\Java\javafx-sdk-24\lib\javafx.media.jar;C:\Program Files\Java\javafx-sdk-24\lib\javafx.swing.jar;C:\Program Files\Java\javafx-sdk-24\lib\jdk.jsobject.jar;C:\Program Files\Java\javafx-sdk-24\lib\javafx.controls.jar;C:\Program Files\Java\javafx-sdk-24\lib\javafx.graphics.jar;C:\Program Files\Java\javafx-sdk-24\lib\jfx.incubator.input.jar;C:\Program Files\Java\javafx-sdk-24\lib\jfx.incubator.richtext.jar;C:\Users\TIGER\OneDrive\Desktop\SE_Final-Project_Event-Booking-System\lib\mysql-connector-j-9.2.0.jar;C:\Users\TIGER\OneDrive\Desktop\SE_Final-Project_Event-Booking-System\lib\jbcrypt-0.4.jar
Launcher Type: SUN_STANDARD

[Global flags]
     intx CICompilerCount                          = 4                                         {product} {ergonomic}
     uint ConcGCThreads                            = 3                                         {product} {ergonomic}
     bool FlightRecorder                           = true                                      {product} {management}
     uint G1ConcRefinementThreads                  = 10                                        {product} {ergonomic}
   size_t G1HeapRegionSize                         = 4194304                                   {product} {ergonomic}
   size_t InitialHeapSize                          = 536870912                                 {product} {ergonomic}
   size_t MarkStackSize                            = 4194304                                   {product} {ergonomic}
   size_t MarkStackSizeMax                         = 536870912                                 {product} {ergonomic}
   size_t MaxHeapSize                              = 8573157376                                {product} {ergonomic}
   size_t MaxNewSize                               = 5142216704                                {product} {ergonomic}
   size_t MinHeapDeltaBytes                        = 4194304                                   {product} {ergonomic}
   size_t MinHeapSize                              = 8388608                                   {product} {ergonomic}
    uintx NonNMethodCodeHeapSize                   = 5832704                                {pd product} {ergonomic}
    uintx NonProfiledCodeHeapSize                  = 122945536                              {pd product} {ergonomic}
    uintx ProfiledCodeHeapSize                     = 122880000                              {pd product} {ergonomic}
    uintx ReservedCodeCacheSize                    = 251658240                              {pd product} {ergonomic}
     bool SegmentedCodeCache                       = true                                      {product} {ergonomic}
   size_t SoftMaxHeapSize                          = 8573157376                             {manageable} {ergonomic}
     bool UseCompressedOops                        = true                           {product lp64_product} {ergonomic}
     bool UseG1GC                                  = true                                      {product} {ergonomic}
     bool UseLargePagesIndividualAllocation        = false                                  {pd product} {ergonomic}

Logging:
Log output configuration:
 #0: stdout all=warning uptime,level,tags foldmultilines=false
 #1: stderr all=off uptime,level,tags foldmultilines=false

Environment Variables:
PATH=C:\Program Files\Common Files\Oracle\Java\javapath;C:\Program Files (x86)\Common Files\Oracle\Java\java8path;C:\Program Files (x86)\Common Files\Oracle\Java\javapath;C:\Program Files\Eclipse Adoptium\jdk-11.0.17.8-hotspot\bin;C:\Windows\system32;C:\Windows;C:\Windows\System32\Wbem;C:\Windows\System32\WindowsPowerShell\v1.0\;C:\Windows\System32\OpenSSH\;C:\Program Files (x86)\NVIDIA Corporation\PhysX\Common;C:\WINDOWS\system32;C:\WINDOWS;C:\WINDOWS\System32\Wbem;C:\WINDOWS\System32\WindowsPowerShell\v1.0\;C:\WINDOWS\System32\OpenSSH\;C:\Program Files\dotnet\;C:\Program Files (x86)\Windows Kits\10\Windows Performance Toolkit\;C:\Program Files\Git\cmd;C:\Program Files\NVIDIA Corporation\NVIDIA app\NvDLISR;C:\Users\TIGER\AppData\Local\Microsoft\WindowsApps;C:\Users\TIGER\AppData\Local\Programs\Microsoft VS Code\bin;C:\Users\TIGER\AppData\Local\GitHubDesktop\bin;C:\ghcup\bin;C:\msys64\ucrt64\bin;
USERNAME=TIGER
OS=Windows_NT
PROCESSOR_IDENTIFIER=AMD64 Family 25 Model 33 Stepping 0, AuthenticAMD
TMP=C:\Users\TIGER\AppData\Local\Temp
TEMP=C:\Users\TIGER\AppData\Local\Temp




Periodic native trim disabled

---------------  S Y S T E M  ---------------

OS:
 Windows 11 , 64 bit Build 26100 (10.0.26100.3775)
OS uptime: 0 days 0:57 hours

CPU: total 12 (initial active 12) (12 cores per cpu, 2 threads per core) family 25 model 33 stepping 0 microcode 0xa201016, cx8, cmov, fxsr, ht, mmx, 3dnowpref, sse, sse2, sse3, ssse3, sse4a, sse4.1, sse4.2, popcnt, lzcnt, tsc, tscinvbit, avx, avx2, aes, erms, clmul, bmi1, bmi2, adx, sha, fma, vzeroupper, clflush, clflushopt, rdtscp, rdpid, fsrm, f16c, pku, cet_ss
Processor Information for the first 12 processors :
  Max Mhz: 3701, Current Mhz: 3701, Mhz Limit: 3701

Memory: 4k page, system-wide physical 32694M (22367M free)
TotalPageFile size 34742M (AvailPageFile size 22169M)
current process WorkingSet (physical memory assigned to process): 209M, peak: 212M
current process commit charge ("private bytes"): 835M, peak: 842M

vm_info: OpenJDK 64-Bit Server VM (24+36-3646) for windows-amd64 JRE (24+36-3646), built on 2025-02-06T00:20:43Z with MS VC++ 17.6 (VS2022)

END.
