#
# A fatal error has been detected by the Java Runtime Environment:
#
#  EXCEPTION_ACCESS_VIOLATION (0xc0000005) at pc=0x00007ff8864926c4, pid=18776, tid=3620
#
# JRE version: OpenJDK Runtime Environment (24.0+36) (build 24+36-3646)
# Java VM: OpenJDK 64-Bit Server VM (24+36-3646, mixed mode, sharing, tiered, compressed oops, compressed class ptrs, g1 gc, windows-amd64)
# Problematic frame:
# C  0x00007ff8864926c4
#
# No core dump will be written. Minidumps are not enabled by default on client versions of Windows
#
# JFR recording file will be written. Location: C:\Users\TIGER\OneDrive\Desktop\SE_Final-Project_Event-Booking-System\hs_err_pid18776.jfr
#
# If you would like to submit a bug report, please visit:
#   https://bugreport.java.com/bugreport/crash.jsp
# The crash happened outside the Java Virtual Machine in native code.
# See problematic frame for where to report the bug.
#

---------------  S U M M A R Y ------------

Command Line: --module-path=C:\Program Files\Java\javafx-sdk-24\lib --add-modules=javafx.controls,javafx.fxml --enable-native-access=javafx.graphics --enable-native-access=ALL-UNNAMED -javaagent:C:\Program Files\JetBrains\IntelliJ IDEA 2025.1\lib\idea_rt.jar=50756 -Dfile.encoding=UTF-8 -Dsun.stdout.encoding=UTF-8 -Dsun.stderr.encoding=UTF-8 edu.westfieldstate.eticketmanager.core.MainApplication

Host: AMD Ryzen 5 5600X 6-Core Processor             , 12 cores, 31G,  Windows 11 , 64 bit Build 26100 (10.0.26100.3775)
Time: Wed Apr 23 19:51:10 2025 Eastern Daylight Time elapsed time: 6.160058 seconds (0d 0h 0m 6s)

---------------  T H R E A D  ---------------

Current thread (0x000002845982f690):  JavaThread "Attach Listener" daemon [_thread_in_native, id=3620, stack(0x0000008570600000,0x0000008570700000) (1024K)]

Stack: [0x0000008570600000,0x0000008570700000],  sp=0x00000085706feed0,  free space=1019k
Native frames: (J=compiled Java code, j=interpreted, Vv=VM code, C=native code)
C  0x00007ff8864926c4  (no source info available)
C  0x00007ff886492b9b  (no source info available)
C  0x00007ff8864917f4  (no source info available)
C  0x00007ff88649206a  (no source info available)
C  0x00007ff88648cc21  (no source info available)
C  0x00007ff88647e5e1  (no source info available)
C  0x00007ff88647d2f8  (no source info available)
C  0x00007ff88647d1e0  (no source info available)
C  0x00007ff8864841b9  (no source info available)
V  [jvm.dll+0x57f1b7]  (no source info available)
V  [jvm.dll+0x57ff2c]  (no source info available)
V  [jvm.dll+0x14c9b7]  (no source info available)
V  [jvm.dll+0x14df81]  (no source info available)
V  [jvm.dll+0x42f566]  (no source info available)
V  [jvm.dll+0x87d8fb]  (no source info available)
V  [jvm.dll+0x72efe5]  (no source info available)
C  [ucrtbase.dll+0x37b0]  (no source info available)
C  [KERNEL32.DLL+0x2e8d7]  (no source info available)
C  [ntdll.dll+0xb14fc]  (no source info available)


siginfo: EXCEPTION_ACCESS_VIOLATION (0xc0000005), reading address 0xffffffffffffffff


Registers:
RAX=0x0000000000000010, RBX=0x0000000000000000, RCX=0xffffffffffffffff, RDX=0x007ff847682ff010
RSP=0x00000085706feed0, RBP=0x0000028459884720, RSI=0x00000085706ff040, RDI=0x0000028459884720
R8 =0x0000000000000042, R9 =0x000000061dc10030, R10=0x00007ff8478f9fc0, R11=0x0000000000000004
R12=0x00000085706ff040, R13=0x00000284a2f6bb90, R14=0x000002845982fa58, R15=0x000002845982fa58
RIP=0x00007ff8864926c4, EFLAGS=0x0000000000010202

XMM[0]=0x0000000000000000 0x0000000000000000
XMM[1]=0x0000000000000000 0x0000000000000000
XMM[2]=0x0000000000000000 0x0000000000000000
XMM[3]=0x0000000000000000 0x0000000000000000
XMM[4]=0x0000000000000000 0x0000000000000000
XMM[5]=0x0000000000000000 0x0000000000000000
XMM[6]=0x0000000000000000 0x0000000000000000
XMM[7]=0x0000000000000000 0x0000000000000000
XMM[8]=0x0000000000000000 0x0000000000000000
XMM[9]=0x0000000000000000 0x0000000000000000
XMM[10]=0x0000000000000000 0x0000000000000000
XMM[11]=0x0000000000000000 0x0000000000000000
XMM[12]=0x0000000000000000 0x0000000000000000
XMM[13]=0x0000000000000000 0x0000000000000000
XMM[14]=0x0000000000000000 0x0000000000000000
XMM[15]=0x0000000000000000 0x0000000000000000
  MXCSR=0x00001fa0


Register to memory mapping:

RAX=0x0000000000000010 is an unknown value
RBX=0x0 is null
RCX=0xffffffffffffffff is an unknown value
RDX=0x007ff847682ff010 is an unknown value
RSP=0x00000085706feed0 is pointing into the stack for thread: 0x000002845982f690
RBP=0x0000028459884720 points into unknown readable memory: 0x000000061dc10030 | 30 00 c1 1d 06 00 00 00
RSI=0x00000085706ff040 is pointing into the stack for thread: 0x000002845982f690
RDI=0x0000028459884720 points into unknown readable memory: 0x000000061dc10030 | 30 00 c1 1d 06 00 00 00
R8 =0x0000000000000042 is an unknown value
R9 =0x000000061dc10030 is an oop: java.lang.Thread 
{0x000000061dc10030} - klass: 'java/lang/Thread' - flags: 

 - ---- fields (total size 14 words):
 - 'threadLocalRandomProbe' 'I' @12  0 (0x00000000)
 - private volatile 'eetop' 'J' @16  2766889945744 (0x00000284377e0a90)
 - private final 'tid' 'J' @24  3 (0x0000000000000003)
 - 'threadLocalRandomSeed' 'J' @32  0 (0x0000000000000000)
 - injected 'jvmti_thread_state' 'J' @40  2768809562016 (0x00000284a9e90fa0)
 - 'threadLocalRandomSecondarySeed' 'I' @48  0 (0x00000000)
 - injected 'jvmti_VTMS_transition_disable_count' 'I' @52  0 (0x00000000)
 - injected 'jfr_epoch' 'S' @56  0 (0x0000)
 - volatile 'interrupted' 'Z' @58  false (0x00)
 - injected 'jvmti_is_in_VTMS_transition' 'Z' @59  false (0x00)
 - private volatile 'name' 'Ljava/lang/String;' @60  "main"{0x000000061de799e8} (0xc3bcf33d)
 - private volatile 'contextClassLoader' 'Ljava/lang/ClassLoader;' @64  a 'jdk/internal/loader/ClassLoaders$AppClassLoader'{0x000000061dc182c8} (0xc3b83059)
 - private final 'holder' 'Ljava/lang/Thread$FieldHolder;' @68  a 'java/lang/Thread$FieldHolder'{0x000000061de79a18} (0xc3bcf343)
 - 'threadLocals' 'Ljava/lang/ThreadLocal$ThreadLocalMap;' @72  a 'java/lang/ThreadLocal$ThreadLocalMap'{0x000000061de79a40} (0xc3bcf348)
 - 'inheritableThreadLocals' 'Ljava/lang/ThreadLocal$ThreadLocalMap;' @76  null (0x00000000)
 - private 'scopedValueBindings' 'Ljava/lang/Object;' @80  a 'java/lang/Class'{0x00000007ffc7c280} = 'java/lang/Thread' (0xfff8f850)
 - final 'interruptLock' 'Ljava/lang/Object;' @84  a 'java/lang/Object'{0x000000061de79c68} (0xc3bcf38d)
 - private volatile 'parkBlocker' 'Ljava/lang/Object;' @88  a 'java/util/concurrent/CountDownLatch$Sync'{0x000000061dc10010} (0xc3b82002)
 - private 'nioBlocker' 'Lsun/nio/ch/Interruptible;' @92  null (0x00000000)
 - private 'cont' 'Ljdk/internal/vm/Continuation;' @96  null (0x00000000)
 - private volatile 'uncaughtExceptionHandler' 'Ljava/lang/Thread$UncaughtExceptionHandler;' @100  null (0x00000000)
 - private 'container' 'Ljdk/internal/vm/ThreadContainer;' @104  null (0x00000000)
 - private volatile 'headStackableScopes' 'Ljdk/internal/vm/StackableScope;' @108  null (0x00000000)
R10=0x00007ff8478f9fc0 jvm.dll
R11=0x0000000000000004 is an unknown value
R12=0x00000085706ff040 is pointing into the stack for thread: 0x000002845982f690
R13=0x00000284a2f6bb90 points into unknown readable memory: 0x00007ff84786a510 | 10 a5 86 47 f8 7f 00 00
R14=0x000002845982fa58 points into unknown readable memory: 0x00007ff8478617b0 | b0 17 86 47 f8 7f 00 00
R15=0x000002845982fa58 points into unknown readable memory: 0x00007ff8478617b0 | b0 17 86 47 f8 7f 00 00

Top of Stack: (sp=0x00000085706feed0)
0x00000085706feed0:   00000085706ff040 0000028459884720   @.op.... G.Y....
0x00000085706feee0:   0000000000000000 000002845982fde0   ...........Y....
0x00000085706feef0:   0000000000000050 00007ff886492b9b   P........+I.....
0x00000085706fef00:   0000000000000000 000002845982fa58   ........X..Y....
0x00000085706fef10:   00000085706ff001 0000000000000000   ..op............
0x00000085706fef20:   000002845ce13d60 00007ff8864917f4   `=.\......I.....
0x00000085706fef30:   0000000000000000 0000000000000050   ........P.......
0x00000085706fef40:   0000000000000000 0000000000000050   ........P.......
0x00000085706fef50:   00000015a9c39fe8 000002845c831190   ...........\....
0x00000085706fef60:   000002845ce13d60 000002845ce13ea0   `=.\.....>.\....
0x00000085706fef70:   000002845ce13ed8 0000000000001478   .>.\....x.......
0x00000085706fef80:   0000000000000000 0000000000000000   ................
0x00000085706fef90:   0000000000000000 00007ff8470c58e4   .........X.G....
0x00000085706fefa0:   00007ff8865d4ca0 0000000000004958   .L].....XI......
0x00000085706fefb0:   00007ff8865d4ca0 00000000ffffffff   .L].............
0x00000085706fefc0:   0000000000000000 00007ff88649206a   ........j I.....
0x00000085706fefd0:   000002845982fa58 0000000000000000   X..Y............
0x00000085706fefe0:   00000085706ff049 00000284a2f6bb90   I.op............
0x00000085706feff0:   0000000000000004 0000000000000048   ........H.......
0x00000085706ff000:   0000000800800310 0000000000000020   ........ .......
0x00000085706ff010:   000002845982fa58 00007ff8865d4ca0   X..Y.....L].....
0x00000085706ff020:   0000028459760820 00000284a9e90fa0    .vY............
0x00000085706ff030:   0000000800800390 000002845982fa58   ........X..Y....
0x00000085706ff040:   000002845974f560 000002845974ff60   `.tY....`.tY....
0x00000085706ff050:   000002845974ff60 00007ff8865d4ca0   `.tY.....L].....
0x00000085706ff060:   00000284a9c39fe8 00000085706ff1d8   ..........op....
0x00000085706ff070:   00000085706ff310 0000000000008840   ..op....@.......
0x00000085706ff080:   00000085706ff4f0 00007ff8865d4cf0   ..op.....L].....
0x00000085706ff090:   0000000000989680 0000000000989680   ................
0x00000085706ff0a0:   00000085706ff1b0 00007ff88648cc21   ..op....!.H.....
0x00000085706ff0b0:   00007ff8865d4ca0 00007ff8865d4cf8   .L]......L].....
0x00000085706ff0c0:   00007ff800000000 00007ff800000001   ................

Instructions: (pc=0x00007ff8864926c4)
  0x00007ff8864925c4:   cc cc cc cc cc cc cc cc cc cc cc cc cc cc cc cc
  0x00007ff8864925d4:   cc cc cc cc cc cc cc cc cc cc cc cc cc cc cc cc
  0x00007ff8864925e4:   cc cc cc cc cc cc cc cc cc cc cc cc cc cc cc cc
  0x00007ff8864925f4:   cc cc cc cc cc cc cc cc cc cc cc cc cc cc cc cc
  0x00007ff886492604:   cc cc cc cc cc cc cc cc cc cc cc cc cc cc cc cc
  0x00007ff886492614:   cc cc cc cc cc cc cc cc cc cc cc cc cc cc cc cc
  0x00007ff886492624:   cc cc cc cc cc cc cc cc cc cc cc cc cc cc cc cc
  0x00007ff886492634:   cc cc cc cc cc cc cc cc cc cc cc cc cc cc cc cc
  0x00007ff886492644:   cc cc cc cc cc cc cc cc cc cc cc cc 40 57 48 83
  0x00007ff886492654:   ec 20 48 8b f9 48 8b 0d 10 28 14 00 48 85 c9 74
  0x00007ff886492664:   20 48 8b 01 48 8d 54 24 38 41 b8 06 00 01 00 4c
  0x00007ff886492674:   8b 48 30 41 ff d1 85 c0 75 07 48 8b 4c 24 38 eb
  0x00007ff886492684:   02 33 c9 4c 8b 05 ea 28 14 00 48 89 5c 24 30 4d
  0x00007ff886492694:   85 c0 74 4a 48 8b 01 48 8b d7 4c 8b 88 28 03 00
  0x00007ff8864926a4:   00 41 ff d1 48 85 c0 74 35 48 63 0d f8 e6 13 00
  0x00007ff8864926b4:   48 8b 14 01 48 85 d2 74 15 48 63 05 fc e6 13 00
=>0x00007ff8864926c4:   8b 04 10 48 8b 5c 24 30 48 83 c4 20 5f c3 b8 ff
  0x00007ff8864926d4:   ff ff ff 48 8b 5c 24 30 48 83 c4 20 5f c3 80 3d
  0x00007ff8864926e4:   9b 27 14 00 00 bb ff ff ff ff 74 20 4c 8b 0d 31
  0x00007ff8864926f4:   24 14 00 4c 8d 44 24 38 48 8b 0d 15 24 14 00 48
  0x00007ff886492704:   8b d7 41 ff d1 85 c0 0f 44 5c 24 38 8b c3 48 8b
  0x00007ff886492714:   5c 24 30 48 83 c4 20 5f c3 cc cc cc cc cc cc cc
  0x00007ff886492724:   cc cc cc cc cc cc cc cc cc cc cc cc cc cc cc cc
  0x00007ff886492734:   cc cc cc cc cc cc cc cc cc cc cc cc cc cc cc cc
  0x00007ff886492744:   cc cc cc cc cc cc cc cc cc cc cc cc 48 89 54 24
  0x00007ff886492754:   10 53 55 56 57 41 56 41 57 48 83 ec 28 48 8b f2
  0x00007ff886492764:   4c 8b f1 48 89 4c 24 78 45 33 ff 44 89 7c 24 68
  0x00007ff886492774:   c7 44 24 60 01 00 00 00 48 8d 4c 24 68 e8 ed 42
  0x00007ff886492784:   f7 ff 8b d8 48 8d 4c 24 60 e8 e1 42 f7 ff 8b e8
  0x00007ff886492794:   49 8b ce e8 00 fc f6 ff 48 8b f8 90 8b c3 f0 0f
  0x00007ff8864927a4:   b1 2f 74 04 f3 90 eb f4 4c 89 3e 4c 89 7e 08 4c
  0x00007ff8864927b4:   89 7e 10 49 8b 6e 08 4d 8b 76 10 49 3b ee 0f 84


Stack slot to memory mapping:

stack at sp + 0 slots: 0x00000085706ff040 is pointing into the stack for thread: 0x000002845982f690
stack at sp + 1 slots: 0x0000028459884720 points into unknown readable memory: 0x000000061dc10030 | 30 00 c1 1d 06 00 00 00
stack at sp + 2 slots: 0x0 is null
stack at sp + 3 slots: 0x000002845982fde0 points into unknown readable memory: 0x6e616c2e6176616a | 6a 61 76 61 2e 6c 61 6e
stack at sp + 4 slots: 0x0000000000000050 is an unknown value
stack at sp + 5 slots: 0x00007ff886492b9b points into unknown readable memory: 44 8b d8 83 f8
stack at sp + 6 slots: 0x0 is null
stack at sp + 7 slots: 0x000002845982fa58 points into unknown readable memory: 0x00007ff8478617b0 | b0 17 86 47 f8 7f 00 00

Lock stack of current Java thread (top to bottom):


---------------  P R O C E S S  ---------------

Threads class SMR info:
_java_thread_list=0x00000284a9fdd9c0, length=27, elements={
0x00000284377e0a90, 0x000002845982b070, 0x000002845982d7c0, 0x000002845982eb60,
0x000002845982f690, 0x00000284598321d0, 0x0000028459832e30, 0x00000284598412a0,
0x0000028459856e70, 0x000002845c4354b0, 0x000002845cefcb70, 0x000002845cd31600,
0x00000284a26d22e0, 0x00000284a2215940, 0x00000284a2b5db20, 0x000002845cccd2f0,
0x000002845cee63d0, 0x00000284a272cf20, 0x00000284a2730e70, 0x00000284a2c40000,
0x00000284a2c41d40, 0x00000284a9e60b70, 0x00000284a9e63750, 0x00000284a9e628b0,
0x000002845c48e6a0, 0x00000284a9e63ea0, 0x00000284a275a630
}

Java Threads: ( => current thread )
  0x00000284377e0a90 JavaThread "main"                              [_thread_blocked, id=4360, stack(0x000000856fb00000,0x000000856fc00000) (1024K)]
  0x000002845982b070 JavaThread "Reference Handler"          daemon [_thread_blocked, id=2020, stack(0x0000008570300000,0x0000008570400000) (1024K)]
  0x000002845982d7c0 JavaThread "Finalizer"                  daemon [_thread_blocked, id=7304, stack(0x0000008570400000,0x0000008570500000) (1024K)]
  0x000002845982eb60 JavaThread "Signal Dispatcher"          daemon [_thread_blocked, id=17428, stack(0x0000008570500000,0x0000008570600000) (1024K)]
=>0x000002845982f690 JavaThread "Attach Listener"            daemon [_thread_in_native, id=3620, stack(0x0000008570600000,0x0000008570700000) (1024K)]
  0x00000284598321d0 JavaThread "Service Thread"             daemon [_thread_blocked, id=9136, stack(0x0000008570700000,0x0000008570800000) (1024K)]
  0x0000028459832e30 JavaThread "Monitor Deflation Thread"   daemon [_thread_blocked, id=17152, stack(0x0000008570800000,0x0000008570900000) (1024K)]
  0x00000284598412a0 JavaThread "C2 CompilerThread0"         daemon [_thread_blocked, id=3840, stack(0x0000008570900000,0x0000008570a00000) (1024K)]
  0x0000028459856e70 JavaThread "C1 CompilerThread0"         daemon [_thread_blocked, id=2376, stack(0x0000008570a00000,0x0000008570b00000) (1024K)]
  0x000002845c4354b0 JavaThread "Common-Cleaner"             daemon [_thread_blocked, id=19280, stack(0x0000008570b00000,0x0000008570c00000) (1024K)]
  0x000002845cefcb70 JavaThread "Monitor Ctrl-Break"         daemon [_thread_in_native, id=12540, stack(0x0000008570e00000,0x0000008570f00000) (1024K)]
  0x000002845cd31600 JavaThread "Notification Thread"        daemon [_thread_blocked, id=9872, stack(0x0000008570f00000,0x0000008571000000) (1024K)]
  0x00000284a26d22e0 JavaThread "QuantumRenderer-0"          daemon [_thread_blocked, id=13612, stack(0x0000008571000000,0x0000008571100000) (1024K)]
  0x00000284a2215940 JavaThread "RMI TCP Accept-0"           daemon [_thread_in_native, id=392, stack(0x0000008571200000,0x0000008571300000) (1024K)]
  0x00000284a2b5db20 JavaThread "RMI TCP Connection(1)-134.241.149.166" daemon [_thread_in_native, id=1260, stack(0x0000008571400000,0x0000008571500000) (1024K)]
  0x000002845cccd2f0 JavaThread "RMI Scheduler(0)"           daemon [_thread_blocked, id=14772, stack(0x0000008571500000,0x0000008571600000) (1024K)]
  0x000002845cee63d0 JavaThread "JMX server connection timeout 33" daemon [_thread_blocked, id=15120, stack(0x0000008571600000,0x0000008571700000) (1024K)]
  0x00000284a272cf20 JavaThread "InvokeLaterDispatcher"      daemon [_thread_blocked, id=18292, stack(0x0000008571700000,0x0000008571800000) (1024K)]
  0x00000284a2730e70 JavaThread "JavaFX Application Thread"         [_thread_in_native, id=17432, stack(0x0000008571800000,0x0000008571900000) (1024K)]
  0x00000284a2c40000 JavaThread "JavaFX-Launcher"                   [_thread_blocked, id=16332, stack(0x0000008571ec0000,0x0000008571fc0000) (1024K)]
  0x00000284a2c41d40 JavaThread "Thread-2"                   daemon [_thread_in_native, id=16324, stack(0x0000008570d00000,0x0000008570e00000) (1024K)]
  0x00000284a9e60b70 JavaThread "Prism Font Disposer"        daemon [_thread_blocked, id=7196, stack(0x00000085729c0000,0x0000008572ac0000) (1024K)]
  0x00000284a9e63750 JavaThread "Cleaner-0"                  daemon [_thread_blocked, id=6352, stack(0x0000008572ac0000,0x0000008572bc0000) (1024K)]
  0x00000284a9e628b0 JavaThread "JFR Recorder Thread"        daemon [_thread_in_native, id=14020, stack(0x0000008571fc0000,0x00000085720c0000) (1024K)]
  0x000002845c48e6a0 JavaThread "C2 CompilerThread1"         daemon [_thread_blocked, id=17904, stack(0x0000008572bd0000,0x0000008572cd0000) (1024K)]
  0x00000284a9e63ea0 JavaThread "JFR Periodic Tasks"         daemon [_thread_blocked, id=7920, stack(0x0000008572cd0000,0x0000008572dd0000) (1024K)]
  0x00000284a275a630 JavaThread "C2 CompilerThread2"         daemon [_thread_blocked, id=5240, stack(0x0000008572dd0000,0x0000008572ed0000) (1024K)]
Total: 27

Other Threads:
  0x000002845981b600 VMThread "VM Thread"                           [id=3204, stack(0x0000008570200000,0x0000008570300000) (1024K)]
  0x0000028459769b20 WatcherThread "VM Periodic Task Thread"        [id=15000, stack(0x0000008570100000,0x0000008570200000) (1024K)]
  0x00000284596cfe90 WorkerThread "GC Thread#0"                     [id=7440, stack(0x000000856fc00000,0x000000856fd00000) (1024K)]
  0x00000284a2dc18f0 WorkerThread "GC Thread#1"                     [id=2860, stack(0x00000085720c0000,0x00000085721c0000) (1024K)]
  0x00000284a2dc3dd0 WorkerThread "GC Thread#2"                     [id=18416, stack(0x00000085721c0000,0x00000085722c0000) (1024K)]
  0x00000284a2dc4180 WorkerThread "GC Thread#3"                     [id=17288, stack(0x00000085722c0000,0x00000085723c0000) (1024K)]
  0x00000284a2dc4530 WorkerThread "GC Thread#4"                     [id=9292, stack(0x00000085723c0000,0x00000085724c0000) (1024K)]
  0x00000284a2dc1540 WorkerThread "GC Thread#5"                     [id=4920, stack(0x00000085724c0000,0x00000085725c0000) (1024K)]
  0x00000284a2dc2050 WorkerThread "GC Thread#6"                     [id=11020, stack(0x00000085725c0000,0x00000085726c0000) (1024K)]
  0x00000284a2dc48e0 WorkerThread "GC Thread#7"                     [id=1328, stack(0x00000085726c0000,0x00000085727c0000) (1024K)]
  0x00000284a2dc0de0 WorkerThread "GC Thread#8"                     [id=19148, stack(0x00000085727c0000,0x00000085728c0000) (1024K)]
  0x00000284a2dc2b60 WorkerThread "GC Thread#9"                     [id=8788, stack(0x00000085728c0000,0x00000085729c0000) (1024K)]
  0x00000284378607f0 ConcurrentGCThread "G1 Main Marker"            [id=2200, stack(0x000000856fd00000,0x000000856fe00000) (1024K)]
  0x0000028437862150 WorkerThread "G1 Conc#0"                       [id=7892, stack(0x000000856fe00000,0x000000856ff00000) (1024K)]
  0x000002845975cce0 ConcurrentGCThread "G1 Refine#0"               [id=13768, stack(0x000000856ff00000,0x0000008570000000) (1024K)]
  0x000002845975f530 ConcurrentGCThread "G1 Service"                [id=6116, stack(0x0000008570000000,0x0000008570100000) (1024K)]
Total: 16

Threads with active compile tasks:
Total: 0

VM state: not at safepoint (normal execution)

VM Mutex/Monitor currently owned by a thread: None

Heap address: 0x0000000601000000, size: 8176 MB, Compressed Oops mode: Zero based, Oop shift amount: 3

CDS archive(s) mapped at: [0x000002845d000000-0x000002845dd40000-0x000002845dd40000), size 13893632, SharedBaseAddress: 0x000002845d000000, ArchiveRelocationMode: 1.
Compressed class space mapped at: 0x000002845e000000-0x000002849e000000, reserved size: 1073741824
UseCompressedClassPointers 1, UseCompactObjectHeaders 0
Narrow klass pointer bits 32, Max shift 3
Narrow klass base: 0x000002845d000000, Narrow klass shift: 0
Encoding Range: [0x000002845d000000 - 0x000002855d000000), (4294967296 bytes)
Klass Range:    [0x000002845d000000 - 0x000002849e000000), (1090519040 bytes)
Klass ID Range:  [8 - 1090519033) (1090519025)

GC Precious Log:
 CardTable entry size: 512
 Card Set container configuration: InlinePtr #cards 4 size 8 Array Of Cards #cards 32 size 80 Howl #buckets 8 coarsen threshold 7372 Howl Bitmap #cards 1024 size 144 coarsen threshold 921 Card regions per heap region 1 cards per card region 8192
 CPUs: 12 total, 12 available
 Memory: 32694M
 Large Page Support: Disabled
 NUMA Support: Disabled
 Compressed Oops: Enabled (Zero based)
 Heap Region Size: 4M
 Heap Min Capacity: 8M
 Heap Initial Capacity: 512M
 Heap Max Capacity: 8176M
 Pre-touch: Disabled
 Parallel Workers: 10
 Concurrent Workers: 3
 Concurrent Refinement Workers: 10
 Periodic GC: Disabled

Heap:
 garbage-first heap   total reserved 8372224K, committed 528384K, used 63547K [0x0000000601000000, 0x0000000800000000)
  region size 4096K, 17 young (69632K), 2 survivors (8192K)
 Metaspace       used 18973K, committed 19264K, reserved 1114112K
  class space    used 2388K, committed 2496K, reserved 1048576K

Heap Regions: E=young(eden), S=young(survivor), O=old, HS=humongous(starts), HC=humongous(continues), CS=collection set, F=free, TAMS=top-at-mark-start, PB=parsable bottom
|   0|0x0000000601000000, 0x0000000601000000, 0x0000000601400000|  0%| F|  |TAMS 0x0000000601000000| PB 0x0000000601000000| Untracked |  0
|   1|0x0000000601400000, 0x0000000601400000, 0x0000000601800000|  0%| F|  |TAMS 0x0000000601400000| PB 0x0000000601400000| Untracked |  0
|   2|0x0000000601800000, 0x0000000601800000, 0x0000000601c00000|  0%| F|  |TAMS 0x0000000601800000| PB 0x0000000601800000| Untracked |  0
|   3|0x0000000601c00000, 0x0000000601c00000, 0x0000000602000000|  0%| F|  |TAMS 0x0000000601c00000| PB 0x0000000601c00000| Untracked |  0
|   4|0x0000000602000000, 0x0000000602000000, 0x0000000602400000|  0%| F|  |TAMS 0x0000000602000000| PB 0x0000000602000000| Untracked |  0
|   5|0x0000000602400000, 0x0000000602400000, 0x0000000602800000|  0%| F|  |TAMS 0x0000000602400000| PB 0x0000000602400000| Untracked |  0
|   6|0x0000000602800000, 0x0000000602800000, 0x0000000602c00000|  0%| F|  |TAMS 0x0000000602800000| PB 0x0000000602800000| Untracked |  0
|   7|0x0000000602c00000, 0x0000000602c00000, 0x0000000603000000|  0%| F|  |TAMS 0x0000000602c00000| PB 0x0000000602c00000| Untracked |  0
|   8|0x0000000603000000, 0x0000000603000000, 0x0000000603400000|  0%| F|  |TAMS 0x0000000603000000| PB 0x0000000603000000| Untracked |  0
|   9|0x0000000603400000, 0x0000000603400000, 0x0000000603800000|  0%| F|  |TAMS 0x0000000603400000| PB 0x0000000603400000| Untracked |  0
|  10|0x0000000603800000, 0x0000000603800000, 0x0000000603c00000|  0%| F|  |TAMS 0x0000000603800000| PB 0x0000000603800000| Untracked |  0
|  11|0x0000000603c00000, 0x0000000603c00000, 0x0000000604000000|  0%| F|  |TAMS 0x0000000603c00000| PB 0x0000000603c00000| Untracked |  0
|  12|0x0000000604000000, 0x0000000604000000, 0x0000000604400000|  0%| F|  |TAMS 0x0000000604000000| PB 0x0000000604000000| Untracked |  0
|  13|0x0000000604400000, 0x0000000604400000, 0x0000000604800000|  0%| F|  |TAMS 0x0000000604400000| PB 0x0000000604400000| Untracked |  0
|  14|0x0000000604800000, 0x0000000604800000, 0x0000000604c00000|  0%| F|  |TAMS 0x0000000604800000| PB 0x0000000604800000| Untracked |  0
|  15|0x0000000604c00000, 0x0000000604c00000, 0x0000000605000000|  0%| F|  |TAMS 0x0000000604c00000| PB 0x0000000604c00000| Untracked |  0
|  16|0x0000000605000000, 0x0000000605000000, 0x0000000605400000|  0%| F|  |TAMS 0x0000000605000000| PB 0x0000000605000000| Untracked |  0
|  17|0x0000000605400000, 0x0000000605400000, 0x0000000605800000|  0%| F|  |TAMS 0x0000000605400000| PB 0x0000000605400000| Untracked |  0
|  18|0x0000000605800000, 0x0000000605800000, 0x0000000605c00000|  0%| F|  |TAMS 0x0000000605800000| PB 0x0000000605800000| Untracked |  0
|  19|0x0000000605c00000, 0x0000000605c00000, 0x0000000606000000|  0%| F|  |TAMS 0x0000000605c00000| PB 0x0000000605c00000| Untracked |  0
|  20|0x0000000606000000, 0x0000000606000000, 0x0000000606400000|  0%| F|  |TAMS 0x0000000606000000| PB 0x0000000606000000| Untracked |  0
|  21|0x0000000606400000, 0x0000000606400000, 0x0000000606800000|  0%| F|  |TAMS 0x0000000606400000| PB 0x0000000606400000| Untracked |  0
|  22|0x0000000606800000, 0x0000000606800000, 0x0000000606c00000|  0%| F|  |TAMS 0x0000000606800000| PB 0x0000000606800000| Untracked |  0
|  23|0x0000000606c00000, 0x0000000606c00000, 0x0000000607000000|  0%| F|  |TAMS 0x0000000606c00000| PB 0x0000000606c00000| Untracked |  0
|  24|0x0000000607000000, 0x0000000607000000, 0x0000000607400000|  0%| F|  |TAMS 0x0000000607000000| PB 0x0000000607000000| Untracked |  0
|  25|0x0000000607400000, 0x0000000607400000, 0x0000000607800000|  0%| F|  |TAMS 0x0000000607400000| PB 0x0000000607400000| Untracked |  0
|  26|0x0000000607800000, 0x0000000607800000, 0x0000000607c00000|  0%| F|  |TAMS 0x0000000607800000| PB 0x0000000607800000| Untracked |  0
|  27|0x0000000607c00000, 0x0000000607c00000, 0x0000000608000000|  0%| F|  |TAMS 0x0000000607c00000| PB 0x0000000607c00000| Untracked |  0
|  28|0x0000000608000000, 0x0000000608000000, 0x0000000608400000|  0%| F|  |TAMS 0x0000000608000000| PB 0x0000000608000000| Untracked |  0
|  29|0x0000000608400000, 0x0000000608400000, 0x0000000608800000|  0%| F|  |TAMS 0x0000000608400000| PB 0x0000000608400000| Untracked |  0
|  30|0x0000000608800000, 0x0000000608800000, 0x0000000608c00000|  0%| F|  |TAMS 0x0000000608800000| PB 0x0000000608800000| Untracked |  0
|  31|0x0000000608c00000, 0x0000000608c00000, 0x0000000609000000|  0%| F|  |TAMS 0x0000000608c00000| PB 0x0000000608c00000| Untracked |  0
|  32|0x0000000609000000, 0x0000000609000000, 0x0000000609400000|  0%| F|  |TAMS 0x0000000609000000| PB 0x0000000609000000| Untracked |  0
|  33|0x0000000609400000, 0x0000000609400000, 0x0000000609800000|  0%| F|  |TAMS 0x0000000609400000| PB 0x0000000609400000| Untracked |  0
|  34|0x0000000609800000, 0x0000000609800000, 0x0000000609c00000|  0%| F|  |TAMS 0x0000000609800000| PB 0x0000000609800000| Untracked |  0
|  35|0x0000000609c00000, 0x0000000609c00000, 0x000000060a000000|  0%| F|  |TAMS 0x0000000609c00000| PB 0x0000000609c00000| Untracked |  0
|  36|0x000000060a000000, 0x000000060a000000, 0x000000060a400000|  0%| F|  |TAMS 0x000000060a000000| PB 0x000000060a000000| Untracked |  0
|  37|0x000000060a400000, 0x000000060a400000, 0x000000060a800000|  0%| F|  |TAMS 0x000000060a400000| PB 0x000000060a400000| Untracked |  0
|  38|0x000000060a800000, 0x000000060a800000, 0x000000060ac00000|  0%| F|  |TAMS 0x000000060a800000| PB 0x000000060a800000| Untracked |  0
|  39|0x000000060ac00000, 0x000000060ac00000, 0x000000060b000000|  0%| F|  |TAMS 0x000000060ac00000| PB 0x000000060ac00000| Untracked |  0
|  40|0x000000060b000000, 0x000000060b000000, 0x000000060b400000|  0%| F|  |TAMS 0x000000060b000000| PB 0x000000060b000000| Untracked |  0
|  41|0x000000060b400000, 0x000000060b400000, 0x000000060b800000|  0%| F|  |TAMS 0x000000060b400000| PB 0x000000060b400000| Untracked |  0
|  42|0x000000060b800000, 0x000000060b800000, 0x000000060bc00000|  0%| F|  |TAMS 0x000000060b800000| PB 0x000000060b800000| Untracked |  0
|  43|0x000000060bc00000, 0x000000060bc00000, 0x000000060c000000|  0%| F|  |TAMS 0x000000060bc00000| PB 0x000000060bc00000| Untracked |  0
|  44|0x000000060c000000, 0x000000060c000000, 0x000000060c400000|  0%| F|  |TAMS 0x000000060c000000| PB 0x000000060c000000| Untracked |  0
|  45|0x000000060c400000, 0x000000060c400000, 0x000000060c800000|  0%| F|  |TAMS 0x000000060c400000| PB 0x000000060c400000| Untracked |  0
|  46|0x000000060c800000, 0x000000060c800000, 0x000000060cc00000|  0%| F|  |TAMS 0x000000060c800000| PB 0x000000060c800000| Untracked |  0
|  47|0x000000060cc00000, 0x000000060cc00000, 0x000000060d000000|  0%| F|  |TAMS 0x000000060cc00000| PB 0x000000060cc00000| Untracked |  0
|  48|0x000000060d000000, 0x000000060d000000, 0x000000060d400000|  0%| F|  |TAMS 0x000000060d000000| PB 0x000000060d000000| Untracked |  0
|  49|0x000000060d400000, 0x000000060d400000, 0x000000060d800000|  0%| F|  |TAMS 0x000000060d400000| PB 0x000000060d400000| Untracked |  0
|  50|0x000000060d800000, 0x000000060d800000, 0x000000060dc00000|  0%| F|  |TAMS 0x000000060d800000| PB 0x000000060d800000| Untracked |  0
|  51|0x000000060dc00000, 0x000000060dc00000, 0x000000060e000000|  0%| F|  |TAMS 0x000000060dc00000| PB 0x000000060dc00000| Untracked |  0
|  52|0x000000060e000000, 0x000000060e000000, 0x000000060e400000|  0%| F|  |TAMS 0x000000060e000000| PB 0x000000060e000000| Untracked |  0
|  53|0x000000060e400000, 0x000000060e400000, 0x000000060e800000|  0%| F|  |TAMS 0x000000060e400000| PB 0x000000060e400000| Untracked |  0
|  54|0x000000060e800000, 0x000000060e800000, 0x000000060ec00000|  0%| F|  |TAMS 0x000000060e800000| PB 0x000000060e800000| Untracked |  0
|  55|0x000000060ec00000, 0x000000060ec00000, 0x000000060f000000|  0%| F|  |TAMS 0x000000060ec00000| PB 0x000000060ec00000| Untracked |  0
|  56|0x000000060f000000, 0x000000060f000000, 0x000000060f400000|  0%| F|  |TAMS 0x000000060f000000| PB 0x000000060f000000| Untracked |  0
|  57|0x000000060f400000, 0x000000060f400000, 0x000000060f800000|  0%| F|  |TAMS 0x000000060f400000| PB 0x000000060f400000| Untracked |  0
|  58|0x000000060f800000, 0x000000060f800000, 0x000000060fc00000|  0%| F|  |TAMS 0x000000060f800000| PB 0x000000060f800000| Untracked |  0
|  59|0x000000060fc00000, 0x000000060fc00000, 0x0000000610000000|  0%| F|  |TAMS 0x000000060fc00000| PB 0x000000060fc00000| Untracked |  0
|  60|0x0000000610000000, 0x0000000610000000, 0x0000000610400000|  0%| F|  |TAMS 0x0000000610000000| PB 0x0000000610000000| Untracked |  0
|  61|0x0000000610400000, 0x0000000610400000, 0x0000000610800000|  0%| F|  |TAMS 0x0000000610400000| PB 0x0000000610400000| Untracked |  0
|  62|0x0000000610800000, 0x0000000610800000, 0x0000000610c00000|  0%| F|  |TAMS 0x0000000610800000| PB 0x0000000610800000| Untracked |  0
|  63|0x0000000610c00000, 0x0000000610c00000, 0x0000000611000000|  0%| F|  |TAMS 0x0000000610c00000| PB 0x0000000610c00000| Untracked |  0
|  64|0x0000000611000000, 0x0000000611000000, 0x0000000611400000|  0%| F|  |TAMS 0x0000000611000000| PB 0x0000000611000000| Untracked |  0
|  65|0x0000000611400000, 0x0000000611400000, 0x0000000611800000|  0%| F|  |TAMS 0x0000000611400000| PB 0x0000000611400000| Untracked |  0
|  66|0x0000000611800000, 0x0000000611800000, 0x0000000611c00000|  0%| F|  |TAMS 0x0000000611800000| PB 0x0000000611800000| Untracked |  0
|  67|0x0000000611c00000, 0x0000000611c00000, 0x0000000612000000|  0%| F|  |TAMS 0x0000000611c00000| PB 0x0000000611c00000| Untracked |  0
|  68|0x0000000612000000, 0x0000000612000000, 0x0000000612400000|  0%| F|  |TAMS 0x0000000612000000| PB 0x0000000612000000| Untracked |  0
|  69|0x0000000612400000, 0x0000000612400000, 0x0000000612800000|  0%| F|  |TAMS 0x0000000612400000| PB 0x0000000612400000| Untracked |  0
|  70|0x0000000612800000, 0x0000000612800000, 0x0000000612c00000|  0%| F|  |TAMS 0x0000000612800000| PB 0x0000000612800000| Untracked |  0
|  71|0x0000000612c00000, 0x0000000612c00000, 0x0000000613000000|  0%| F|  |TAMS 0x0000000612c00000| PB 0x0000000612c00000| Untracked |  0
|  72|0x0000000613000000, 0x0000000613000000, 0x0000000613400000|  0%| F|  |TAMS 0x0000000613000000| PB 0x0000000613000000| Untracked |  0
|  73|0x0000000613400000, 0x0000000613400000, 0x0000000613800000|  0%| F|  |TAMS 0x0000000613400000| PB 0x0000000613400000| Untracked |  0
|  74|0x0000000613800000, 0x0000000613800000, 0x0000000613c00000|  0%| F|  |TAMS 0x0000000613800000| PB 0x0000000613800000| Untracked |  0
|  75|0x0000000613c00000, 0x0000000613c00000, 0x0000000614000000|  0%| F|  |TAMS 0x0000000613c00000| PB 0x0000000613c00000| Untracked |  0
|  76|0x0000000614000000, 0x0000000614000000, 0x0000000614400000|  0%| F|  |TAMS 0x0000000614000000| PB 0x0000000614000000| Untracked |  0
|  77|0x0000000614400000, 0x0000000614400000, 0x0000000614800000|  0%| F|  |TAMS 0x0000000614400000| PB 0x0000000614400000| Untracked |  0
|  78|0x0000000614800000, 0x0000000614800000, 0x0000000614c00000|  0%| F|  |TAMS 0x0000000614800000| PB 0x0000000614800000| Untracked |  0
|  79|0x0000000614c00000, 0x0000000614c00000, 0x0000000615000000|  0%| F|  |TAMS 0x0000000614c00000| PB 0x0000000614c00000| Untracked |  0
|  80|0x0000000615000000, 0x0000000615000000, 0x0000000615400000|  0%| F|  |TAMS 0x0000000615000000| PB 0x0000000615000000| Untracked |  0
|  81|0x0000000615400000, 0x0000000615400000, 0x0000000615800000|  0%| F|  |TAMS 0x0000000615400000| PB 0x0000000615400000| Untracked |  0
|  82|0x0000000615800000, 0x0000000615800000, 0x0000000615c00000|  0%| F|  |TAMS 0x0000000615800000| PB 0x0000000615800000| Untracked |  0
|  83|0x0000000615c00000, 0x0000000615c00000, 0x0000000616000000|  0%| F|  |TAMS 0x0000000615c00000| PB 0x0000000615c00000| Untracked |  0
|  84|0x0000000616000000, 0x0000000616000000, 0x0000000616400000|  0%| F|  |TAMS 0x0000000616000000| PB 0x0000000616000000| Untracked |  0
|  85|0x0000000616400000, 0x0000000616400000, 0x0000000616800000|  0%| F|  |TAMS 0x0000000616400000| PB 0x0000000616400000| Untracked |  0
|  86|0x0000000616800000, 0x0000000616800000, 0x0000000616c00000|  0%| F|  |TAMS 0x0000000616800000| PB 0x0000000616800000| Untracked |  0
|  87|0x0000000616c00000, 0x0000000616c00000, 0x0000000617000000|  0%| F|  |TAMS 0x0000000616c00000| PB 0x0000000616c00000| Untracked |  0
|  88|0x0000000617000000, 0x0000000617000000, 0x0000000617400000|  0%| F|  |TAMS 0x0000000617000000| PB 0x0000000617000000| Untracked |  0
|  89|0x0000000617400000, 0x0000000617400000, 0x0000000617800000|  0%| F|  |TAMS 0x0000000617400000| PB 0x0000000617400000| Untracked |  0
|  90|0x0000000617800000, 0x0000000617800000, 0x0000000617c00000|  0%| F|  |TAMS 0x0000000617800000| PB 0x0000000617800000| Untracked |  0
|  91|0x0000000617c00000, 0x0000000617c00000, 0x0000000618000000|  0%| F|  |TAMS 0x0000000617c00000| PB 0x0000000617c00000| Untracked |  0
|  92|0x0000000618000000, 0x0000000618000000, 0x0000000618400000|  0%| F|  |TAMS 0x0000000618000000| PB 0x0000000618000000| Untracked |  0
|  93|0x0000000618400000, 0x0000000618400000, 0x0000000618800000|  0%| F|  |TAMS 0x0000000618400000| PB 0x0000000618400000| Untracked |  0
|  94|0x0000000618800000, 0x0000000618800000, 0x0000000618c00000|  0%| F|  |TAMS 0x0000000618800000| PB 0x0000000618800000| Untracked |  0
|  95|0x0000000618c00000, 0x0000000618c00000, 0x0000000619000000|  0%| F|  |TAMS 0x0000000618c00000| PB 0x0000000618c00000| Untracked |  0
|  96|0x0000000619000000, 0x0000000619000000, 0x0000000619400000|  0%| F|  |TAMS 0x0000000619000000| PB 0x0000000619000000| Untracked |  0
|  97|0x0000000619400000, 0x0000000619400000, 0x0000000619800000|  0%| F|  |TAMS 0x0000000619400000| PB 0x0000000619400000| Untracked |  0
|  98|0x0000000619800000, 0x0000000619800000, 0x0000000619c00000|  0%| F|  |TAMS 0x0000000619800000| PB 0x0000000619800000| Untracked |  0
|  99|0x0000000619c00000, 0x0000000619c00000, 0x000000061a000000|  0%| F|  |TAMS 0x0000000619c00000| PB 0x0000000619c00000| Untracked |  0
| 100|0x000000061a000000, 0x000000061a000000, 0x000000061a400000|  0%| F|  |TAMS 0x000000061a000000| PB 0x000000061a000000| Untracked |  0
| 101|0x000000061a400000, 0x000000061a400000, 0x000000061a800000|  0%| F|  |TAMS 0x000000061a400000| PB 0x000000061a400000| Untracked |  0
| 102|0x000000061a800000, 0x000000061a800000, 0x000000061ac00000|  0%| F|  |TAMS 0x000000061a800000| PB 0x000000061a800000| Untracked |  0
| 103|0x000000061ac00000, 0x000000061ac00000, 0x000000061b000000|  0%| F|  |TAMS 0x000000061ac00000| PB 0x000000061ac00000| Untracked |  0
| 104|0x000000061b000000, 0x000000061b000000, 0x000000061b400000|  0%| F|  |TAMS 0x000000061b000000| PB 0x000000061b000000| Untracked |  0
| 105|0x000000061b400000, 0x000000061b400000, 0x000000061b800000|  0%| F|  |TAMS 0x000000061b400000| PB 0x000000061b400000| Untracked |  0
| 106|0x000000061b800000, 0x000000061b800000, 0x000000061bc00000|  0%| F|  |TAMS 0x000000061b800000| PB 0x000000061b800000| Untracked |  0
| 107|0x000000061bc00000, 0x000000061bc00000, 0x000000061c000000|  0%| F|  |TAMS 0x000000061bc00000| PB 0x000000061bc00000| Untracked |  0
| 108|0x000000061c000000, 0x000000061c000000, 0x000000061c400000|  0%| F|  |TAMS 0x000000061c000000| PB 0x000000061c000000| Untracked |  0
| 109|0x000000061c400000, 0x000000061c400000, 0x000000061c800000|  0%| F|  |TAMS 0x000000061c400000| PB 0x000000061c400000| Untracked |  0
| 110|0x000000061c800000, 0x000000061c800000, 0x000000061cc00000|  0%| F|  |TAMS 0x000000061c800000| PB 0x000000061c800000| Untracked |  0
| 111|0x000000061cc00000, 0x000000061cf5e700, 0x000000061d000000| 84%| E|  |TAMS 0x000000061cc00000| PB 0x000000061cc00000| Complete |  0
| 112|0x000000061d000000, 0x000000061d400000, 0x000000061d400000|100%| E|CS|TAMS 0x000000061d000000| PB 0x000000061d000000| Complete |  0
| 113|0x000000061d400000, 0x000000061d800000, 0x000000061d800000|100%| E|CS|TAMS 0x000000061d400000| PB 0x000000061d400000| Complete |  0
| 114|0x000000061d800000, 0x000000061d8f2b10, 0x000000061dc00000| 23%| S|CS|TAMS 0x000000061d800000| PB 0x000000061d800000| Complete |  0
| 115|0x000000061dc00000, 0x000000061e000000, 0x000000061e000000|100%| S|CS|TAMS 0x000000061dc00000| PB 0x000000061dc00000| Complete |  0
| 116|0x000000061e000000, 0x000000061e400000, 0x000000061e400000|100%| E|CS|TAMS 0x000000061e000000| PB 0x000000061e000000| Complete |  0
| 117|0x000000061e400000, 0x000000061e800000, 0x000000061e800000|100%| E|CS|TAMS 0x000000061e400000| PB 0x000000061e400000| Complete |  0
| 118|0x000000061e800000, 0x000000061ec00000, 0x000000061ec00000|100%| E|CS|TAMS 0x000000061e800000| PB 0x000000061e800000| Complete |  0
| 119|0x000000061ec00000, 0x000000061f000000, 0x000000061f000000|100%| E|CS|TAMS 0x000000061ec00000| PB 0x000000061ec00000| Complete |  0
| 120|0x000000061f000000, 0x000000061f400000, 0x000000061f400000|100%| E|CS|TAMS 0x000000061f000000| PB 0x000000061f000000| Complete |  0
| 121|0x000000061f400000, 0x000000061f800000, 0x000000061f800000|100%| E|CS|TAMS 0x000000061f400000| PB 0x000000061f400000| Complete |  0
| 122|0x000000061f800000, 0x000000061fc00000, 0x000000061fc00000|100%| E|CS|TAMS 0x000000061f800000| PB 0x000000061f800000| Complete |  0
| 123|0x000000061fc00000, 0x0000000620000000, 0x0000000620000000|100%| E|CS|TAMS 0x000000061fc00000| PB 0x000000061fc00000| Complete |  0
| 124|0x0000000620000000, 0x0000000620400000, 0x0000000620400000|100%| E|CS|TAMS 0x0000000620000000| PB 0x0000000620000000| Complete |  0
| 125|0x0000000620400000, 0x0000000620800000, 0x0000000620800000|100%| E|CS|TAMS 0x0000000620400000| PB 0x0000000620400000| Complete |  0
| 126|0x0000000620800000, 0x0000000620c00000, 0x0000000620c00000|100%| E|CS|TAMS 0x0000000620800000| PB 0x0000000620800000| Complete |  0
| 127|0x0000000620c00000, 0x0000000621000000, 0x0000000621000000|100%| E|CS|TAMS 0x0000000620c00000| PB 0x0000000620c00000| Complete |  0
|2043|0x00000007ffc00000, 0x00000007ffd1c348, 0x0000000800000000| 27%| O|  |TAMS 0x00000007ffc00000| PB 0x00000007ffc00000| Untracked |  0

Card table byte_map: [0x00000284506d0000,0x00000284516d0000] _byte_map_base: 0x000002844d6c8000

Marking Bits: (CMBitMap*) 0x00000284596d05a0
 Bits: [0x00000284516d0000, 0x0000028459690000)

Polling page: 0x0000028435350000

Metaspace:

Usage:
  Non-class:     16.20 MB used.
      Class:      2.33 MB used.
       Both:     18.53 MB used.

Virtual space:
  Non-class space:       64.00 MB reserved,      16.38 MB ( 26%) committed,  1 nodes.
      Class space:        1.00 GB reserved,       2.44 MB ( <1%) committed,  1 nodes.
             Both:        1.06 GB reserved,      18.81 MB (  2%) committed. 

Chunk freelists:
   Non-Class:  14.99 MB
       Class:  13.57 MB
        Both:  28.55 MB

MaxMetaspaceSize: unlimited
CompressedClassSpaceSize: 1.00 GB
Initial GC threshold: 21.00 MB
Current GC threshold: 21.00 MB
CDS: on
 - commit_granule_bytes: 65536.
 - commit_granule_words: 8192.
 - virtual_space_node_default_size: 8388608.
 - enlarge_chunks_in_place: 1.
UseCompressedClassPointers 1, UseCompactObjectHeaders 0
Narrow klass pointer bits 32, Max shift 3
Narrow klass base: 0x000002845d000000, Narrow klass shift: 0
Encoding Range: [0x000002845d000000 - 0x000002855d000000), (4294967296 bytes)
Klass Range:    [0x000002845d000000 - 0x000002849e000000), (1090519040 bytes)
Klass ID Range:  [8 - 1090519033) (1090519025)


Internal statistics:

num_allocs_failed_limit: 0.
num_arena_births: 274.
num_arena_deaths: 0.
num_vsnodes_births: 2.
num_vsnodes_deaths: 0.
num_space_committed: 301.
num_space_uncommitted: 0.
num_chunks_returned_to_freelist: 0.
num_chunks_taken_from_freelist: 742.
num_chunk_merges: 0.
num_chunk_splits: 506.
num_chunks_enlarged: 376.
num_inconsistent_stats: 0.

CodeHeap 'non-profiled nmethods': size=120064Kb used=1279Kb max_used=1279Kb free=118785Kb
 bounds [0x0000028447b30000, 0x0000028447da0000, 0x000002844f070000]
CodeHeap 'profiled nmethods': size=120000Kb used=5348Kb max_used=5348Kb free=114651Kb
 bounds [0x0000028440070000, 0x00000284405b0000, 0x00000284475a0000]
CodeHeap 'non-nmethods': size=5696Kb used=1674Kb max_used=1733Kb free=4021Kb
 bounds [0x00000284475a0000, 0x0000028447810000, 0x0000028447b30000]
CodeCache: size=245760Kb, used=8301Kb, max_used=8360Kb, free=237457Kb
 total_blobs=4201, nmethods=3361, adapters=745, full_count=0
Compilation: enabled, stopped_count=0, restarted_count=0

Compilation events (20 events):
Event: 6.107 Thread 0x0000028459856e70 nmethod 3355 0x0000028447c64908 code [0x0000028447c64a00, 0x0000028447c64ac8]
Event: 6.112 Thread 0x00000284a275a630 nmethod 3326 0x0000028447c64c08 code [0x0000028447c64e00, 0x0000028447c665e8]
Event: 6.112 Thread 0x00000284a275a630 3334       4       java.io.DataOutputStream::incCount (20 bytes)
Event: 6.112 Thread 0x00000284a275a630 nmethod 3334 0x0000028447c66688 code [0x0000028447c66780, 0x0000028447c66818]
Event: 6.112 Thread 0x00000284a275a630 3332       4       java.util.LinkedHashMap::get (29 bytes)
Event: 6.116 Thread 0x00000284a275a630 nmethod 3332 0x0000028447c66988 code [0x0000028447c66ac0, 0x0000028447c66e00]
Event: 6.116 Thread 0x00000284a275a630 3337       4       java.util.HashSet::contains (9 bytes)
Event: 6.117 Thread 0x0000028459856e70 3358       1       jdk.jfr.internal.periodic.EventTask::getEventType (5 bytes)
Event: 6.117 Thread 0x0000028459856e70 nmethod 3358 0x0000028447c66e88 code [0x0000028447c66f80, 0x0000028447c67048]
Event: 6.117 Thread 0x0000028459856e70 3359       1       jdk.jfr.internal.periodic.PeriodicTask::getPeriod (5 bytes)
Event: 6.117 Thread 0x0000028459856e70 nmethod 3359 0x0000028447c67188 code [0x0000028447c67280, 0x0000028447c67348]
Event: 6.117 Thread 0x0000028459856e70 3360       3       java.util.Comparator$$Lambda/0x000002845e2660e8::compare (10 bytes)
Event: 6.117 Thread 0x0000028459856e70 nmethod 3360 0x00000284405a8708 code [0x00000284405a8860, 0x00000284405a8cd8]
Event: 6.117 Thread 0x0000028459856e70 3361       3       java.util.Comparator::lambda$comparingLong$6043328a$1 (18 bytes)
Event: 6.117 Thread 0x0000028459856e70 nmethod 3361 0x00000284405a8d08 code [0x00000284405a8e60, 0x00000284405a9240]
Event: 6.118 Thread 0x00000284a275a630 nmethod 3337 0x0000028447c67488 code [0x0000028447c675c0, 0x0000028447c67908]
Event: 6.119 Thread 0x00000284a275a630 3329       4       java.util.LinkedHashMap::linkNodeAtEnd (76 bytes)
Event: 6.119 Thread 0x00000284a275a630 nmethod 3329 0x0000028447c67988 code [0x0000028447c67aa0, 0x0000028447c67fc8]
Event: 6.120 Thread 0x00000284598412a0 nmethod 3327 0x0000028447c68008 code [0x0000028447c68340, 0x0000028447c6bb88]
Event: 6.134 Thread 0x000002845c48e6a0 nmethod 3314 0x0000028447c6bc88 code [0x0000028447c6c140, 0x0000028447c6fae8]

GC Heap History (2 events):
Event: 0.574 GC heap before
{Heap before GC invocations=0 (full 0):
 garbage-first heap   total reserved 8372224K, committed 528384K, used 50288K [0x0000000601000000, 0x0000000800000000)
  region size 4096K, 12 young (49152K), 0 survivors (0K)
 Metaspace       used 10487K, committed 10816K, reserved 1114112K
  class space    used 1050K, committed 1216K, reserved 1048576K
}
Event: 0.576 GC heap after
{Heap after GC invocations=1 (full 0):
 garbage-first heap   total reserved 8372224K, committed 528384K, used 6203K [0x0000000601000000, 0x0000000800000000)
  region size 4096K, 2 young (8192K), 2 survivors (8192K)
 Metaspace       used 10487K, committed 10816K, reserved 1114112K
  class space    used 1050K, committed 1216K, reserved 1048576K
}

Dll operation events (20 events):
Event: 0.216 Loaded shared library C:\Program Files\Java\javafx-sdk-24\bin\api-ms-win-crt-locale-l1-1-0.dll
Event: 0.217 Loaded shared library C:\Program Files\Java\javafx-sdk-24\bin\api-ms-win-crt-math-l1-1-0.dll
Event: 0.218 Loaded shared library C:\Program Files\Java\javafx-sdk-24\bin\api-ms-win-crt-multibyte-l1-1-0.dll
Event: 0.220 Loaded shared library C:\Program Files\Java\javafx-sdk-24\bin\api-ms-win-crt-private-l1-1-0.dll
Event: 0.221 Loaded shared library C:\Program Files\Java\javafx-sdk-24\bin\api-ms-win-crt-process-l1-1-0.dll
Event: 0.223 Loaded shared library C:\Program Files\Java\javafx-sdk-24\bin\api-ms-win-crt-runtime-l1-1-0.dll
Event: 0.224 Loaded shared library C:\Program Files\Java\javafx-sdk-24\bin\api-ms-win-crt-stdio-l1-1-0.dll
Event: 0.226 Loaded shared library C:\Program Files\Java\javafx-sdk-24\bin\api-ms-win-crt-string-l1-1-0.dll
Event: 0.228 Loaded shared library C:\Program Files\Java\javafx-sdk-24\bin\api-ms-win-crt-time-l1-1-0.dll
Event: 0.231 Loaded shared library C:\Program Files\Java\javafx-sdk-24\bin\api-ms-win-crt-utility-l1-1-0.dll
Event: 0.233 Loaded shared library C:\Program Files\Java\javafx-sdk-24\bin\ucrtbase.dll
Event: 0.234 Loaded shared library C:\Program Files\Java\javafx-sdk-24\bin\vcruntime140.dll
Event: 0.236 Loaded shared library C:\Program Files\Java\javafx-sdk-24\bin\vcruntime140_1.dll
Event: 0.237 Loaded shared library C:\Program Files\Java\javafx-sdk-24\bin\msvcp140.dll
Event: 0.238 Loaded shared library C:\Program Files\Java\javafx-sdk-24\bin\msvcp140_1.dll
Event: 0.240 Loaded shared library C:\Program Files\Java\javafx-sdk-24\bin\msvcp140_2.dll
Event: 0.261 Loaded shared library C:\Program Files\Java\javafx-sdk-24\bin\prism_d3d.dll
Event: 0.358 Loaded shared library C:\Program Files\Java\javafx-sdk-24\bin\glass.dll
Event: 0.693 Loaded shared library C:\Program Files\Java\javafx-sdk-24\bin\javafx_font.dll
Event: 5.980 Loaded shared library C:\Users\TIGER\AppData\Local\Temp\idea_libasyncProfiler_dll_temp_folder\libasyncProfiler.dll

Deoptimization events (20 events):
Event: 6.056 Thread 0x000002845982f690 DEOPT PACKING pc=0x0000028447c4f210 sp=0x00000085706fe430
Event: 6.056 Thread 0x000002845982f690 DEOPT UNPACKING pc=0x00000284476b4102 sp=0x00000085706fe3c8 mode 2
Event: 6.057 Thread 0x000002845982f690 Uncommon trap: trap_request=0xffffffde fr.pc=0x0000028447c4f210 relative=0x0000000000000070
Event: 6.057 Thread 0x000002845982f690 Uncommon trap: reason=class_check action=maybe_recompile pc=0x0000028447c4f210 method=jdk.jfr.FlightRecorderPermission$InternalAccess.getType(Ljava/lang/Object;)Ljdk/jfr/internal/Type; @ 18 c2
Event: 6.057 Thread 0x000002845982f690 DEOPT PACKING pc=0x0000028447c4f210 sp=0x00000085706fe430
Event: 6.057 Thread 0x000002845982f690 DEOPT UNPACKING pc=0x00000284476b4102 sp=0x00000085706fe3c8 mode 2
Event: 6.094 Thread 0x000002845982f690 Uncommon trap: trap_request=0xffffff4d fr.pc=0x0000028447c4fb94 relative=0x00000000000000f4
Event: 6.094 Thread 0x000002845982f690 Uncommon trap: reason=unstable_if action=reinterpret pc=0x0000028447c4fb94 method=java.lang.Long.valueOf(J)Ljava/lang/Long; @ 9 c2
Event: 6.094 Thread 0x000002845982f690 DEOPT PACKING pc=0x0000028447c4fb94 sp=0x00000085706fe7b0
Event: 6.094 Thread 0x000002845982f690 DEOPT UNPACKING pc=0x00000284476b4102 sp=0x00000085706fe748 mode 2
Event: 6.098 Thread 0x000002845982f690 Uncommon trap: trap_request=0xffffff4d fr.pc=0x0000028447c6172c relative=0x000000000000020c
Event: 6.098 Thread 0x000002845982f690 Uncommon trap: reason=unstable_if action=reinterpret pc=0x0000028447c6172c method=java.io.ByteArrayOutputStream.ensureCapacity(I)V @ 11 c2
Event: 6.098 Thread 0x000002845982f690 DEOPT PACKING pc=0x0000028447c6172c sp=0x00000085706fe5c0
Event: 6.098 Thread 0x000002845982f690 DEOPT UNPACKING pc=0x00000284476b4102 sp=0x00000085706fe4f8 mode 2
Event: 6.100 Thread 0x000002845982f690 Uncommon trap: trap_request=0xffffff4d fr.pc=0x0000028447c61cf0 relative=0x00000000000003d0
Event: 6.100 Thread 0x000002845982f690 Uncommon trap: reason=unstable_if action=reinterpret pc=0x0000028447c61cf0 method=java.io.ByteArrayOutputStream.ensureCapacity(I)V @ 11 c2
Event: 6.100 Thread 0x000002845982f690 DEOPT PACKING pc=0x0000028447c61cf0 sp=0x00000085706fe520
Event: 6.100 Thread 0x000002845982f690 DEOPT UNPACKING pc=0x00000284476b4102 sp=0x00000085706fe400 mode 2
Event: 6.104 Thread 0x000002845982f690 DEOPT PACKING pc=0x00000284403bcef9 sp=0x00000085706fe630
Event: 6.104 Thread 0x000002845982f690 DEOPT UNPACKING pc=0x00000284475f5722 sp=0x00000085706fda80 mode 0

Classes loaded (20 events):
Event: 6.089 Loading class jdk/jfr/internal/MetadataWriter
Event: 6.089 Loading class jdk/jfr/internal/MetadataWriter done
Event: 6.089 Loading class jdk/jfr/internal/MetadataDescriptor$Element
Event: 6.089 Loading class jdk/jfr/internal/MetadataDescriptor$Element done
Event: 6.089 Loading class jdk/jfr/internal/MetadataDescriptor$Attribute
Event: 6.089 Loading class jdk/jfr/internal/MetadataDescriptor$Attribute done
Event: 6.095 Loading class jdk/jfr/internal/consumer/StringParser$Encoding
Event: 6.095 Loading class jdk/jfr/internal/consumer/StringParser$Encoding done
Event: 6.102 Loading class jdk/jfr/internal/consumer/RepositoryFiles
Event: 6.102 Loading class jdk/jfr/internal/consumer/RepositoryFiles done
Event: 6.103 Loading class jdk/jfr/internal/SettingsManager$InternalSetting
Event: 6.103 Loading class jdk/jfr/internal/SettingsManager$InternalSetting done
Event: 6.105 Loading class jdk/jfr/internal/util/Rate
Event: 6.105 Loading class jdk/jfr/internal/util/Rate done
Event: 6.105 Loading class jdk/jfr/internal/util/TimespanUnit
Event: 6.105 Loading class jdk/jfr/internal/util/TimespanUnit done
Event: 6.105 Loading class jdk/jfr/internal/util/ValueParser
Event: 6.105 Loading class jdk/jfr/internal/util/ValueParser done
Event: 6.106 Loading class jdk/jfr/internal/periodic/PeriodicType
Event: 6.106 Loading class jdk/jfr/internal/periodic/PeriodicType done

Classes unloaded (0 events):
No events

Classes redefined (0 events):
No events

Internal exceptions (20 events):
Event: 0.828 Thread 0x00000284a2730e70 Exception <a 'java/lang/IncompatibleClassChangeError'{0x000000061f692c38}: Found class java.lang.Object, but interface was expected> (0x000000061f692c38) 
thrown [s\open\src\hotspot\share\interpreter\linkResolver.cpp, line 872]
Event: 0.847 Thread 0x00000284a2730e70 Exception <a 'java/lang/ClassNotFoundException'{0x000000061f16ba10}: com/sun/javafx/scene/control/skin/resources/controls> (0x000000061f16ba10) 
thrown [s\open\src\hotspot\share\prims\jni.cpp, line 536]
Event: 0.847 Thread 0x00000284a2730e70 Exception <a 'java/lang/ClassNotFoundException'{0x000000061f178dc8}: com/sun/javafx/scene/control/skin/resources/controls_en> (0x000000061f178dc8) 
thrown [s\open\src\hotspot\share\prims\jni.cpp, line 536]
Event: 0.848 Thread 0x00000284a2730e70 Exception <a 'java/lang/ClassNotFoundException'{0x000000061f179fa0}: com/sun/javafx/scene/control/skin/resources/controls_en_US> (0x000000061f179fa0) 
thrown [s\open\src\hotspot\share\prims\jni.cpp, line 536]
Event: 0.870 Thread 0x00000284a2730e70 Exception <a 'java/lang/NoSuchMethodError'{0x000000061ed35a40}: 'void java.lang.invoke.DirectMethodHandle$Holder.invokeSpecial(java.lang.Object, java.lang.Object, java.lang.Object, java.lang.Object, java.lang.Object, java.lang.Object)'> (0x000000061ed35a40) 
thrown [s\open\src\hotspot\share\interpreter\linkResolver.cpp, line 805]
Event: 0.914 Thread 0x00000284a2730e70 Exception <a 'java/lang/NoSuchMethodError'{0x000000061ea985f8}: 'int java.lang.invoke.DirectMethodHandle$Holder.invokeSpecial(java.lang.Object, java.lang.Object, int)'> (0x000000061ea985f8) 
thrown [s\open\src\hotspot\share\interpreter\linkResolver.cpp, line 805]
Event: 0.915 Thread 0x00000284a2730e70 Exception <a 'java/lang/NoSuchMethodError'{0x000000061eac03b0}: 'java.lang.Object java.lang.invoke.DirectMethodHandle$Holder.invokeStatic(java.lang.Object, java.lang.Object, java.lang.Object, java.lang.Object, int)'> (0x000000061eac03b0) 
thrown [s\open\src\hotspot\share\interpreter\linkResolver.cpp, line 805]
Event: 0.922 Thread 0x00000284a2730e70 Exception <a 'java/lang/NoSuchMethodError'{0x000000061eb37020}: 'java.lang.Object java.lang.invoke.DirectMethodHandle$Holder.newInvokeSpecial(java.lang.Object, java.lang.Object, int)'> (0x000000061eb37020) 
thrown [s\open\src\hotspot\share\interpreter\linkResolver.cpp, line 805]
Event: 0.945 Thread 0x00000284a26d22e0 Exception <a 'java/lang/NoSuchMethodError'{0x000000061e48f130}: 'int java.lang.invoke.DirectMethodHandle$Holder.invokeStaticInit(java.lang.Object, java.lang.Object)'> (0x000000061e48f130) 
thrown [s\open\src\hotspot\share\interpreter\linkResolver.cpp, line 805]
Event: 0.951 Thread 0x00000284a2730e70 Exception <a 'java/lang/NoSuchMethodError'{0x000000061e5103f0}: 'long java.lang.invoke.DirectMethodHandle$Holder.invokeStatic(java.lang.Object, java.lang.Object, java.lang.Object)'> (0x000000061e5103f0) 
thrown [s\open\src\hotspot\share\interpreter\linkResolver.cpp, line 805]
Event: 0.951 Thread 0x00000284a2730e70 Exception <a 'java/lang/NoSuchMethodError'{0x000000061e518250}: 'long java.lang.invoke.DirectMethodHandle$Holder.invokeStaticInit(java.lang.Object, java.lang.Object, java.lang.Object)'> (0x000000061e518250) 
thrown [s\open\src\hotspot\share\interpreter\linkResolver.cpp, line 805]
Event: 3.820 Thread 0x00000284a2730e70 Exception <a 'java/lang/NoSuchMethodError'{0x000000061e3737f8}: 'void java.lang.invoke.DirectMethodHandle$Holder.invokeVirtual(java.lang.Object, java.lang.Object)'> (0x000000061e3737f8) 
thrown [s\open\src\hotspot\share\interpreter\linkResolver.cpp, line 805]
Event: 6.003 Thread 0x000002845982f690 Exception <a 'java/lang/NoSuchMethodError'{0x000000061d4ab840}: 'java.lang.Object java.lang.invoke.DirectMethodHandle$Holder.invokeStatic(java.lang.Object, int, java.lang.Object)'> (0x000000061d4ab840) 
thrown [s\open\src\hotspot\share\interpreter\linkResolver.cpp, line 805]
Event: 6.029 Thread 0x000002845982f690 Exception <a 'java/lang/NoSuchMethodError'{0x000000061d6d64a0}: 'int java.lang.invoke.DirectMethodHandle$Holder.invokeStatic(java.lang.Object, java.lang.Object, java.lang.Object, java.lang.Object)'> (0x000000061d6d64a0) 
thrown [s\open\src\hotspot\share\interpreter\linkResolver.cpp, line 805]
Event: 6.076 Thread 0x000002845982f690 Exception <a 'java/lang/NoSuchMethodError'{0x000000061d2ce280}: 'void java.lang.invoke.DirectMethodHandle$Holder.invokeSpecial(java.lang.Object, java.lang.Object, int)'> (0x000000061d2ce280) 
thrown [s\open\src\hotspot\share\interpreter\linkResolver.cpp, line 805]
Event: 6.076 Thread 0x000002845982f690 Exception <a 'java/lang/NoSuchMethodError'{0x000000061d2d5ea0}: 'void java.lang.invoke.Invokers$Holder.invokeExact_MT(java.lang.Object, int, java.lang.Object)'> (0x000000061d2d5ea0) 
thrown [s\open\src\hotspot\share\interpreter\linkResolver.cpp, line 805]
Event: 6.077 Thread 0x000002845982f690 Exception <a 'java/lang/NoSuchMethodError'{0x000000061d2f01d8}: 'void java.lang.invoke.DirectMethodHandle$Holder.invokeStatic(java.lang.Object, java.lang.Object, int)'> (0x000000061d2f01d8) 
thrown [s\open\src\hotspot\share\interpreter\linkResolver.cpp, line 805]
Event: 6.079 Thread 0x000002845982f690 Exception <a 'sun/nio/fs/WindowsException'{0x000000061d32b0a8}> (0x000000061d32b0a8) 
thrown [s\open\src\hotspot\share\prims\jni.cpp, line 518]
Event: 6.081 Thread 0x000002845982f690 Exception <a 'sun/nio/fs/WindowsException'{0x000000061d337ea0}> (0x000000061d337ea0) 
thrown [s\open\src\hotspot\share\prims\jni.cpp, line 518]
Event: 6.088 Thread 0x000002845982f690 Exception <a 'sun/nio/fs/WindowsException'{0x000000061d3d7110}> (0x000000061d3d7110) 
thrown [s\open\src\hotspot\share\prims\jni.cpp, line 518]

VM Operations (20 events):
Event: 0.295 Executing VM operation: HandshakeAllThreads (Deoptimize)
Event: 0.295 Executing VM operation: HandshakeAllThreads (Deoptimize) done
Event: 0.356 Executing VM operation: HandshakeAllThreads (Deoptimize)
Event: 0.356 Executing VM operation: HandshakeAllThreads (Deoptimize) done
Event: 0.359 Executing VM operation: HandshakeAllThreads (Deoptimize)
Event: 0.359 Executing VM operation: HandshakeAllThreads (Deoptimize) done
Event: 0.573 Executing VM operation: G1CollectForAllocation (G1 Evacuation Pause)
Event: 0.576 Executing VM operation: G1CollectForAllocation (G1 Evacuation Pause) done
Event: 0.697 Executing VM operation: HandshakeAllThreads (Deoptimize)
Event: 0.697 Executing VM operation: HandshakeAllThreads (Deoptimize) done
Event: 0.697 Executing VM operation: HandshakeAllThreads (Deoptimize)
Event: 0.697 Executing VM operation: HandshakeAllThreads (Deoptimize) done
Event: 0.812 Executing VM operation: HandshakeAllThreads (Deoptimize)
Event: 0.812 Executing VM operation: HandshakeAllThreads (Deoptimize) done
Event: 0.812 Executing VM operation: HandshakeAllThreads (Deoptimize)
Event: 0.812 Executing VM operation: HandshakeAllThreads (Deoptimize) done
Event: 6.078 Executing VM operation: HandshakeAllThreads (Deoptimize)
Event: 6.078 Executing VM operation: HandshakeAllThreads (Deoptimize) done
Event: 6.102 Executing VM operation: JFRSafepointClear
Event: 6.102 Executing VM operation: JFRSafepointClear done

Memory protections (0 events):
No events

Nmethod flushes (0 events):
No events

Events (20 events):
Event: 0.127 Thread 0x00000284377e0a90 Thread added: 0x000002845cd31600
Event: 0.256 Thread 0x00000284377e0a90 Thread added: 0x00000284a26d22e0
Event: 0.336 Thread 0x000002845982f690 Thread added: 0x00000284a2215940
Event: 0.345 Thread 0x00000284a2215940 Thread added: 0x00000284a2b5db20
Event: 0.354 Thread 0x00000284a2b5db20 Thread added: 0x000002845cccd2f0
Event: 0.358 Thread 0x00000284a2b5db20 Thread added: 0x000002845cee63d0
Event: 0.359 Thread 0x00000284377e0a90 Thread added: 0x00000284a272cf20
Event: 0.361 Thread 0x00000284377e0a90 Thread added: 0x00000284a2730e70
Event: 0.481 Thread 0x000002845c529a60 Thread exited: 0x000002845c529a60
Event: 0.488 Thread 0x00000284377e0a90 Thread added: 0x00000284a2c40000
Event: 0.501 Thread 0x00000284a2c41d40 Thread added: 0x00000284a2c41d40
Event: 0.564 Thread 0x000002845c4f63d0 Thread added: 0x00000284a2f06820
Event: 0.826 Thread 0x00000284a2730e70 Thread added: 0x00000284a9e60b70
Event: 0.963 Thread 0x00000284a26d22e0 Thread added: 0x00000284a9e63750
Event: 1.141 Thread 0x000002845c4f63d0 Thread exited: 0x000002845c4f63d0
Event: 1.141 Thread 0x00000284a2f06820 Thread exited: 0x00000284a2f06820
Event: 6.007 Thread 0x000002845982f690 Thread added: 0x00000284a9e628b0
Event: 6.028 Thread 0x0000028459856e70 Thread added: 0x000002845c48e6a0
Event: 6.077 Thread 0x000002845982f690 Thread added: 0x00000284a9e63ea0
Event: 6.102 Thread 0x0000028459856e70 Thread added: 0x00000284a275a630


Dynamic libraries:
0x00007ff66c980000 - 0x00007ff66c98e000 	C:\Users\TIGER\.jdks\openjdk-24\bin\java.exe
0x00007ff8e99a0000 - 0x00007ff8e9c00000 	C:\WINDOWS\SYSTEM32\ntdll.dll
0x00007ff8e87f0000 - 0x00007ff8e88b7000 	C:\WINDOWS\System32\KERNEL32.DLL
0x00007ff8e7310000 - 0x00007ff8e76da000 	C:\WINDOWS\System32\KERNELBASE.dll
0x00007ff8e38b0000 - 0x00007ff8e394c000 	C:\WINDOWS\SYSTEM32\apphelp.dll
0x00007ff8e6d70000 - 0x00007ff8e6ebb000 	C:\WINDOWS\System32\ucrtbase.dll
0x00007ff8e1650000 - 0x00007ff8e1666000 	C:\Users\TIGER\.jdks\openjdk-24\bin\jli.dll
0x00007ff8df820000 - 0x00007ff8df83b000 	C:\Users\TIGER\.jdks\openjdk-24\bin\VCRUNTIME140.dll
0x00007ff8e7f80000 - 0x00007ff8e814c000 	C:\WINDOWS\System32\USER32.dll
0x00007ff8cb3e0000 - 0x00007ff8cb677000 	C:\WINDOWS\WinSxS\amd64_microsoft.windows.common-controls_6595b64144ccf1df_6.0.26100.3624_none_3e086962e3345f24\COMCTL32.dll
0x00007ff8e76e0000 - 0x00007ff8e7707000 	C:\WINDOWS\System32\win32u.dll
0x00007ff8e77a0000 - 0x00007ff8e7849000 	C:\WINDOWS\System32\msvcrt.dll
0x00007ff8e7b60000 - 0x00007ff8e7b8a000 	C:\WINDOWS\System32\GDI32.dll
0x00007ff8e6b80000 - 0x00007ff8e6cb1000 	C:\WINDOWS\System32\gdi32full.dll
0x00007ff8e6cc0000 - 0x00007ff8e6d63000 	C:\WINDOWS\System32\msvcp_win.dll
0x00007ff8e9350000 - 0x00007ff8e937f000 	C:\WINDOWS\System32\IMM32.DLL
0x00007ff8e1640000 - 0x00007ff8e164c000 	C:\Users\TIGER\.jdks\openjdk-24\bin\vcruntime140_1.dll
0x00007ff8c2480000 - 0x00007ff8c250e000 	C:\Users\TIGER\.jdks\openjdk-24\bin\msvcp140.dll
0x00007ff846c30000 - 0x00007ff8479d2000 	C:\Users\TIGER\.jdks\openjdk-24\bin\server\jvm.dll
0x00007ff8e93a0000 - 0x00007ff8e9452000 	C:\WINDOWS\System32\ADVAPI32.dll
0x00007ff8e79e0000 - 0x00007ff8e7a86000 	C:\WINDOWS\System32\sechost.dll
0x00007ff8e78c0000 - 0x00007ff8e79d6000 	C:\WINDOWS\System32\RPCRT4.dll
0x00007ff8e7ae0000 - 0x00007ff8e7b54000 	C:\WINDOWS\System32\WS2_32.dll
0x00007ff8e6810000 - 0x00007ff8e686e000 	C:\WINDOWS\SYSTEM32\POWRPROF.dll
0x00007ff8da000000 - 0x00007ff8da036000 	C:\WINDOWS\SYSTEM32\WINMM.dll
0x00007ff8df710000 - 0x00007ff8df71b000 	C:\WINDOWS\SYSTEM32\VERSION.dll
0x00007ff8e67f0000 - 0x00007ff8e6804000 	C:\WINDOWS\SYSTEM32\UMPDC.dll
0x00007ff8e5990000 - 0x00007ff8e59aa000 	C:\WINDOWS\SYSTEM32\kernel.appcore.dll
0x00007ff8df810000 - 0x00007ff8df81a000 	C:\Users\TIGER\.jdks\openjdk-24\bin\jimage.dll
0x00007ff8e4420000 - 0x00007ff8e4661000 	C:\WINDOWS\SYSTEM32\DBGHELP.DLL
0x00007ff8e9470000 - 0x00007ff8e97f2000 	C:\WINDOWS\System32\combase.dll
0x00007ff8e9270000 - 0x00007ff8e9346000 	C:\WINDOWS\System32\OLEAUT32.dll
0x00007ff884710000 - 0x00007ff884749000 	C:\WINDOWS\SYSTEM32\dbgcore.DLL
0x00007ff8e6f80000 - 0x00007ff8e7019000 	C:\WINDOWS\System32\bcryptPrimitives.dll
0x00007ff8dad60000 - 0x00007ff8dad6f000 	C:\Users\TIGER\.jdks\openjdk-24\bin\instrument.dll
0x00007ff8dad70000 - 0x00007ff8dad8e000 	C:\Users\TIGER\.jdks\openjdk-24\bin\java.dll
0x00007ff8e7b90000 - 0x00007ff8e7d26000 	C:\WINDOWS\System32\ole32.dll
0x00007ff8e8b40000 - 0x00007ff8e9269000 	C:\WINDOWS\System32\SHELL32.dll
0x00007ff8e7020000 - 0x00007ff8e7188000 	C:\WINDOWS\System32\wintypes.dll
0x00007ff8e4860000 - 0x00007ff8e50b2000 	C:\WINDOWS\SYSTEM32\windows.storage.dll
0x00007ff8e9870000 - 0x00007ff8e995d000 	C:\WINDOWS\System32\SHCORE.dll
0x00007ff8e7850000 - 0x00007ff8e78b4000 	C:\WINDOWS\System32\shlwapi.dll
0x00007ff8e6a90000 - 0x00007ff8e6abf000 	C:\WINDOWS\SYSTEM32\profapi.dll
0x00007ff8baeb0000 - 0x00007ff8baf87000 	C:\Users\TIGER\.jdks\openjdk-24\bin\jsvml.dll
0x00007ff8dad50000 - 0x00007ff8dad60000 	C:\Users\TIGER\.jdks\openjdk-24\bin\net.dll
0x00007ff8e5eb0000 - 0x00007ff8e5f1a000 	C:\WINDOWS\system32\mswsock.dll
0x00007ff8dac20000 - 0x00007ff8dac36000 	C:\Users\TIGER\.jdks\openjdk-24\bin\nio.dll
0x00007ff8dac00000 - 0x00007ff8dac17000 	C:\Users\TIGER\.jdks\openjdk-24\bin\zip.dll
0x00007ff8dabf0000 - 0x00007ff8dabf9000 	C:\Users\TIGER\.jdks\openjdk-24\bin\extnet.dll
0x00007ff8e5450000 - 0x00007ff8e5575000 	C:\WINDOWS\SYSTEM32\DNSAPI.dll
0x00007ff8e53c0000 - 0x00007ff8e53f3000 	C:\WINDOWS\SYSTEM32\IPHLPAPI.DLL
0x00007ff8e7f40000 - 0x00007ff8e7f4a000 	C:\WINDOWS\System32\NSI.dll
0x00007ff8da120000 - 0x00007ff8da12b000 	C:\Windows\System32\rasadhlp.dll
0x00007ff8da750000 - 0x00007ff8da7d5000 	C:\WINDOWS\System32\fwpuclnt.dll
0x0000028435670000 - 0x0000028435674000 	C:\Program Files\Java\javafx-sdk-24\bin\api-ms-win-core-console-l1-1-0.dll
0x0000028435690000 - 0x0000028435694000 	C:\Program Files\Java\javafx-sdk-24\bin\api-ms-win-core-console-l1-2-0.dll
0x00000284356a0000 - 0x00000284356a4000 	C:\Program Files\Java\javafx-sdk-24\bin\api-ms-win-core-datetime-l1-1-0.dll
0x00000284356b0000 - 0x00000284356b4000 	C:\Program Files\Java\javafx-sdk-24\bin\api-ms-win-core-debug-l1-1-0.dll
0x00000284356c0000 - 0x00000284356c4000 	C:\Program Files\Java\javafx-sdk-24\bin\api-ms-win-core-errorhandling-l1-1-0.dll
0x00007ff8dabe0000 - 0x00007ff8dabea000 	C:\Users\TIGER\.jdks\openjdk-24\bin\management.dll
0x0000028437700000 - 0x0000028437705000 	C:\Program Files\Java\javafx-sdk-24\bin\api-ms-win-core-file-l1-1-0.dll
0x0000028437710000 - 0x0000028437714000 	C:\Program Files\Java\javafx-sdk-24\bin\api-ms-win-core-file-l1-2-0.dll
0x0000028437720000 - 0x0000028437724000 	C:\Program Files\Java\javafx-sdk-24\bin\api-ms-win-core-file-l2-1-0.dll
0x0000028437730000 - 0x0000028437734000 	C:\Program Files\Java\javafx-sdk-24\bin\api-ms-win-core-handle-l1-1-0.dll
0x0000028437740000 - 0x0000028437744000 	C:\Program Files\Java\javafx-sdk-24\bin\api-ms-win-core-heap-l1-1-0.dll
0x00007ff8dab10000 - 0x00007ff8dab1b000 	C:\Users\TIGER\.jdks\openjdk-24\bin\management_ext.dll
0x00007ff8e9390000 - 0x00007ff8e9398000 	C:\WINDOWS\System32\PSAPI.DLL
0x0000028437750000 - 0x0000028437754000 	C:\Program Files\Java\javafx-sdk-24\bin\api-ms-win-core-interlocked-l1-1-0.dll
0x0000028437760000 - 0x0000028437764000 	C:\Program Files\Java\javafx-sdk-24\bin\api-ms-win-core-libraryloader-l1-1-0.dll
0x0000028437770000 - 0x0000028437774000 	C:\Program Files\Java\javafx-sdk-24\bin\api-ms-win-core-localization-l1-2-0.dll
0x0000028437780000 - 0x0000028437784000 	C:\Program Files\Java\javafx-sdk-24\bin\api-ms-win-core-memory-l1-1-0.dll
0x000002845cf40000 - 0x000002845cf44000 	C:\Program Files\Java\javafx-sdk-24\bin\api-ms-win-core-namedpipe-l1-1-0.dll
0x000002845cf50000 - 0x000002845cf54000 	C:\Program Files\Java\javafx-sdk-24\bin\api-ms-win-core-processenvironment-l1-1-0.dll
0x000002845cf60000 - 0x000002845cf64000 	C:\Program Files\Java\javafx-sdk-24\bin\api-ms-win-core-processthreads-l1-1-0.dll
0x000002845cf70000 - 0x000002845cf74000 	C:\Program Files\Java\javafx-sdk-24\bin\api-ms-win-core-processthreads-l1-1-1.dll
0x000002845cf80000 - 0x000002845cf84000 	C:\Program Files\Java\javafx-sdk-24\bin\api-ms-win-core-profile-l1-1-0.dll
0x000002845cf90000 - 0x000002845cf94000 	C:\Program Files\Java\javafx-sdk-24\bin\api-ms-win-core-rtlsupport-l1-1-0.dll
0x000002845cfa0000 - 0x000002845cfa4000 	C:\Program Files\Java\javafx-sdk-24\bin\api-ms-win-core-string-l1-1-0.dll
0x000002845cfb0000 - 0x000002845cfb4000 	C:\Program Files\Java\javafx-sdk-24\bin\api-ms-win-core-synch-l1-1-0.dll
0x000002845cfc0000 - 0x000002845cfc4000 	C:\Program Files\Java\javafx-sdk-24\bin\api-ms-win-core-synch-l1-2-0.dll
0x000002845cfd0000 - 0x000002845cfd4000 	C:\Program Files\Java\javafx-sdk-24\bin\api-ms-win-core-sysinfo-l1-1-0.dll
0x000002845cfe0000 - 0x000002845cfe4000 	C:\Program Files\Java\javafx-sdk-24\bin\api-ms-win-core-timezone-l1-1-0.dll
0x000002845cff0000 - 0x000002845cff4000 	C:\Program Files\Java\javafx-sdk-24\bin\api-ms-win-core-util-l1-1-0.dll
0x00000284a3420000 - 0x00000284a3424000 	C:\Program Files\Java\javafx-sdk-24\bin\api-ms-win-crt-conio-l1-1-0.dll
0x00000284a3430000 - 0x00000284a3435000 	C:\Program Files\Java\javafx-sdk-24\bin\api-ms-win-crt-convert-l1-1-0.dll
0x00000284a3440000 - 0x00000284a3444000 	C:\Program Files\Java\javafx-sdk-24\bin\api-ms-win-crt-environment-l1-1-0.dll
0x00000284a3450000 - 0x00000284a3454000 	C:\Program Files\Java\javafx-sdk-24\bin\api-ms-win-crt-filesystem-l1-1-0.dll
0x00000284a3460000 - 0x00000284a3464000 	C:\Program Files\Java\javafx-sdk-24\bin\api-ms-win-crt-heap-l1-1-0.dll
0x00000284a3590000 - 0x00000284a3594000 	C:\Program Files\Java\javafx-sdk-24\bin\api-ms-win-crt-locale-l1-1-0.dll
0x00000284a35a0000 - 0x00000284a35a6000 	C:\Program Files\Java\javafx-sdk-24\bin\api-ms-win-crt-math-l1-1-0.dll
0x00000284a35b0000 - 0x00000284a35b6000 	C:\Program Files\Java\javafx-sdk-24\bin\api-ms-win-crt-multibyte-l1-1-0.dll
0x00000284a35c0000 - 0x00000284a35d1000 	C:\Program Files\Java\javafx-sdk-24\bin\api-ms-win-crt-private-l1-1-0.dll
0x00000284a35e0000 - 0x00000284a35e4000 	C:\Program Files\Java\javafx-sdk-24\bin\api-ms-win-crt-process-l1-1-0.dll
0x00000284a35f0000 - 0x00000284a35f5000 	C:\Program Files\Java\javafx-sdk-24\bin\api-ms-win-crt-runtime-l1-1-0.dll
0x00000284a3600000 - 0x00000284a3605000 	C:\Program Files\Java\javafx-sdk-24\bin\api-ms-win-crt-stdio-l1-1-0.dll
0x00000284a3610000 - 0x00000284a3615000 	C:\Program Files\Java\javafx-sdk-24\bin\api-ms-win-crt-string-l1-1-0.dll
0x00000284a3470000 - 0x00000284a3474000 	C:\Program Files\Java\javafx-sdk-24\bin\api-ms-win-crt-time-l1-1-0.dll
0x00000284a3480000 - 0x00000284a3484000 	C:\Program Files\Java\javafx-sdk-24\bin\api-ms-win-crt-utility-l1-1-0.dll
0x00007ff89ea70000 - 0x00007ff89eb81000 	C:\Program Files\Java\javafx-sdk-24\bin\ucrtbase.dll
0x00007ff8d03e0000 - 0x00007ff8d03fb000 	C:\Program Files\Java\javafx-sdk-24\bin\vcruntime140.dll
0x00007ff8daae0000 - 0x00007ff8daaec000 	C:\Program Files\Java\javafx-sdk-24\bin\vcruntime140_1.dll
0x00007ff8c2330000 - 0x00007ff8c23be000 	C:\Program Files\Java\javafx-sdk-24\bin\msvcp140.dll
0x00007ff8cf5d0000 - 0x00007ff8cf5d9000 	C:\Program Files\Java\javafx-sdk-24\bin\msvcp140_1.dll
0x00007ff8cc190000 - 0x00007ff8cc1d1000 	C:\Program Files\Java\javafx-sdk-24\bin\msvcp140_2.dll
0x00007ff8c9bf0000 - 0x00007ff8c9c20000 	C:\Program Files\Java\javafx-sdk-24\bin\prism_d3d.dll
0x00007ff8c09a0000 - 0x00007ff8c0b4c000 	C:\WINDOWS\system32\d3d9.dll
0x00007ff8e3cc0000 - 0x00007ff8e3cf6000 	C:\WINDOWS\SYSTEM32\dwmapi.dll
0x00007ff8e3aa0000 - 0x00007ff8e3ae7000 	C:\WINDOWS\SYSTEM32\dxcore.dll
0x00007ff8e39a0000 - 0x00007ff8e3a4e000 	C:\WINDOWS\system32\uxtheme.dll
0x00007ff8df720000 - 0x00007ff8df7e2000 	C:\WINDOWS\System32\DriverStore\FileRepository\nv_dispi.inf_amd64_9d15b9aa9e1c885b\nvldumdx.dll
0x00007ff8e61c0000 - 0x00007ff8e61d3000 	C:\WINDOWS\SYSTEM32\msasn1.dll
0x00007ff8df1a0000 - 0x00007ff8df1db000 	C:\WINDOWS\SYSTEM32\cryptnet.dll
0x00007ff8e7190000 - 0x00007ff8e7307000 	C:\WINDOWS\System32\CRYPT32.dll
0x00007ff8e6170000 - 0x00007ff8e617c000 	C:\WINDOWS\SYSTEM32\cryptbase.dll
0x00007ff8e6230000 - 0x00007ff8e628d000 	C:\WINDOWS\SYSTEM32\wldp.dll
0x00007ff8dee00000 - 0x00007ff8def7c000 	C:\WINDOWS\SYSTEM32\drvstore.dll
0x00007ff8e6720000 - 0x00007ff8e674d000 	C:\WINDOWS\SYSTEM32\devobj.dll
0x00007ff8e6750000 - 0x00007ff8e67af000 	C:\WINDOWS\SYSTEM32\cfgmgr32.dll
0x00007ff8e7710000 - 0x00007ff8e778f000 	C:\WINDOWS\System32\wintrust.dll
0x00007ff8e7f50000 - 0x00007ff8e7f70000 	C:\WINDOWS\System32\imagehlp.dll
0x00007ff8e6150000 - 0x00007ff8e616c000 	C:\WINDOWS\SYSTEM32\CRYPTSP.dll
0x00007ff8e58f0000 - 0x00007ff8e592a000 	C:\WINDOWS\system32\rsaenh.dll
0x00007ff8e6a60000 - 0x00007ff8e6a86000 	C:\WINDOWS\SYSTEM32\bcrypt.dll
0x00007ff8daf70000 - 0x00007ff8de70a000 	C:\WINDOWS\System32\DriverStore\FileRepository\nv_dispi.inf_amd64_9d15b9aa9e1c885b\nvgpucomp64.dll
0x00007ff8e5f50000 - 0x00007ff8e5f7b000 	C:\WINDOWS\SYSTEM32\USERENV.dll
0x00007ff8da040000 - 0x00007ff8da117000 	C:\WINDOWS\System32\DriverStore\FileRepository\nv_dispi.inf_amd64_9d15b9aa9e1c885b\NvMemMapStoragex.dll
0x00007ff8b5650000 - 0x00007ff8b5668000 	C:\WINDOWS\system32\napinsp.dll
0x00007ff8b52d0000 - 0x00007ff8b52e2000 	C:\WINDOWS\System32\winrnr.dll

dbghelp: loaded successfully - version: 4.0.5 - missing functions: none
symbol engine: initialized successfully - sym options: 0x614 - pdb path: .;C:\Users\TIGER\.jdks\openjdk-24\bin;C:\WINDOWS\SYSTEM32;C:\WINDOWS\WinSxS\amd64_microsoft.windows.common-controls_6595b64144ccf1df_6.0.26100.3624_none_3e086962e3345f24;C:\Users\TIGER\.jdks\openjdk-24\bin\server;C:\Program Files\Java\javafx-sdk-24\bin;C:\WINDOWS\System32\DriverStore\FileRepository\nv_dispi.inf_amd64_9d15b9aa9e1c885b;C:\Program Files\Common Files\Microsoft Shared\Ink;C:\Users\TIGER\AppData\Local\Temp\idea_libasyncProfiler_dll_temp_folder

VM Arguments:
jvm_args: --module-path=C:\Program Files\Java\javafx-sdk-24\lib --add-modules=javafx.controls,javafx.fxml --enable-native-access=javafx.graphics --enable-native-access=ALL-UNNAMED -javaagent:C:\Program Files\JetBrains\IntelliJ IDEA 2025.1\lib\idea_rt.jar=50756 -Dfile.encoding=UTF-8 -Dsun.stdout.encoding=UTF-8 -Dsun.stderr.encoding=UTF-8 
java_command: edu.westfieldstate.eticketmanager.core.MainApplication
java_class_path (initial): C:\Users\TIGER\OneDrive\Desktop\SE_Final-Project_Event-Booking-System\out\production\test;C:\Program Files\Java\javafx-sdk-24\lib\javafx-swt.jar;C:\Program Files\Java\javafx-sdk-24\lib\javafx.web.jar;C:\Program Files\Java\javafx-sdk-24\lib\javafx.base.jar;C:\Program Files\Java\javafx-sdk-24\lib\javafx.fxml.jar;C:\Program Files\Java\javafx-sdk-24\lib\javafx.media.jar;C:\Program Files\Java\javafx-sdk-24\lib\javafx.swing.jar;C:\Program Files\Java\javafx-sdk-24\lib\jdk.jsobject.jar;C:\Program Files\Java\javafx-sdk-24\lib\javafx.controls.jar;C:\Program Files\Java\javafx-sdk-24\lib\javafx.graphics.jar;C:\Program Files\Java\javafx-sdk-24\lib\jfx.incubator.input.jar;C:\Program Files\Java\javafx-sdk-24\lib\jfx.incubator.richtext.jar;C:\Users\TIGER\OneDrive\Desktop\SE_Final-Project_Event-Booking-System\lib\mysql-connector-j-9.2.0.jar;C:\Users\TIGER\OneDrive\Desktop\SE_Final-Project_Event-Booking-System\lib\jbcrypt-0.4.jar
Launcher Type: SUN_STANDARD

[Global flags]
     intx CICompilerCount                          = 4                                         {product} {ergonomic}
     uint ConcGCThreads                            = 3                                         {product} {ergonomic}
     bool FlightRecorder                           = true                                      {product} {management}
     uint G1ConcRefinementThreads                  = 10                                        {product} {ergonomic}
   size_t G1HeapRegionSize                         = 4194304                                   {product} {ergonomic}
   size_t InitialHeapSize                          = 536870912                                 {product} {ergonomic}
   size_t MarkStackSize                            = 4194304                                   {product} {ergonomic}
   size_t MarkStackSizeMax                         = 536870912                                 {product} {ergonomic}
   size_t MaxHeapSize                              = 8573157376                                {product} {ergonomic}
   size_t MaxNewSize                               = 5142216704                                {product} {ergonomic}
   size_t MinHeapDeltaBytes                        = 4194304                                   {product} {ergonomic}
   size_t MinHeapSize                              = 8388608                                   {product} {ergonomic}
    uintx NonNMethodCodeHeapSize                   = 5832704                                {pd product} {ergonomic}
    uintx NonProfiledCodeHeapSize                  = 122945536                              {pd product} {ergonomic}
    uintx ProfiledCodeHeapSize                     = 122880000                              {pd product} {ergonomic}
    uintx ReservedCodeCacheSize                    = 251658240                              {pd product} {ergonomic}
     bool SegmentedCodeCache                       = true                                      {product} {ergonomic}
   size_t SoftMaxHeapSize                          = 8573157376                             {manageable} {ergonomic}
     bool UseCompressedOops                        = true                           {product lp64_product} {ergonomic}
     bool UseG1GC                                  = true                                      {product} {ergonomic}
     bool UseLargePagesIndividualAllocation        = false                                  {pd product} {ergonomic}

Logging:
Log output configuration:
 #0: stdout all=warning uptime,level,tags foldmultilines=false
 #1: stderr all=off uptime,level,tags foldmultilines=false

Environment Variables:
PATH=C:\Program Files\Common Files\Oracle\Java\javapath;C:\Program Files (x86)\Common Files\Oracle\Java\java8path;C:\Program Files (x86)\Common Files\Oracle\Java\javapath;C:\Program Files\Eclipse Adoptium\jdk-11.0.17.8-hotspot\bin;C:\Windows\system32;C:\Windows;C:\Windows\System32\Wbem;C:\Windows\System32\WindowsPowerShell\v1.0\;C:\Windows\System32\OpenSSH\;C:\Program Files (x86)\NVIDIA Corporation\PhysX\Common;C:\WINDOWS\system32;C:\WINDOWS;C:\WINDOWS\System32\Wbem;C:\WINDOWS\System32\WindowsPowerShell\v1.0\;C:\WINDOWS\System32\OpenSSH\;C:\Program Files\dotnet\;C:\Program Files (x86)\Windows Kits\10\Windows Performance Toolkit\;C:\Program Files\Git\cmd;C:\Program Files\NVIDIA Corporation\NVIDIA app\NvDLISR;C:\Users\TIGER\AppData\Local\Microsoft\WindowsApps;C:\Users\TIGER\AppData\Local\Programs\Microsoft VS Code\bin;C:\Users\TIGER\AppData\Local\GitHubDesktop\bin;C:\ghcup\bin;C:\msys64\ucrt64\bin;
USERNAME=TIGER
OS=Windows_NT
PROCESSOR_IDENTIFIER=AMD64 Family 25 Model 33 Stepping 0, AuthenticAMD
TMP=C:\Users\TIGER\AppData\Local\Temp
TEMP=C:\Users\TIGER\AppData\Local\Temp




Periodic native trim disabled

---------------  S Y S T E M  ---------------

OS:
 Windows 11 , 64 bit Build 26100 (10.0.26100.3775)
OS uptime: 0 days 0:57 hours

CPU: total 12 (initial active 12) (12 cores per cpu, 2 threads per core) family 25 model 33 stepping 0 microcode 0xa201016, cx8, cmov, fxsr, ht, mmx, 3dnowpref, sse, sse2, sse3, ssse3, sse4a, sse4.1, sse4.2, popcnt, lzcnt, tsc, tscinvbit, avx, avx2, aes, erms, clmul, bmi1, bmi2, adx, sha, fma, vzeroupper, clflush, clflushopt, rdtscp, rdpid, fsrm, f16c, pku, cet_ss
Processor Information for the first 12 processors :
  Max Mhz: 3701, Current Mhz: 3701, Mhz Limit: 3701

Memory: 4k page, system-wide physical 32694M (22338M free)
TotalPageFile size 34742M (AvailPageFile size 22200M)
current process WorkingSet (physical memory assigned to process): 200M, peak: 201M
current process commit charge ("private bytes"): 752M, peak: 756M

vm_info: OpenJDK 64-Bit Server VM (24+36-3646) for windows-amd64 JRE (24+36-3646), built on 2025-02-06T00:20:43Z with MS VC++ 17.6 (VS2022)

END.
